11:49:07.474 [main] INFO  c.rocki.Application - [logStarting,50] - Starting Application on ShidiandeMac-mini.local with PID 68542 (/Users/ann/Desktop/Work/PZKJ/rocki/rocki-backend-server/rocki-app/target/classes started by ann in /Users/ann/Desktop/Work/PZKJ/rocki/rocki-backend-server)
11:49:07.481 [main] INFO  c.rocki.Application - [logStartupProfileInfo,679] - The following profiles are active: dev
11:49:11.719 [main] INFO  o.a.c.h.Http11NioProtocol - [log,173] - Initializing ProtocolHandler ["http-nio-8081"]
11:49:11.727 [main] INFO  o.a.c.c.StandardService - [log,173] - Starting service [Tomcat]
11:49:11.727 [main] INFO  o.a.c.c.StandardEngine - [log,173] - Starting Servlet engine: [Apache Tomcat/9.0.19]
11:49:11.918 [main] INFO  o.a.c.c.C.[.[.[/] - [log,173] - Initializing Spring embedded WebApplicationContext
11:49:12.894 [main] INFO  o.m.driver.cluster - [info,71] - Cluster created with settings {hosts=[localhost:27017], mode=SINGLE, requiredClusterType=UNKNOWN, serverSelectionTimeout='30000 ms', maxWaitQueueSize=500}
11:49:12.930 [cluster-ClusterId{value='60ee5eb8edd25e0bbea34f24', description='null'}-localhost:27017] INFO  o.m.driver.cluster - [info,76] - Exception in monitor thread while connecting to server localhost:27017
com.mongodb.MongoSocketOpenException: Exception opening socket
	at com.mongodb.internal.connection.SocketStream.open(SocketStream.java:67)
	at com.mongodb.internal.connection.InternalStreamConnection.open(InternalStreamConnection.java:126)
	at com.mongodb.internal.connection.DefaultServerMonitor$ServerMonitorRunnable.run(DefaultServerMonitor.java:117)
	at java.lang.Thread.run(Thread.java:748)
Caused by: java.net.ConnectException: Connection refused (Connection refused)
	at java.net.PlainSocketImpl.socketConnect(Native Method)
	at java.net.AbstractPlainSocketImpl.doConnect(AbstractPlainSocketImpl.java:350)
	at java.net.AbstractPlainSocketImpl.connectToAddress(AbstractPlainSocketImpl.java:206)
	at java.net.AbstractPlainSocketImpl.connect(AbstractPlainSocketImpl.java:188)
	at java.net.SocksSocketImpl.connect(SocksSocketImpl.java:392)
	at java.net.Socket.connect(Socket.java:606)
	at com.mongodb.internal.connection.SocketStreamHelper.initialize(SocketStreamHelper.java:64)
	at com.mongodb.internal.connection.SocketStream.open(SocketStream.java:62)
	... 3 common frames omitted
11:49:16.404 [main] INFO  c.a.d.p.DruidDataSource - [init,991] - {dataSource-1} inited
11:49:16.636 [main] INFO  i.l.c.EpollProvider - [<clinit>,68] - Starting without optional epoll library
11:49:17.041 [main] INFO  i.l.c.KqueueProvider - [<clinit>,66] - Starting with kqueue library
11:49:17.433 [main] INFO  org.redisson.Version - [logVersion,41] - Redisson 3.9.1
11:49:17.618 [redisson-netty-5-10] INFO  o.r.c.p.MasterConnectionPool - [operationComplete,168] - 32 connections initialized for 127.0.0.1/127.0.0.1:6379
11:49:17.618 [redisson-netty-5-4] INFO  o.r.c.p.MasterPubSubConnectionPool - [operationComplete,168] - 1 connections initialized for 127.0.0.1/127.0.0.1:6379
11:49:19.751 [main] INFO  s.d.s.w.PropertySourcedRequestMappingHandlerMapping - [initHandlerMethods,69] - Mapped URL path [/v2/api-docs] onto method [public org.springframework.http.ResponseEntity<springfox.documentation.spring.web.json.Json> springfox.documentation.swagger2.web.Swagger2Controller.getDocumentation(java.lang.String,javax.servlet.http.HttpServletRequest)]
11:49:21.011 [main] INFO  s.d.s.w.p.DocumentationPluginsBootstrapper - [start,160] - Context refreshed
11:49:21.028 [main] INFO  s.d.s.w.p.DocumentationPluginsBootstrapper - [start,163] - Found 1 custom documentation plugin(s)
11:49:21.074 [main] INFO  s.d.s.w.s.ApiListingReferenceScanner - [scan,41] - Scanning for api listing references
11:49:21.247 [main] INFO  s.d.s.w.r.o.CachingOperationNameGenerator - [startingWith,40] - Generating unique operation named: playTrackUsingGET_1
11:49:21.260 [main] INFO  s.d.s.w.r.o.CachingOperationNameGenerator - [startingWith,40] - Generating unique operation named: detailUsingGET_1
11:49:21.267 [main] INFO  s.d.s.w.r.o.CachingOperationNameGenerator - [startingWith,40] - Generating unique operation named: detailUsingGET_2
11:49:21.268 [main] INFO  s.d.s.w.r.o.CachingOperationNameGenerator - [startingWith,40] - Generating unique operation named: listByAddressUsingGET_1
11:49:21.308 [main] INFO  s.d.s.w.r.o.CachingOperationNameGenerator - [startingWith,40] - Generating unique operation named: listForPlaylistUsingGET_1
11:49:21.334 [main] INFO  o.a.c.h.Http11NioProtocol - [log,173] - Starting ProtocolHandler ["http-nio-8081"]
11:49:21.355 [main] INFO  c.rocki.Application - [logStarted,59] - Started Application in 14.573 seconds (JVM running for 16.068)
11:49:21.790 [RMI TCP Connection(1)-127.0.0.1] INFO  o.a.c.c.C.[.[.[/] - [log,173] - Initializing Spring DispatcherServlet 'dispatcherServlet'
11:49:21.801 [RMI TCP Connection(2)-127.0.0.1] INFO  o.m.driver.cluster - [info,71] - Cluster description not yet available. Waiting for 30000 ms before timing out
15:04:59.396 [Thread-34] INFO  sys-user - [shutdownAsyncManager,31] - ====关闭后台任务任务线程池====
15:04:59.884 [Thread-34] INFO  c.a.d.p.DruidDataSource - [close,1928] - {dataSource-1} closed
15:05:08.216 [main] INFO  c.rocki.Application - [logStarting,50] - Starting Application on ShidiandeMac-mini.local with PID 73716 (/Users/ann/Desktop/Work/PZKJ/rocki/rocki-backend-server/rocki-app/target/classes started by ann in /Users/ann/Desktop/Work/PZKJ/rocki/rocki-backend-server)
15:05:08.218 [main] INFO  c.rocki.Application - [logStartupProfileInfo,679] - The following profiles are active: dev
15:05:11.919 [main] INFO  o.a.c.h.Http11NioProtocol - [log,173] - Initializing ProtocolHandler ["http-nio-8081"]
15:05:11.927 [main] INFO  o.a.c.c.StandardService - [log,173] - Starting service [Tomcat]
15:05:11.927 [main] INFO  o.a.c.c.StandardEngine - [log,173] - Starting Servlet engine: [Apache Tomcat/9.0.19]
15:05:12.095 [main] INFO  o.a.c.c.C.[.[.[/] - [log,173] - Initializing Spring embedded WebApplicationContext
15:05:13.017 [main] INFO  o.m.driver.cluster - [info,71] - Cluster created with settings {hosts=[localhost:27017], mode=SINGLE, requiredClusterType=UNKNOWN, serverSelectionTimeout='30000 ms', maxWaitQueueSize=500}
15:05:13.058 [cluster-ClusterId{value='60ee8ca9edd25e1ff4babc70', description='null'}-localhost:27017] INFO  o.m.driver.cluster - [info,76] - Exception in monitor thread while connecting to server localhost:27017
com.mongodb.MongoSocketOpenException: Exception opening socket
	at com.mongodb.internal.connection.SocketStream.open(SocketStream.java:67)
	at com.mongodb.internal.connection.InternalStreamConnection.open(InternalStreamConnection.java:126)
	at com.mongodb.internal.connection.DefaultServerMonitor$ServerMonitorRunnable.run(DefaultServerMonitor.java:117)
	at java.lang.Thread.run(Thread.java:748)
Caused by: java.net.ConnectException: Connection refused (Connection refused)
	at java.net.PlainSocketImpl.socketConnect(Native Method)
	at java.net.AbstractPlainSocketImpl.doConnect(AbstractPlainSocketImpl.java:350)
	at java.net.AbstractPlainSocketImpl.connectToAddress(AbstractPlainSocketImpl.java:206)
	at java.net.AbstractPlainSocketImpl.connect(AbstractPlainSocketImpl.java:188)
	at java.net.SocksSocketImpl.connect(SocksSocketImpl.java:392)
	at java.net.Socket.connect(Socket.java:606)
	at com.mongodb.internal.connection.SocketStreamHelper.initialize(SocketStreamHelper.java:64)
	at com.mongodb.internal.connection.SocketStream.open(SocketStream.java:62)
	... 3 common frames omitted
15:05:15.193 [main] INFO  o.a.c.c.StandardService - [log,173] - Stopping service [Tomcat]
15:07:28.981 [main] INFO  c.rocki.Application - [logStarting,50] - Starting Application on ShidiandeMac-mini.local with PID 73791 (/Users/ann/Desktop/Work/PZKJ/rocki/rocki-backend-server/rocki-app/target/classes started by ann in /Users/ann/Desktop/Work/PZKJ/rocki/rocki-backend-server)
15:07:28.983 [main] INFO  c.rocki.Application - [logStartupProfileInfo,679] - The following profiles are active: dev
15:07:32.461 [main] INFO  o.a.c.h.Http11NioProtocol - [log,173] - Initializing ProtocolHandler ["http-nio-8081"]
15:07:32.468 [main] INFO  o.a.c.c.StandardService - [log,173] - Starting service [Tomcat]
15:07:32.469 [main] INFO  o.a.c.c.StandardEngine - [log,173] - Starting Servlet engine: [Apache Tomcat/9.0.19]
15:07:32.596 [main] INFO  o.a.c.c.C.[.[.[/] - [log,173] - Initializing Spring embedded WebApplicationContext
15:07:33.306 [main] INFO  o.m.driver.cluster - [info,71] - Cluster created with settings {hosts=[localhost:27017], mode=SINGLE, requiredClusterType=UNKNOWN, serverSelectionTimeout='30000 ms', maxWaitQueueSize=500}
15:07:33.335 [cluster-ClusterId{value='60ee8d35edd25e203f22c0bd', description='null'}-localhost:27017] INFO  o.m.driver.cluster - [info,76] - Exception in monitor thread while connecting to server localhost:27017
com.mongodb.MongoSocketOpenException: Exception opening socket
	at com.mongodb.internal.connection.SocketStream.open(SocketStream.java:67)
	at com.mongodb.internal.connection.InternalStreamConnection.open(InternalStreamConnection.java:126)
	at com.mongodb.internal.connection.DefaultServerMonitor$ServerMonitorRunnable.run(DefaultServerMonitor.java:117)
	at java.lang.Thread.run(Thread.java:748)
Caused by: java.net.ConnectException: Connection refused (Connection refused)
	at java.net.PlainSocketImpl.socketConnect(Native Method)
	at java.net.AbstractPlainSocketImpl.doConnect(AbstractPlainSocketImpl.java:350)
	at java.net.AbstractPlainSocketImpl.connectToAddress(AbstractPlainSocketImpl.java:206)
	at java.net.AbstractPlainSocketImpl.connect(AbstractPlainSocketImpl.java:188)
	at java.net.SocksSocketImpl.connect(SocksSocketImpl.java:392)
	at java.net.Socket.connect(Socket.java:606)
	at com.mongodb.internal.connection.SocketStreamHelper.initialize(SocketStreamHelper.java:64)
	at com.mongodb.internal.connection.SocketStream.open(SocketStream.java:62)
	... 3 common frames omitted
15:07:36.042 [main] INFO  c.a.d.p.DruidDataSource - [init,991] - {dataSource-1} inited
15:07:36.307 [main] INFO  i.l.c.EpollProvider - [<clinit>,68] - Starting without optional epoll library
15:07:36.748 [main] INFO  i.l.c.KqueueProvider - [<clinit>,66] - Starting with kqueue library
15:07:37.127 [main] INFO  org.redisson.Version - [logVersion,41] - Redisson 3.9.1
15:07:37.298 [redisson-netty-5-3] INFO  o.r.c.p.MasterConnectionPool - [operationComplete,168] - 32 connections initialized for 127.0.0.1/127.0.0.1:6379
15:07:37.299 [redisson-netty-5-4] INFO  o.r.c.p.MasterPubSubConnectionPool - [operationComplete,168] - 1 connections initialized for 127.0.0.1/127.0.0.1:6379
15:07:39.271 [main] INFO  s.d.s.w.PropertySourcedRequestMappingHandlerMapping - [initHandlerMethods,69] - Mapped URL path [/v2/api-docs] onto method [public org.springframework.http.ResponseEntity<springfox.documentation.spring.web.json.Json> springfox.documentation.swagger2.web.Swagger2Controller.getDocumentation(java.lang.String,javax.servlet.http.HttpServletRequest)]
15:07:40.318 [main] INFO  s.d.s.w.p.DocumentationPluginsBootstrapper - [start,160] - Context refreshed
15:07:40.329 [main] INFO  s.d.s.w.p.DocumentationPluginsBootstrapper - [start,163] - Found 1 custom documentation plugin(s)
15:07:40.360 [main] INFO  s.d.s.w.s.ApiListingReferenceScanner - [scan,41] - Scanning for api listing references
15:07:40.520 [main] INFO  s.d.s.w.r.o.CachingOperationNameGenerator - [startingWith,40] - Generating unique operation named: playTrackUsingGET_1
15:07:40.534 [main] INFO  s.d.s.w.r.o.CachingOperationNameGenerator - [startingWith,40] - Generating unique operation named: detailUsingGET_1
15:07:40.541 [main] INFO  s.d.s.w.r.o.CachingOperationNameGenerator - [startingWith,40] - Generating unique operation named: detailUsingGET_2
15:07:40.542 [main] INFO  s.d.s.w.r.o.CachingOperationNameGenerator - [startingWith,40] - Generating unique operation named: listByAddressUsingGET_1
15:07:40.578 [main] INFO  s.d.s.w.r.o.CachingOperationNameGenerator - [startingWith,40] - Generating unique operation named: listForPlaylistUsingGET_1
15:07:40.602 [main] INFO  o.a.c.h.Http11NioProtocol - [log,173] - Starting ProtocolHandler ["http-nio-8081"]
15:07:40.620 [main] INFO  c.rocki.Application - [logStarted,59] - Started Application in 11.997 seconds (JVM running for 13.288)
15:07:41.106 [RMI TCP Connection(3)-127.0.0.1] INFO  o.a.c.c.C.[.[.[/] - [log,173] - Initializing Spring DispatcherServlet 'dispatcherServlet'
15:07:41.119 [RMI TCP Connection(2)-127.0.0.1] INFO  o.m.driver.cluster - [info,71] - Cluster description not yet available. Waiting for 30000 ms before timing out
15:13:06.064 [Thread-31] INFO  sys-user - [shutdownAsyncManager,31] - ====关闭后台任务任务线程池====
15:13:06.134 [Thread-31] INFO  c.a.d.p.DruidDataSource - [close,1928] - {dataSource-1} closed
15:13:33.549 [main] INFO  c.rocki.Application - [logStarting,50] - Starting Application on ShidiandeMac-mini.local with PID 73971 (/Users/ann/Desktop/Work/PZKJ/rocki/rocki-backend-server/rocki-app/target/classes started by ann in /Users/ann/Desktop/Work/PZKJ/rocki/rocki-backend-server)
15:13:33.552 [main] INFO  c.rocki.Application - [logStartupProfileInfo,679] - The following profiles are active: dev
15:13:36.573 [main] INFO  o.a.c.h.Http11NioProtocol - [log,173] - Initializing ProtocolHandler ["http-nio-8081"]
15:13:36.580 [main] INFO  o.a.c.c.StandardService - [log,173] - Starting service [Tomcat]
15:13:36.581 [main] INFO  o.a.c.c.StandardEngine - [log,173] - Starting Servlet engine: [Apache Tomcat/9.0.19]
15:13:36.699 [main] INFO  o.a.c.c.C.[.[.[/] - [log,173] - Initializing Spring embedded WebApplicationContext
15:13:37.410 [main] INFO  o.m.driver.cluster - [info,71] - Cluster created with settings {hosts=[localhost:27017], mode=SINGLE, requiredClusterType=UNKNOWN, serverSelectionTimeout='30000 ms', maxWaitQueueSize=500}
15:13:37.440 [cluster-ClusterId{value='60ee8ea1edd25e20f3e20010', description='null'}-localhost:27017] INFO  o.m.driver.cluster - [info,76] - Exception in monitor thread while connecting to server localhost:27017
com.mongodb.MongoSocketOpenException: Exception opening socket
	at com.mongodb.internal.connection.SocketStream.open(SocketStream.java:67)
	at com.mongodb.internal.connection.InternalStreamConnection.open(InternalStreamConnection.java:126)
	at com.mongodb.internal.connection.DefaultServerMonitor$ServerMonitorRunnable.run(DefaultServerMonitor.java:117)
	at java.lang.Thread.run(Thread.java:748)
Caused by: java.net.ConnectException: Connection refused (Connection refused)
	at java.net.PlainSocketImpl.socketConnect(Native Method)
	at java.net.AbstractPlainSocketImpl.doConnect(AbstractPlainSocketImpl.java:350)
	at java.net.AbstractPlainSocketImpl.connectToAddress(AbstractPlainSocketImpl.java:206)
	at java.net.AbstractPlainSocketImpl.connect(AbstractPlainSocketImpl.java:188)
	at java.net.SocksSocketImpl.connect(SocksSocketImpl.java:392)
	at java.net.Socket.connect(Socket.java:606)
	at com.mongodb.internal.connection.SocketStreamHelper.initialize(SocketStreamHelper.java:64)
	at com.mongodb.internal.connection.SocketStream.open(SocketStream.java:62)
	... 3 common frames omitted
15:13:40.049 [main] INFO  c.a.d.p.DruidDataSource - [init,991] - {dataSource-1} inited
15:13:40.276 [main] INFO  i.l.c.EpollProvider - [<clinit>,68] - Starting without optional epoll library
15:13:40.710 [main] INFO  i.l.c.KqueueProvider - [<clinit>,66] - Starting with kqueue library
15:13:41.063 [main] INFO  org.redisson.Version - [logVersion,41] - Redisson 3.9.1
15:13:41.237 [redisson-netty-5-1] INFO  o.r.c.p.MasterPubSubConnectionPool - [operationComplete,168] - 1 connections initialized for 127.0.0.1/127.0.0.1:6379
15:13:41.238 [redisson-netty-5-4] INFO  o.r.c.p.MasterConnectionPool - [operationComplete,168] - 32 connections initialized for 127.0.0.1/127.0.0.1:6379
15:13:43.339 [main] INFO  s.d.s.w.PropertySourcedRequestMappingHandlerMapping - [initHandlerMethods,69] - Mapped URL path [/v2/api-docs] onto method [public org.springframework.http.ResponseEntity<springfox.documentation.spring.web.json.Json> springfox.documentation.swagger2.web.Swagger2Controller.getDocumentation(java.lang.String,javax.servlet.http.HttpServletRequest)]
15:13:44.400 [main] INFO  s.d.s.w.p.DocumentationPluginsBootstrapper - [start,160] - Context refreshed
15:13:44.412 [main] INFO  s.d.s.w.p.DocumentationPluginsBootstrapper - [start,163] - Found 1 custom documentation plugin(s)
15:13:44.441 [main] INFO  s.d.s.w.s.ApiListingReferenceScanner - [scan,41] - Scanning for api listing references
15:13:44.603 [main] INFO  s.d.s.w.r.o.CachingOperationNameGenerator - [startingWith,40] - Generating unique operation named: playTrackUsingGET_1
15:13:44.615 [main] INFO  s.d.s.w.r.o.CachingOperationNameGenerator - [startingWith,40] - Generating unique operation named: detailUsingGET_1
15:13:44.628 [main] INFO  s.d.s.w.r.o.CachingOperationNameGenerator - [startingWith,40] - Generating unique operation named: detailUsingGET_2
15:13:44.629 [main] INFO  s.d.s.w.r.o.CachingOperationNameGenerator - [startingWith,40] - Generating unique operation named: listByAddressUsingGET_1
15:13:44.666 [main] INFO  s.d.s.w.r.o.CachingOperationNameGenerator - [startingWith,40] - Generating unique operation named: listForPlaylistUsingGET_1
15:13:44.692 [main] INFO  o.a.c.h.Http11NioProtocol - [log,173] - Starting ProtocolHandler ["http-nio-8081"]
15:13:44.712 [main] INFO  c.rocki.Application - [logStarted,59] - Started Application in 11.558 seconds (JVM running for 12.59)
15:13:44.957 [RMI TCP Connection(2)-127.0.0.1] INFO  o.a.c.c.C.[.[.[/] - [log,173] - Initializing Spring DispatcherServlet 'dispatcherServlet'
15:13:44.970 [RMI TCP Connection(1)-127.0.0.1] INFO  o.m.driver.cluster - [info,71] - Cluster description not yet available. Waiting for 30000 ms before timing out
15:50:08.867 [Thread-29] INFO  sys-user - [shutdownAsyncManager,31] - ====关闭后台任务任务线程池====
15:50:08.966 [Thread-29] INFO  c.a.d.p.DruidDataSource - [close,1928] - {dataSource-1} closed
15:50:12.600 [main] INFO  c.rocki.Application - [logStarting,50] - Starting Application on ShidiandeMac-mini.local with PID 79763 (/Users/ann/Desktop/Work/PZKJ/rocki/rocki-backend-server/rocki-app/target/classes started by ann in /Users/ann/Desktop/Work/PZKJ/rocki/rocki-backend-server)
15:50:12.602 [main] INFO  c.rocki.Application - [logStartupProfileInfo,679] - The following profiles are active: dev
15:50:15.395 [main] INFO  o.a.c.h.Http11NioProtocol - [log,173] - Initializing ProtocolHandler ["http-nio-8081"]
15:50:15.404 [main] INFO  o.a.c.c.StandardService - [log,173] - Starting service [Tomcat]
15:50:15.404 [main] INFO  o.a.c.c.StandardEngine - [log,173] - Starting Servlet engine: [Apache Tomcat/9.0.19]
15:50:15.512 [main] INFO  o.a.c.c.C.[.[.[/] - [log,173] - Initializing Spring embedded WebApplicationContext
15:50:16.247 [main] INFO  o.m.driver.cluster - [info,71] - Cluster created with settings {hosts=[localhost:27017], mode=SINGLE, requiredClusterType=UNKNOWN, serverSelectionTimeout='30000 ms', maxWaitQueueSize=500}
15:50:16.274 [cluster-ClusterId{value='60ee9738edd25e379372216e', description='null'}-localhost:27017] INFO  o.m.driver.cluster - [info,76] - Exception in monitor thread while connecting to server localhost:27017
com.mongodb.MongoSocketOpenException: Exception opening socket
	at com.mongodb.internal.connection.SocketStream.open(SocketStream.java:67)
	at com.mongodb.internal.connection.InternalStreamConnection.open(InternalStreamConnection.java:126)
	at com.mongodb.internal.connection.DefaultServerMonitor$ServerMonitorRunnable.run(DefaultServerMonitor.java:117)
	at java.lang.Thread.run(Thread.java:748)
Caused by: java.net.ConnectException: Connection refused (Connection refused)
	at java.net.PlainSocketImpl.socketConnect(Native Method)
	at java.net.AbstractPlainSocketImpl.doConnect(AbstractPlainSocketImpl.java:350)
	at java.net.AbstractPlainSocketImpl.connectToAddress(AbstractPlainSocketImpl.java:206)
	at java.net.AbstractPlainSocketImpl.connect(AbstractPlainSocketImpl.java:188)
	at java.net.SocksSocketImpl.connect(SocksSocketImpl.java:392)
	at java.net.Socket.connect(Socket.java:606)
	at com.mongodb.internal.connection.SocketStreamHelper.initialize(SocketStreamHelper.java:64)
	at com.mongodb.internal.connection.SocketStream.open(SocketStream.java:62)
	... 3 common frames omitted
15:50:18.878 [main] INFO  c.a.d.p.DruidDataSource - [init,991] - {dataSource-1} inited
15:50:19.061 [main] INFO  i.l.c.EpollProvider - [<clinit>,68] - Starting without optional epoll library
15:50:19.532 [main] INFO  i.l.c.KqueueProvider - [<clinit>,66] - Starting with kqueue library
15:50:19.929 [main] INFO  org.redisson.Version - [logVersion,41] - Redisson 3.9.1
15:50:20.094 [redisson-netty-5-4] INFO  o.r.c.p.MasterPubSubConnectionPool - [operationComplete,168] - 1 connections initialized for 127.0.0.1/127.0.0.1:6379
15:50:20.094 [redisson-netty-5-3] INFO  o.r.c.p.MasterConnectionPool - [operationComplete,168] - 32 connections initialized for 127.0.0.1/127.0.0.1:6379
15:50:22.275 [main] INFO  s.d.s.w.PropertySourcedRequestMappingHandlerMapping - [initHandlerMethods,69] - Mapped URL path [/v2/api-docs] onto method [public org.springframework.http.ResponseEntity<springfox.documentation.spring.web.json.Json> springfox.documentation.swagger2.web.Swagger2Controller.getDocumentation(java.lang.String,javax.servlet.http.HttpServletRequest)]
15:50:23.290 [main] INFO  s.d.s.w.p.DocumentationPluginsBootstrapper - [start,160] - Context refreshed
15:50:23.299 [main] INFO  s.d.s.w.p.DocumentationPluginsBootstrapper - [start,163] - Found 1 custom documentation plugin(s)
15:50:23.335 [main] INFO  s.d.s.w.s.ApiListingReferenceScanner - [scan,41] - Scanning for api listing references
15:50:23.495 [main] INFO  s.d.s.w.r.o.CachingOperationNameGenerator - [startingWith,40] - Generating unique operation named: playTrackUsingGET_1
15:50:23.510 [main] INFO  s.d.s.w.r.o.CachingOperationNameGenerator - [startingWith,40] - Generating unique operation named: detailUsingGET_1
15:50:23.521 [main] INFO  s.d.s.w.r.o.CachingOperationNameGenerator - [startingWith,40] - Generating unique operation named: detailUsingGET_2
15:50:23.522 [main] INFO  s.d.s.w.r.o.CachingOperationNameGenerator - [startingWith,40] - Generating unique operation named: listByAddressUsingGET_1
15:50:23.562 [main] INFO  s.d.s.w.r.o.CachingOperationNameGenerator - [startingWith,40] - Generating unique operation named: listForPlaylistUsingGET_1
15:50:23.586 [main] INFO  o.a.c.h.Http11NioProtocol - [log,173] - Starting ProtocolHandler ["http-nio-8081"]
15:50:23.604 [main] INFO  c.rocki.Application - [logStarted,59] - Started Application in 11.595 seconds (JVM running for 12.308)
15:50:23.869 [RMI TCP Connection(2)-127.0.0.1] INFO  o.a.c.c.C.[.[.[/] - [log,173] - Initializing Spring DispatcherServlet 'dispatcherServlet'
15:50:23.876 [RMI TCP Connection(3)-127.0.0.1] INFO  o.m.driver.cluster - [info,71] - Cluster description not yet available. Waiting for 30000 ms before timing out
15:50:35.717 [Thread-28] INFO  sys-user - [shutdownAsyncManager,31] - ====关闭后台任务任务线程池====
15:50:35.776 [Thread-28] INFO  c.a.d.p.DruidDataSource - [close,1928] - {dataSource-1} closed
15:50:39.334 [main] INFO  c.rocki.Application - [logStarting,50] - Starting Application on ShidiandeMac-mini.local with PID 79776 (/Users/ann/Desktop/Work/PZKJ/rocki/rocki-backend-server/rocki-app/target/classes started by ann in /Users/ann/Desktop/Work/PZKJ/rocki/rocki-backend-server)
15:50:39.336 [main] INFO  c.rocki.Application - [logStartupProfileInfo,679] - The following profiles are active: dev
15:50:41.813 [main] INFO  o.a.c.h.Http11NioProtocol - [log,173] - Initializing ProtocolHandler ["http-nio-8081"]
15:50:41.819 [main] INFO  o.a.c.c.StandardService - [log,173] - Starting service [Tomcat]
15:50:41.820 [main] INFO  o.a.c.c.StandardEngine - [log,173] - Starting Servlet engine: [Apache Tomcat/9.0.19]
15:50:41.933 [main] INFO  o.a.c.c.C.[.[.[/] - [log,173] - Initializing Spring embedded WebApplicationContext
15:50:42.530 [main] INFO  o.m.driver.cluster - [info,71] - Cluster created with settings {hosts=[localhost:27017], mode=SINGLE, requiredClusterType=UNKNOWN, serverSelectionTimeout='30000 ms', maxWaitQueueSize=500}
15:50:42.554 [cluster-ClusterId{value='60ee9752edd25e37a04ecebc', description='null'}-localhost:27017] INFO  o.m.driver.cluster - [info,76] - Exception in monitor thread while connecting to server localhost:27017
com.mongodb.MongoSocketOpenException: Exception opening socket
	at com.mongodb.internal.connection.SocketStream.open(SocketStream.java:67)
	at com.mongodb.internal.connection.InternalStreamConnection.open(InternalStreamConnection.java:126)
	at com.mongodb.internal.connection.DefaultServerMonitor$ServerMonitorRunnable.run(DefaultServerMonitor.java:117)
	at java.lang.Thread.run(Thread.java:748)
Caused by: java.net.ConnectException: Connection refused (Connection refused)
	at java.net.PlainSocketImpl.socketConnect(Native Method)
	at java.net.AbstractPlainSocketImpl.doConnect(AbstractPlainSocketImpl.java:350)
	at java.net.AbstractPlainSocketImpl.connectToAddress(AbstractPlainSocketImpl.java:206)
	at java.net.AbstractPlainSocketImpl.connect(AbstractPlainSocketImpl.java:188)
	at java.net.SocksSocketImpl.connect(SocksSocketImpl.java:392)
	at java.net.Socket.connect(Socket.java:606)
	at com.mongodb.internal.connection.SocketStreamHelper.initialize(SocketStreamHelper.java:64)
	at com.mongodb.internal.connection.SocketStream.open(SocketStream.java:62)
	... 3 common frames omitted
15:50:44.913 [main] INFO  c.a.d.p.DruidDataSource - [init,991] - {dataSource-1} inited
15:50:45.085 [main] INFO  i.l.c.EpollProvider - [<clinit>,68] - Starting without optional epoll library
15:50:45.385 [main] INFO  i.l.c.KqueueProvider - [<clinit>,66] - Starting with kqueue library
15:50:45.696 [main] INFO  org.redisson.Version - [logVersion,41] - Redisson 3.9.1
15:50:45.851 [redisson-netty-5-3] INFO  o.r.c.p.MasterConnectionPool - [operationComplete,168] - 32 connections initialized for 127.0.0.1/127.0.0.1:6379
15:50:45.851 [redisson-netty-5-4] INFO  o.r.c.p.MasterPubSubConnectionPool - [operationComplete,168] - 1 connections initialized for 127.0.0.1/127.0.0.1:6379
15:50:47.699 [main] INFO  s.d.s.w.PropertySourcedRequestMappingHandlerMapping - [initHandlerMethods,69] - Mapped URL path [/v2/api-docs] onto method [public org.springframework.http.ResponseEntity<springfox.documentation.spring.web.json.Json> springfox.documentation.swagger2.web.Swagger2Controller.getDocumentation(java.lang.String,javax.servlet.http.HttpServletRequest)]
15:50:48.675 [main] INFO  s.d.s.w.p.DocumentationPluginsBootstrapper - [start,160] - Context refreshed
15:50:48.684 [main] INFO  s.d.s.w.p.DocumentationPluginsBootstrapper - [start,163] - Found 1 custom documentation plugin(s)
15:50:48.709 [main] INFO  s.d.s.w.s.ApiListingReferenceScanner - [scan,41] - Scanning for api listing references
15:50:48.847 [main] INFO  s.d.s.w.r.o.CachingOperationNameGenerator - [startingWith,40] - Generating unique operation named: playTrackUsingGET_1
15:50:48.857 [main] INFO  s.d.s.w.r.o.CachingOperationNameGenerator - [startingWith,40] - Generating unique operation named: detailUsingGET_1
15:50:48.864 [main] INFO  s.d.s.w.r.o.CachingOperationNameGenerator - [startingWith,40] - Generating unique operation named: detailUsingGET_2
15:50:48.865 [main] INFO  s.d.s.w.r.o.CachingOperationNameGenerator - [startingWith,40] - Generating unique operation named: listByAddressUsingGET_1
15:50:48.910 [main] INFO  s.d.s.w.r.o.CachingOperationNameGenerator - [startingWith,40] - Generating unique operation named: listForPlaylistUsingGET_1
15:50:48.936 [main] INFO  o.a.c.h.Http11NioProtocol - [log,173] - Starting ProtocolHandler ["http-nio-8081"]
15:50:48.957 [main] INFO  c.rocki.Application - [logStarted,59] - Started Application in 10.131 seconds (JVM running for 10.975)
15:50:49.493 [RMI TCP Connection(1)-127.0.0.1] INFO  o.a.c.c.C.[.[.[/] - [log,173] - Initializing Spring DispatcherServlet 'dispatcherServlet'
15:50:49.500 [RMI TCP Connection(2)-127.0.0.1] INFO  o.m.driver.cluster - [info,71] - Cluster description not yet available. Waiting for 30000 ms before timing out
15:52:13.672 [Thread-26] INFO  sys-user - [shutdownAsyncManager,31] - ====关闭后台任务任务线程池====
15:52:13.717 [Thread-26] INFO  c.a.d.p.DruidDataSource - [close,1928] - {dataSource-1} closed
