17:48:47.897 [main] INFO  c.rocki.Application - [logStarting,50] - Starting Application on ShidiandeMac-mini.local with PID 24619 (/Users/ann/Desktop/Work/PZKJ/rocki/rocki-backend-server/rocki-app/target/classes started by ann in /Users/ann/Desktop/Work/PZKJ/rocki/rocki-backend-server)
17:48:47.905 [main] INFO  c.rocki.Application - [logStartupProfileInfo,679] - The following profiles are active: prod
17:49:20.774 [main] INFO  c.rocki.Application - [logStarting,50] - Starting Application on ShidiandeMac-mini.local with PID 24650 (/Users/ann/Desktop/Work/PZKJ/rocki/rocki-backend-server/rocki-app/target/classes started by ann in /Users/ann/Desktop/Work/PZKJ/rocki/rocki-backend-server)
17:49:20.777 [main] INFO  c.rocki.Application - [logStartupProfileInfo,679] - The following profiles are active: dev
17:49:24.123 [main] INFO  o.a.c.h.Http11NioProtocol - [log,173] - Initializing ProtocolHandler ["http-nio-8081"]
17:49:24.133 [main] INFO  o.a.c.c.StandardService - [log,173] - Starting service [Tomcat]
17:49:24.133 [main] INFO  o.a.c.c.StandardEngine - [log,173] - Starting Servlet engine: [Apache Tomcat/9.0.19]
17:49:24.292 [main] INFO  o.a.c.c.C.[.[.[/] - [log,173] - Initializing Spring embedded WebApplicationContext
17:49:25.107 [main] INFO  o.m.driver.cluster - [info,71] - Cluster created with settings {hosts=[localhost:27017], mode=SINGLE, requiredClusterType=UNKNOWN, serverSelectionTimeout='30000 ms', maxWaitQueueSize=500}
17:49:25.156 [cluster-ClusterId{value='60f15625bded7e604a2dbeba', description='null'}-localhost:27017] INFO  o.m.driver.cluster - [info,76] - Exception in monitor thread while connecting to server localhost:27017
com.mongodb.MongoSocketOpenException: Exception opening socket
	at com.mongodb.internal.connection.SocketStream.open(SocketStream.java:67)
	at com.mongodb.internal.connection.InternalStreamConnection.open(InternalStreamConnection.java:126)
	at com.mongodb.internal.connection.DefaultServerMonitor$ServerMonitorRunnable.run(DefaultServerMonitor.java:117)
	at java.lang.Thread.run(Thread.java:748)
Caused by: java.net.ConnectException: Connection refused (Connection refused)
	at java.net.PlainSocketImpl.socketConnect(Native Method)
	at java.net.AbstractPlainSocketImpl.doConnect(AbstractPlainSocketImpl.java:350)
	at java.net.AbstractPlainSocketImpl.connectToAddress(AbstractPlainSocketImpl.java:206)
	at java.net.AbstractPlainSocketImpl.connect(AbstractPlainSocketImpl.java:188)
	at java.net.SocksSocketImpl.connect(SocksSocketImpl.java:392)
	at java.net.Socket.connect(Socket.java:606)
	at com.mongodb.internal.connection.SocketStreamHelper.initialize(SocketStreamHelper.java:64)
	at com.mongodb.internal.connection.SocketStream.open(SocketStream.java:62)
	... 3 common frames omitted
17:49:29.208 [main] INFO  c.a.d.p.DruidDataSource - [init,991] - {dataSource-1} inited
17:49:29.549 [main] INFO  i.l.c.EpollProvider - [<clinit>,68] - Starting without optional epoll library
17:49:30.274 [main] INFO  i.l.c.KqueueProvider - [<clinit>,66] - Starting with kqueue library
17:49:30.859 [main] INFO  org.redisson.Version - [logVersion,41] - Redisson 3.9.1
17:49:31.103 [redisson-netty-5-7] INFO  o.r.c.p.MasterPubSubConnectionPool - [operationComplete,168] - 1 connections initialized for 127.0.0.1/127.0.0.1:6379
17:49:31.106 [redisson-netty-5-4] INFO  o.r.c.p.MasterConnectionPool - [operationComplete,168] - 32 connections initialized for 127.0.0.1/127.0.0.1:6379
17:49:34.260 [main] INFO  s.d.s.w.PropertySourcedRequestMappingHandlerMapping - [initHandlerMethods,69] - Mapped URL path [/v2/api-docs] onto method [public org.springframework.http.ResponseEntity<springfox.documentation.spring.web.json.Json> springfox.documentation.swagger2.web.Swagger2Controller.getDocumentation(java.lang.String,javax.servlet.http.HttpServletRequest)]
17:49:35.310 [main] INFO  s.d.s.w.p.DocumentationPluginsBootstrapper - [start,160] - Context refreshed
17:49:35.323 [main] INFO  s.d.s.w.p.DocumentationPluginsBootstrapper - [start,163] - Found 1 custom documentation plugin(s)
17:49:35.362 [main] INFO  s.d.s.w.s.ApiListingReferenceScanner - [scan,41] - Scanning for api listing references
17:49:35.544 [main] INFO  s.d.s.w.r.o.CachingOperationNameGenerator - [startingWith,40] - Generating unique operation named: playTrackUsingGET_1
17:49:35.557 [main] INFO  s.d.s.w.r.o.CachingOperationNameGenerator - [startingWith,40] - Generating unique operation named: detailUsingGET_1
17:49:35.567 [main] INFO  s.d.s.w.r.o.CachingOperationNameGenerator - [startingWith,40] - Generating unique operation named: detailUsingGET_2
17:49:35.568 [main] INFO  s.d.s.w.r.o.CachingOperationNameGenerator - [startingWith,40] - Generating unique operation named: listByAddressUsingGET_1
17:49:35.632 [main] INFO  s.d.s.w.r.o.CachingOperationNameGenerator - [startingWith,40] - Generating unique operation named: listForPlaylistUsingGET_1
17:49:35.695 [main] INFO  o.a.c.h.Http11NioProtocol - [log,173] - Starting ProtocolHandler ["http-nio-8081"]
17:49:35.749 [main] INFO  c.rocki.Application - [logStarted,59] - Started Application in 15.485 seconds (JVM running for 16.448)
17:49:35.975 [RMI TCP Connection(9)-127.0.0.1] INFO  o.a.c.c.C.[.[.[/] - [log,173] - Initializing Spring DispatcherServlet 'dispatcherServlet'
17:49:35.998 [RMI TCP Connection(8)-127.0.0.1] INFO  o.m.driver.cluster - [info,71] - Cluster description not yet available. Waiting for 30000 ms before timing out
17:49:49.013 [Thread-36] INFO  sys-user - [shutdownAsyncManager,31] - ====关闭后台任务任务线程池====
17:49:49.058 [Thread-36] INFO  c.a.d.p.DruidDataSource - [close,1928] - {dataSource-1} closed
17:50:28.330 [main] INFO  c.rocki.Application - [logStarting,50] - Starting Application on ShidiandeMac-mini.local with PID 24705 (/Users/ann/Desktop/Work/PZKJ/rocki/rocki-backend-server/rocki-app/target/classes started by ann in /Users/ann/Desktop/Work/PZKJ/rocki/rocki-backend-server)
17:50:28.334 [main] INFO  c.rocki.Application - [logStartupProfileInfo,679] - The following profiles are active: dev
17:50:32.475 [main] INFO  o.a.c.h.Http11NioProtocol - [log,173] - Initializing ProtocolHandler ["http-nio-8081"]
17:50:32.484 [main] INFO  o.a.c.c.StandardService - [log,173] - Starting service [Tomcat]
17:50:32.484 [main] INFO  o.a.c.c.StandardEngine - [log,173] - Starting Servlet engine: [Apache Tomcat/9.0.19]
17:50:32.642 [main] INFO  o.a.c.c.C.[.[.[/] - [log,173] - Initializing Spring embedded WebApplicationContext
17:50:33.489 [main] INFO  o.m.driver.cluster - [info,71] - Cluster created with settings {hosts=[localhost:27017], mode=SINGLE, requiredClusterType=UNKNOWN, serverSelectionTimeout='30000 ms', maxWaitQueueSize=500}
17:50:33.521 [cluster-ClusterId{value='60f15669bded7e6081ffc027', description='null'}-localhost:27017] INFO  o.m.driver.cluster - [info,76] - Exception in monitor thread while connecting to server localhost:27017
com.mongodb.MongoSocketOpenException: Exception opening socket
	at com.mongodb.internal.connection.SocketStream.open(SocketStream.java:67)
	at com.mongodb.internal.connection.InternalStreamConnection.open(InternalStreamConnection.java:126)
	at com.mongodb.internal.connection.DefaultServerMonitor$ServerMonitorRunnable.run(DefaultServerMonitor.java:117)
	at java.lang.Thread.run(Thread.java:748)
Caused by: java.net.ConnectException: Connection refused (Connection refused)
	at java.net.PlainSocketImpl.socketConnect(Native Method)
	at java.net.AbstractPlainSocketImpl.doConnect(AbstractPlainSocketImpl.java:350)
	at java.net.AbstractPlainSocketImpl.connectToAddress(AbstractPlainSocketImpl.java:206)
	at java.net.AbstractPlainSocketImpl.connect(AbstractPlainSocketImpl.java:188)
	at java.net.SocksSocketImpl.connect(SocksSocketImpl.java:392)
	at java.net.Socket.connect(Socket.java:606)
	at com.mongodb.internal.connection.SocketStreamHelper.initialize(SocketStreamHelper.java:64)
	at com.mongodb.internal.connection.SocketStream.open(SocketStream.java:62)
	... 3 common frames omitted
17:50:37.584 [main] INFO  c.a.d.p.DruidDataSource - [init,991] - {dataSource-1} inited
17:50:37.897 [main] INFO  i.l.c.EpollProvider - [<clinit>,68] - Starting without optional epoll library
17:50:38.276 [main] INFO  i.l.c.KqueueProvider - [<clinit>,66] - Starting with kqueue library
17:50:38.672 [main] INFO  org.redisson.Version - [logVersion,41] - Redisson 3.9.1
17:50:38.885 [redisson-netty-5-4] INFO  o.r.c.p.MasterConnectionPool - [operationComplete,168] - 32 connections initialized for 127.0.0.1/127.0.0.1:6379
17:50:38.885 [redisson-netty-5-1] INFO  o.r.c.p.MasterPubSubConnectionPool - [operationComplete,168] - 1 connections initialized for 127.0.0.1/127.0.0.1:6379
17:50:41.503 [main] INFO  s.d.s.w.PropertySourcedRequestMappingHandlerMapping - [initHandlerMethods,69] - Mapped URL path [/v2/api-docs] onto method [public org.springframework.http.ResponseEntity<springfox.documentation.spring.web.json.Json> springfox.documentation.swagger2.web.Swagger2Controller.getDocumentation(java.lang.String,javax.servlet.http.HttpServletRequest)]
17:50:42.719 [main] INFO  s.d.s.w.p.DocumentationPluginsBootstrapper - [start,160] - Context refreshed
17:50:42.729 [main] INFO  s.d.s.w.p.DocumentationPluginsBootstrapper - [start,163] - Found 1 custom documentation plugin(s)
17:50:42.762 [main] INFO  s.d.s.w.s.ApiListingReferenceScanner - [scan,41] - Scanning for api listing references
17:50:42.938 [main] INFO  s.d.s.w.r.o.CachingOperationNameGenerator - [startingWith,40] - Generating unique operation named: playTrackUsingGET_1
17:50:42.951 [main] INFO  s.d.s.w.r.o.CachingOperationNameGenerator - [startingWith,40] - Generating unique operation named: detailUsingGET_1
17:50:42.960 [main] INFO  s.d.s.w.r.o.CachingOperationNameGenerator - [startingWith,40] - Generating unique operation named: detailUsingGET_2
17:50:42.961 [main] INFO  s.d.s.w.r.o.CachingOperationNameGenerator - [startingWith,40] - Generating unique operation named: listByAddressUsingGET_1
17:50:43.004 [main] INFO  s.d.s.w.r.o.CachingOperationNameGenerator - [startingWith,40] - Generating unique operation named: listForPlaylistUsingGET_1
17:50:43.036 [main] INFO  o.a.c.h.Http11NioProtocol - [log,173] - Starting ProtocolHandler ["http-nio-8081"]
17:50:43.063 [main] INFO  c.rocki.Application - [logStarted,59] - Started Application in 15.301 seconds (JVM running for 16.233)
17:50:43.693 [RMI TCP Connection(10)-127.0.0.1] INFO  o.a.c.c.C.[.[.[/] - [log,173] - Initializing Spring DispatcherServlet 'dispatcherServlet'
17:50:43.708 [RMI TCP Connection(9)-127.0.0.1] INFO  o.m.driver.cluster - [info,71] - Cluster description not yet available. Waiting for 30000 ms before timing out
17:53:20.684 [Thread-37] INFO  sys-user - [shutdownAsyncManager,31] - ====关闭后台任务任务线程池====
17:53:20.741 [Thread-37] INFO  c.a.d.p.DruidDataSource - [close,1928] - {dataSource-1} closed
17:57:22.565 [main] INFO  c.rocki.Application - [logStarting,50] - Starting Application on ShidiandeMac-mini.local with PID 24905 (/Users/ann/Desktop/Work/PZKJ/rocki/rocki-backend-server/rocki-app/target/classes started by ann in /Users/ann/Desktop/Work/PZKJ/rocki/rocki-backend-server)
17:57:22.569 [main] INFO  c.rocki.Application - [logStartupProfileInfo,679] - The following profiles are active: dev
17:57:26.261 [main] INFO  o.a.c.h.Http11NioProtocol - [log,173] - Initializing ProtocolHandler ["http-nio-8081"]
17:57:26.268 [main] INFO  o.a.c.c.StandardService - [log,173] - Starting service [Tomcat]
17:57:26.268 [main] INFO  o.a.c.c.StandardEngine - [log,173] - Starting Servlet engine: [Apache Tomcat/9.0.19]
17:57:26.379 [main] INFO  o.a.c.c.C.[.[.[/] - [log,173] - Initializing Spring embedded WebApplicationContext
17:57:27.189 [main] INFO  o.m.driver.cluster - [info,71] - Cluster created with settings {hosts=[localhost:27017], mode=SINGLE, requiredClusterType=UNKNOWN, serverSelectionTimeout='30000 ms', maxWaitQueueSize=500}
17:57:27.226 [cluster-ClusterId{value='60f15807bded7e6149e9b75d', description='null'}-localhost:27017] INFO  o.m.driver.cluster - [info,76] - Exception in monitor thread while connecting to server localhost:27017
com.mongodb.MongoSocketOpenException: Exception opening socket
	at com.mongodb.internal.connection.SocketStream.open(SocketStream.java:67)
	at com.mongodb.internal.connection.InternalStreamConnection.open(InternalStreamConnection.java:126)
	at com.mongodb.internal.connection.DefaultServerMonitor$ServerMonitorRunnable.run(DefaultServerMonitor.java:117)
	at java.lang.Thread.run(Thread.java:748)
Caused by: java.net.ConnectException: Connection refused (Connection refused)
	at java.net.PlainSocketImpl.socketConnect(Native Method)
	at java.net.AbstractPlainSocketImpl.doConnect(AbstractPlainSocketImpl.java:350)
	at java.net.AbstractPlainSocketImpl.connectToAddress(AbstractPlainSocketImpl.java:206)
	at java.net.AbstractPlainSocketImpl.connect(AbstractPlainSocketImpl.java:188)
	at java.net.SocksSocketImpl.connect(SocksSocketImpl.java:392)
	at java.net.Socket.connect(Socket.java:606)
	at com.mongodb.internal.connection.SocketStreamHelper.initialize(SocketStreamHelper.java:64)
	at com.mongodb.internal.connection.SocketStream.open(SocketStream.java:62)
	... 3 common frames omitted
17:57:30.061 [main] INFO  c.a.d.p.DruidDataSource - [init,991] - {dataSource-1} inited
17:57:30.291 [main] INFO  i.l.c.EpollProvider - [<clinit>,68] - Starting without optional epoll library
17:57:30.594 [main] INFO  i.l.c.KqueueProvider - [<clinit>,66] - Starting with kqueue library
17:57:30.977 [main] INFO  org.redisson.Version - [logVersion,41] - Redisson 3.9.1
17:57:31.160 [redisson-netty-5-10] INFO  o.r.c.p.MasterPubSubConnectionPool - [operationComplete,168] - 1 connections initialized for 127.0.0.1/127.0.0.1:6379
17:57:31.160 [redisson-netty-5-4] INFO  o.r.c.p.MasterConnectionPool - [operationComplete,168] - 32 connections initialized for 127.0.0.1/127.0.0.1:6379
17:57:33.379 [main] INFO  s.d.s.w.PropertySourcedRequestMappingHandlerMapping - [initHandlerMethods,69] - Mapped URL path [/v2/api-docs] onto method [public org.springframework.http.ResponseEntity<springfox.documentation.spring.web.json.Json> springfox.documentation.swagger2.web.Swagger2Controller.getDocumentation(java.lang.String,javax.servlet.http.HttpServletRequest)]
17:57:34.651 [main] INFO  s.d.s.w.p.DocumentationPluginsBootstrapper - [start,160] - Context refreshed
17:57:34.668 [main] INFO  s.d.s.w.p.DocumentationPluginsBootstrapper - [start,163] - Found 1 custom documentation plugin(s)
17:57:34.702 [main] INFO  s.d.s.w.s.ApiListingReferenceScanner - [scan,41] - Scanning for api listing references
17:57:34.871 [main] INFO  s.d.s.w.r.o.CachingOperationNameGenerator - [startingWith,40] - Generating unique operation named: playTrackUsingGET_1
17:57:34.881 [main] INFO  s.d.s.w.r.o.CachingOperationNameGenerator - [startingWith,40] - Generating unique operation named: detailUsingGET_1
17:57:34.889 [main] INFO  s.d.s.w.r.o.CachingOperationNameGenerator - [startingWith,40] - Generating unique operation named: detailUsingGET_2
17:57:34.890 [main] INFO  s.d.s.w.r.o.CachingOperationNameGenerator - [startingWith,40] - Generating unique operation named: listByAddressUsingGET_1
17:57:34.926 [main] INFO  s.d.s.w.r.o.CachingOperationNameGenerator - [startingWith,40] - Generating unique operation named: listForPlaylistUsingGET_1
17:57:34.957 [main] INFO  o.a.c.h.Http11NioProtocol - [log,173] - Starting ProtocolHandler ["http-nio-8081"]
17:57:34.977 [main] INFO  c.rocki.Application - [logStarted,59] - Started Application in 13.104 seconds (JVM running for 14.769)
17:57:35.276 [RMI TCP Connection(2)-127.0.0.1] INFO  o.a.c.c.C.[.[.[/] - [log,173] - Initializing Spring DispatcherServlet 'dispatcherServlet'
17:57:35.291 [RMI TCP Connection(1)-127.0.0.1] INFO  o.m.driver.cluster - [info,71] - Cluster description not yet available. Waiting for 30000 ms before timing out
18:18:31.108 [Thread-33] INFO  sys-user - [shutdownAsyncManager,31] - ====关闭后台任务任务线程池====
18:18:31.204 [Thread-33] INFO  c.a.d.p.DruidDataSource - [close,1928] - {dataSource-1} closed
18:18:34.970 [main] INFO  c.rocki.Application - [logStarting,50] - Starting Application on ShidiandeMac-mini.local with PID 25449 (/Users/ann/Desktop/Work/PZKJ/rocki/rocki-backend-server/rocki-app/target/classes started by ann in /Users/ann/Desktop/Work/PZKJ/rocki/rocki-backend-server)
18:18:34.972 [main] INFO  c.rocki.Application - [logStartupProfileInfo,679] - The following profiles are active: dev
18:18:38.229 [main] INFO  o.a.c.h.Http11NioProtocol - [log,173] - Initializing ProtocolHandler ["http-nio-8081"]
18:18:38.236 [main] INFO  o.a.c.c.StandardService - [log,173] - Starting service [Tomcat]
18:18:38.236 [main] INFO  o.a.c.c.StandardEngine - [log,173] - Starting Servlet engine: [Apache Tomcat/9.0.19]
18:18:38.357 [main] INFO  o.a.c.c.C.[.[.[/] - [log,173] - Initializing Spring embedded WebApplicationContext
18:18:39.455 [main] INFO  o.m.driver.cluster - [info,71] - Cluster created with settings {hosts=[localhost:27017], mode=SINGLE, requiredClusterType=UNKNOWN, serverSelectionTimeout='30000 ms', maxWaitQueueSize=500}
18:18:39.535 [cluster-ClusterId{value='60f15cffbded7e6369fbfc5f', description='null'}-localhost:27017] INFO  o.m.driver.cluster - [info,76] - Exception in monitor thread while connecting to server localhost:27017
com.mongodb.MongoSocketOpenException: Exception opening socket
	at com.mongodb.internal.connection.SocketStream.open(SocketStream.java:67)
	at com.mongodb.internal.connection.InternalStreamConnection.open(InternalStreamConnection.java:126)
	at com.mongodb.internal.connection.DefaultServerMonitor$ServerMonitorRunnable.run(DefaultServerMonitor.java:117)
	at java.lang.Thread.run(Thread.java:748)
Caused by: java.net.ConnectException: Connection refused (Connection refused)
	at java.net.PlainSocketImpl.socketConnect(Native Method)
	at java.net.AbstractPlainSocketImpl.doConnect(AbstractPlainSocketImpl.java:350)
	at java.net.AbstractPlainSocketImpl.connectToAddress(AbstractPlainSocketImpl.java:206)
	at java.net.AbstractPlainSocketImpl.connect(AbstractPlainSocketImpl.java:188)
	at java.net.SocksSocketImpl.connect(SocksSocketImpl.java:392)
	at java.net.Socket.connect(Socket.java:606)
	at com.mongodb.internal.connection.SocketStreamHelper.initialize(SocketStreamHelper.java:64)
	at com.mongodb.internal.connection.SocketStream.open(SocketStream.java:62)
	... 3 common frames omitted
18:18:43.308 [main] INFO  c.a.d.p.DruidDataSource - [init,991] - {dataSource-1} inited
18:18:43.571 [main] INFO  i.l.c.EpollProvider - [<clinit>,68] - Starting without optional epoll library
18:18:44.026 [main] INFO  i.l.c.KqueueProvider - [<clinit>,66] - Starting with kqueue library
18:18:44.379 [main] INFO  org.redisson.Version - [logVersion,41] - Redisson 3.9.1
18:18:44.544 [redisson-netty-5-10] INFO  o.r.c.p.MasterConnectionPool - [operationComplete,168] - 32 connections initialized for 127.0.0.1/127.0.0.1:6379
18:18:44.544 [redisson-netty-5-4] INFO  o.r.c.p.MasterPubSubConnectionPool - [operationComplete,168] - 1 connections initialized for 127.0.0.1/127.0.0.1:6379
18:18:46.977 [main] INFO  s.d.s.w.PropertySourcedRequestMappingHandlerMapping - [initHandlerMethods,69] - Mapped URL path [/v2/api-docs] onto method [public org.springframework.http.ResponseEntity<springfox.documentation.spring.web.json.Json> springfox.documentation.swagger2.web.Swagger2Controller.getDocumentation(java.lang.String,javax.servlet.http.HttpServletRequest)]
18:18:48.520 [main] INFO  s.d.s.w.p.DocumentationPluginsBootstrapper - [start,160] - Context refreshed
18:18:48.545 [main] INFO  s.d.s.w.p.DocumentationPluginsBootstrapper - [start,163] - Found 1 custom documentation plugin(s)
18:18:48.588 [main] INFO  s.d.s.w.s.ApiListingReferenceScanner - [scan,41] - Scanning for api listing references
18:18:48.817 [main] INFO  s.d.s.w.r.o.CachingOperationNameGenerator - [startingWith,40] - Generating unique operation named: playTrackUsingGET_1
18:18:48.834 [main] INFO  s.d.s.w.r.o.CachingOperationNameGenerator - [startingWith,40] - Generating unique operation named: detailUsingGET_1
18:18:48.843 [main] INFO  s.d.s.w.r.o.CachingOperationNameGenerator - [startingWith,40] - Generating unique operation named: detailUsingGET_2
18:18:48.844 [main] INFO  s.d.s.w.r.o.CachingOperationNameGenerator - [startingWith,40] - Generating unique operation named: listByAddressUsingGET_1
18:18:48.888 [main] INFO  s.d.s.w.r.o.CachingOperationNameGenerator - [startingWith,40] - Generating unique operation named: listForPlaylistUsingGET_1
18:18:48.920 [main] INFO  o.a.c.h.Http11NioProtocol - [log,173] - Starting ProtocolHandler ["http-nio-8081"]
18:18:49.128 [main] INFO  c.rocki.Application - [logStarted,59] - Started Application in 14.629 seconds (JVM running for 15.367)
18:18:49.466 [RMI TCP Connection(9)-127.0.0.1] INFO  o.a.c.c.C.[.[.[/] - [log,173] - Initializing Spring DispatcherServlet 'dispatcherServlet'
18:18:49.478 [RMI TCP Connection(8)-127.0.0.1] INFO  o.m.driver.cluster - [info,71] - Cluster description not yet available. Waiting for 30000 ms before timing out
18:20:28.694 [Thread-35] INFO  sys-user - [shutdownAsyncManager,31] - ====关闭后台任务任务线程池====
18:20:28.755 [Thread-35] INFO  c.a.d.p.DruidDataSource - [close,1928] - {dataSource-1} closed
18:20:34.436 [main] INFO  c.rocki.Application - [logStarting,50] - Starting Application on ShidiandeMac-mini.local with PID 25514 (/Users/ann/Desktop/Work/PZKJ/rocki/rocki-backend-server/rocki-app/target/classes started by ann in /Users/ann/Desktop/Work/PZKJ/rocki/rocki-backend-server)
18:20:34.438 [main] INFO  c.rocki.Application - [logStartupProfileInfo,679] - The following profiles are active: dev
18:20:37.504 [main] INFO  o.a.c.h.Http11NioProtocol - [log,173] - Initializing ProtocolHandler ["http-nio-8081"]
18:20:37.510 [main] INFO  o.a.c.c.StandardService - [log,173] - Starting service [Tomcat]
18:20:37.511 [main] INFO  o.a.c.c.StandardEngine - [log,173] - Starting Servlet engine: [Apache Tomcat/9.0.19]
18:20:37.614 [main] INFO  o.a.c.c.C.[.[.[/] - [log,173] - Initializing Spring embedded WebApplicationContext
18:20:38.226 [main] INFO  o.m.driver.cluster - [info,71] - Cluster created with settings {hosts=[localhost:27017], mode=SINGLE, requiredClusterType=UNKNOWN, serverSelectionTimeout='30000 ms', maxWaitQueueSize=500}
18:20:38.251 [cluster-ClusterId{value='60f15d76bded7e63aa205c3f', description='null'}-localhost:27017] INFO  o.m.driver.cluster - [info,76] - Exception in monitor thread while connecting to server localhost:27017
com.mongodb.MongoSocketOpenException: Exception opening socket
	at com.mongodb.internal.connection.SocketStream.open(SocketStream.java:67)
	at com.mongodb.internal.connection.InternalStreamConnection.open(InternalStreamConnection.java:126)
	at com.mongodb.internal.connection.DefaultServerMonitor$ServerMonitorRunnable.run(DefaultServerMonitor.java:117)
	at java.lang.Thread.run(Thread.java:748)
Caused by: java.net.ConnectException: Connection refused (Connection refused)
	at java.net.PlainSocketImpl.socketConnect(Native Method)
	at java.net.AbstractPlainSocketImpl.doConnect(AbstractPlainSocketImpl.java:350)
	at java.net.AbstractPlainSocketImpl.connectToAddress(AbstractPlainSocketImpl.java:206)
	at java.net.AbstractPlainSocketImpl.connect(AbstractPlainSocketImpl.java:188)
	at java.net.SocksSocketImpl.connect(SocksSocketImpl.java:392)
	at java.net.Socket.connect(Socket.java:606)
	at com.mongodb.internal.connection.SocketStreamHelper.initialize(SocketStreamHelper.java:64)
	at com.mongodb.internal.connection.SocketStream.open(SocketStream.java:62)
	... 3 common frames omitted
18:20:40.837 [main] INFO  c.a.d.p.DruidDataSource - [init,991] - {dataSource-1} inited
18:20:41.049 [main] INFO  i.l.c.EpollProvider - [<clinit>,68] - Starting without optional epoll library
18:20:41.497 [main] INFO  i.l.c.KqueueProvider - [<clinit>,66] - Starting with kqueue library
18:20:41.821 [main] INFO  org.redisson.Version - [logVersion,41] - Redisson 3.9.1
18:20:42.020 [redisson-netty-5-11] INFO  o.r.c.p.MasterPubSubConnectionPool - [operationComplete,168] - 1 connections initialized for 127.0.0.1/127.0.0.1:6379
18:20:42.021 [redisson-netty-5-3] INFO  o.r.c.p.MasterConnectionPool - [operationComplete,168] - 32 connections initialized for 127.0.0.1/127.0.0.1:6379
18:20:44.058 [main] INFO  s.d.s.w.PropertySourcedRequestMappingHandlerMapping - [initHandlerMethods,69] - Mapped URL path [/v2/api-docs] onto method [public org.springframework.http.ResponseEntity<springfox.documentation.spring.web.json.Json> springfox.documentation.swagger2.web.Swagger2Controller.getDocumentation(java.lang.String,javax.servlet.http.HttpServletRequest)]
18:20:44.944 [main] INFO  s.d.s.w.p.DocumentationPluginsBootstrapper - [start,160] - Context refreshed
18:20:44.953 [main] INFO  s.d.s.w.p.DocumentationPluginsBootstrapper - [start,163] - Found 1 custom documentation plugin(s)
18:20:45.013 [main] INFO  s.d.s.w.s.ApiListingReferenceScanner - [scan,41] - Scanning for api listing references
18:20:45.156 [main] INFO  s.d.s.w.r.o.CachingOperationNameGenerator - [startingWith,40] - Generating unique operation named: playTrackUsingGET_1
18:20:45.168 [main] INFO  s.d.s.w.r.o.CachingOperationNameGenerator - [startingWith,40] - Generating unique operation named: detailUsingGET_1
18:20:45.175 [main] INFO  s.d.s.w.r.o.CachingOperationNameGenerator - [startingWith,40] - Generating unique operation named: detailUsingGET_2
18:20:45.176 [main] INFO  s.d.s.w.r.o.CachingOperationNameGenerator - [startingWith,40] - Generating unique operation named: listByAddressUsingGET_1
18:20:45.211 [main] INFO  s.d.s.w.r.o.CachingOperationNameGenerator - [startingWith,40] - Generating unique operation named: listForPlaylistUsingGET_1
18:20:45.239 [main] INFO  o.a.c.h.Http11NioProtocol - [log,173] - Starting ProtocolHandler ["http-nio-8081"]
18:20:45.258 [main] INFO  c.rocki.Application - [logStarted,59] - Started Application in 11.11 seconds (JVM running for 12.811)
18:20:45.738 [RMI TCP Connection(3)-127.0.0.1] INFO  o.a.c.c.C.[.[.[/] - [log,173] - Initializing Spring DispatcherServlet 'dispatcherServlet'
18:20:45.747 [RMI TCP Connection(2)-127.0.0.1] INFO  o.m.driver.cluster - [info,71] - Cluster description not yet available. Waiting for 30000 ms before timing out
18:21:04.770 [Thread-30] INFO  sys-user - [shutdownAsyncManager,31] - ====关闭后台任务任务线程池====
18:21:04.817 [Thread-30] INFO  c.a.d.p.DruidDataSource - [close,1928] - {dataSource-1} closed
18:21:33.830 [main] INFO  c.rocki.Application - [logStarting,50] - Starting Application on ShidiandeMac-mini.local with PID 25552 (/Users/ann/Desktop/Work/PZKJ/rocki/rocki-backend-server/rocki-app/target/classes started by ann in /Users/ann/Desktop/Work/PZKJ/rocki/rocki-backend-server)
18:21:33.834 [main] INFO  c.rocki.Application - [logStartupProfileInfo,679] - The following profiles are active: dev
18:21:37.215 [main] INFO  o.a.c.h.Http11NioProtocol - [log,173] - Initializing ProtocolHandler ["http-nio-8081"]
18:21:37.223 [main] INFO  o.a.c.c.StandardService - [log,173] - Starting service [Tomcat]
18:21:37.224 [main] INFO  o.a.c.c.StandardEngine - [log,173] - Starting Servlet engine: [Apache Tomcat/9.0.19]
18:21:37.349 [main] INFO  o.a.c.c.C.[.[.[/] - [log,173] - Initializing Spring embedded WebApplicationContext
18:21:38.270 [main] INFO  o.m.driver.cluster - [info,71] - Cluster created with settings {hosts=[localhost:27017], mode=SINGLE, requiredClusterType=UNKNOWN, serverSelectionTimeout='30000 ms', maxWaitQueueSize=500}
18:21:38.309 [cluster-ClusterId{value='60f15db2bded7e63d0199469', description='null'}-localhost:27017] INFO  o.m.driver.cluster - [info,76] - Exception in monitor thread while connecting to server localhost:27017
com.mongodb.MongoSocketOpenException: Exception opening socket
	at com.mongodb.internal.connection.SocketStream.open(SocketStream.java:67)
	at com.mongodb.internal.connection.InternalStreamConnection.open(InternalStreamConnection.java:126)
	at com.mongodb.internal.connection.DefaultServerMonitor$ServerMonitorRunnable.run(DefaultServerMonitor.java:117)
	at java.lang.Thread.run(Thread.java:748)
Caused by: java.net.ConnectException: Connection refused (Connection refused)
	at java.net.PlainSocketImpl.socketConnect(Native Method)
	at java.net.AbstractPlainSocketImpl.doConnect(AbstractPlainSocketImpl.java:350)
	at java.net.AbstractPlainSocketImpl.connectToAddress(AbstractPlainSocketImpl.java:206)
	at java.net.AbstractPlainSocketImpl.connect(AbstractPlainSocketImpl.java:188)
	at java.net.SocksSocketImpl.connect(SocksSocketImpl.java:392)
	at java.net.Socket.connect(Socket.java:606)
	at com.mongodb.internal.connection.SocketStreamHelper.initialize(SocketStreamHelper.java:64)
	at com.mongodb.internal.connection.SocketStream.open(SocketStream.java:62)
	... 3 common frames omitted
18:21:41.768 [main] INFO  c.a.d.p.DruidDataSource - [init,991] - {dataSource-1} inited
18:21:42.044 [main] INFO  i.l.c.EpollProvider - [<clinit>,68] - Starting without optional epoll library
18:21:42.119 [main] INFO  i.l.c.KqueueProvider - [<clinit>,66] - Starting with kqueue library
18:21:42.583 [main] INFO  org.redisson.Version - [logVersion,41] - Redisson 3.9.1
18:21:42.776 [redisson-netty-5-4] INFO  o.r.c.p.MasterPubSubConnectionPool - [operationComplete,168] - 1 connections initialized for 127.0.0.1/127.0.0.1:6379
18:21:42.777 [redisson-netty-5-4] INFO  o.r.c.p.MasterConnectionPool - [operationComplete,168] - 32 connections initialized for 127.0.0.1/127.0.0.1:6379
18:21:45.771 [main] INFO  s.d.s.w.PropertySourcedRequestMappingHandlerMapping - [initHandlerMethods,69] - Mapped URL path [/v2/api-docs] onto method [public org.springframework.http.ResponseEntity<springfox.documentation.spring.web.json.Json> springfox.documentation.swagger2.web.Swagger2Controller.getDocumentation(java.lang.String,javax.servlet.http.HttpServletRequest)]
18:21:47.484 [main] INFO  s.d.s.w.p.DocumentationPluginsBootstrapper - [start,160] - Context refreshed
18:21:47.497 [main] INFO  s.d.s.w.p.DocumentationPluginsBootstrapper - [start,163] - Found 1 custom documentation plugin(s)
18:21:47.528 [main] INFO  s.d.s.w.s.ApiListingReferenceScanner - [scan,41] - Scanning for api listing references
18:21:47.808 [main] INFO  s.d.s.w.r.o.CachingOperationNameGenerator - [startingWith,40] - Generating unique operation named: playTrackUsingGET_1
18:21:47.822 [main] INFO  s.d.s.w.r.o.CachingOperationNameGenerator - [startingWith,40] - Generating unique operation named: detailUsingGET_1
18:21:47.831 [main] INFO  s.d.s.w.r.o.CachingOperationNameGenerator - [startingWith,40] - Generating unique operation named: detailUsingGET_2
18:21:47.833 [main] INFO  s.d.s.w.r.o.CachingOperationNameGenerator - [startingWith,40] - Generating unique operation named: listByAddressUsingGET_1
18:21:47.885 [main] INFO  s.d.s.w.r.o.CachingOperationNameGenerator - [startingWith,40] - Generating unique operation named: listForPlaylistUsingGET_1
18:21:47.924 [main] INFO  o.a.c.h.Http11NioProtocol - [log,173] - Starting ProtocolHandler ["http-nio-8081"]
18:21:47.947 [main] INFO  c.rocki.Application - [logStarted,59] - Started Application in 14.496 seconds (JVM running for 15.431)
18:21:48.396 [RMI TCP Connection(5)-127.0.0.1] INFO  o.a.c.c.C.[.[.[/] - [log,173] - Initializing Spring DispatcherServlet 'dispatcherServlet'
18:21:48.414 [RMI TCP Connection(6)-127.0.0.1] INFO  o.m.driver.cluster - [info,71] - Cluster description not yet available. Waiting for 30000 ms before timing out
18:25:14.982 [Thread-35] INFO  sys-user - [shutdownAsyncManager,31] - ====关闭后台任务任务线程池====
18:25:15.038 [Thread-35] INFO  c.a.d.p.DruidDataSource - [close,1928] - {dataSource-1} closed
18:25:19.177 [main] INFO  c.rocki.Application - [logStarting,50] - Starting Application on ShidiandeMac-mini.local with PID 25648 (/Users/ann/Desktop/Work/PZKJ/rocki/rocki-backend-server/rocki-app/target/classes started by ann in /Users/ann/Desktop/Work/PZKJ/rocki/rocki-backend-server)
18:25:19.179 [main] INFO  c.rocki.Application - [logStartupProfileInfo,679] - The following profiles are active: dev
18:25:22.448 [main] INFO  o.a.c.h.Http11NioProtocol - [log,173] - Initializing ProtocolHandler ["http-nio-8081"]
18:25:22.457 [main] INFO  o.a.c.c.StandardService - [log,173] - Starting service [Tomcat]
18:25:22.458 [main] INFO  o.a.c.c.StandardEngine - [log,173] - Starting Servlet engine: [Apache Tomcat/9.0.19]
18:25:22.614 [main] INFO  o.a.c.c.C.[.[.[/] - [log,173] - Initializing Spring embedded WebApplicationContext
18:25:23.381 [main] INFO  o.m.driver.cluster - [info,71] - Cluster created with settings {hosts=[localhost:27017], mode=SINGLE, requiredClusterType=UNKNOWN, serverSelectionTimeout='30000 ms', maxWaitQueueSize=500}
18:25:23.413 [cluster-ClusterId{value='60f15e93bded7e64305ebc03', description='null'}-localhost:27017] INFO  o.m.driver.cluster - [info,76] - Exception in monitor thread while connecting to server localhost:27017
com.mongodb.MongoSocketOpenException: Exception opening socket
	at com.mongodb.internal.connection.SocketStream.open(SocketStream.java:67)
	at com.mongodb.internal.connection.InternalStreamConnection.open(InternalStreamConnection.java:126)
	at com.mongodb.internal.connection.DefaultServerMonitor$ServerMonitorRunnable.run(DefaultServerMonitor.java:117)
	at java.lang.Thread.run(Thread.java:748)
Caused by: java.net.ConnectException: Connection refused (Connection refused)
	at java.net.PlainSocketImpl.socketConnect(Native Method)
	at java.net.AbstractPlainSocketImpl.doConnect(AbstractPlainSocketImpl.java:350)
	at java.net.AbstractPlainSocketImpl.connectToAddress(AbstractPlainSocketImpl.java:206)
	at java.net.AbstractPlainSocketImpl.connect(AbstractPlainSocketImpl.java:188)
	at java.net.SocksSocketImpl.connect(SocksSocketImpl.java:392)
	at java.net.Socket.connect(Socket.java:606)
	at com.mongodb.internal.connection.SocketStreamHelper.initialize(SocketStreamHelper.java:64)
	at com.mongodb.internal.connection.SocketStream.open(SocketStream.java:62)
	... 3 common frames omitted
18:25:26.121 [main] INFO  c.a.d.p.DruidDataSource - [init,991] - {dataSource-1} inited
18:25:26.311 [main] INFO  i.l.c.EpollProvider - [<clinit>,68] - Starting without optional epoll library
18:25:26.631 [main] INFO  i.l.c.KqueueProvider - [<clinit>,66] - Starting with kqueue library
18:25:26.990 [main] INFO  org.redisson.Version - [logVersion,41] - Redisson 3.9.1
18:25:27.182 [redisson-netty-5-3] INFO  o.r.c.p.MasterConnectionPool - [operationComplete,168] - 32 connections initialized for 127.0.0.1/127.0.0.1:6379
18:25:27.182 [redisson-netty-5-12] INFO  o.r.c.p.MasterPubSubConnectionPool - [operationComplete,168] - 1 connections initialized for 127.0.0.1/127.0.0.1:6379
18:25:29.370 [main] INFO  s.d.s.w.PropertySourcedRequestMappingHandlerMapping - [initHandlerMethods,69] - Mapped URL path [/v2/api-docs] onto method [public org.springframework.http.ResponseEntity<springfox.documentation.spring.web.json.Json> springfox.documentation.swagger2.web.Swagger2Controller.getDocumentation(java.lang.String,javax.servlet.http.HttpServletRequest)]
18:25:30.624 [main] INFO  s.d.s.w.p.DocumentationPluginsBootstrapper - [start,160] - Context refreshed
18:25:30.635 [main] INFO  s.d.s.w.p.DocumentationPluginsBootstrapper - [start,163] - Found 1 custom documentation plugin(s)
18:25:30.669 [main] INFO  s.d.s.w.s.ApiListingReferenceScanner - [scan,41] - Scanning for api listing references
18:25:30.825 [main] INFO  s.d.s.w.r.o.CachingOperationNameGenerator - [startingWith,40] - Generating unique operation named: playTrackUsingGET_1
18:25:30.839 [main] INFO  s.d.s.w.r.o.CachingOperationNameGenerator - [startingWith,40] - Generating unique operation named: detailUsingGET_1
18:25:30.847 [main] INFO  s.d.s.w.r.o.CachingOperationNameGenerator - [startingWith,40] - Generating unique operation named: detailUsingGET_2
18:25:30.848 [main] INFO  s.d.s.w.r.o.CachingOperationNameGenerator - [startingWith,40] - Generating unique operation named: listByAddressUsingGET_1
18:25:30.884 [main] INFO  s.d.s.w.r.o.CachingOperationNameGenerator - [startingWith,40] - Generating unique operation named: listForPlaylistUsingGET_1
18:25:30.913 [main] INFO  o.a.c.h.Http11NioProtocol - [log,173] - Starting ProtocolHandler ["http-nio-8081"]
18:25:30.932 [main] INFO  c.rocki.Application - [logStarted,59] - Started Application in 12.393 seconds (JVM running for 13.483)
18:25:31.153 [RMI TCP Connection(3)-127.0.0.1] INFO  o.a.c.c.C.[.[.[/] - [log,173] - Initializing Spring DispatcherServlet 'dispatcherServlet'
18:25:31.162 [RMI TCP Connection(4)-127.0.0.1] INFO  o.m.driver.cluster - [info,71] - Cluster description not yet available. Waiting for 30000 ms before timing out
18:30:53.289 [Thread-30] INFO  sys-user - [shutdownAsyncManager,31] - ====关闭后台任务任务线程池====
18:30:53.537 [Thread-30] INFO  c.a.d.p.DruidDataSource - [close,1928] - {dataSource-1} closed
18:30:58.616 [main] INFO  c.rocki.Application - [logStarting,50] - Starting Application on ShidiandeMac-mini.local with PID 25789 (/Users/ann/Desktop/Work/PZKJ/rocki/rocki-backend-server/rocki-app/target/classes started by ann in /Users/ann/Desktop/Work/PZKJ/rocki/rocki-backend-server)
18:30:58.618 [main] INFO  c.rocki.Application - [logStartupProfileInfo,679] - The following profiles are active: dev
18:31:01.658 [main] INFO  o.a.c.h.Http11NioProtocol - [log,173] - Initializing ProtocolHandler ["http-nio-8081"]
18:31:01.666 [main] INFO  o.a.c.c.StandardService - [log,173] - Starting service [Tomcat]
18:31:01.666 [main] INFO  o.a.c.c.StandardEngine - [log,173] - Starting Servlet engine: [Apache Tomcat/9.0.19]
18:31:01.785 [main] INFO  o.a.c.c.C.[.[.[/] - [log,173] - Initializing Spring embedded WebApplicationContext
18:31:02.590 [main] INFO  o.m.driver.cluster - [info,71] - Cluster created with settings {hosts=[localhost:27017], mode=SINGLE, requiredClusterType=UNKNOWN, serverSelectionTimeout='30000 ms', maxWaitQueueSize=500}
18:31:02.626 [cluster-ClusterId{value='60f15fe6bded7e64bdab148c', description='null'}-localhost:27017] INFO  o.m.driver.cluster - [info,76] - Exception in monitor thread while connecting to server localhost:27017
com.mongodb.MongoSocketOpenException: Exception opening socket
	at com.mongodb.internal.connection.SocketStream.open(SocketStream.java:67)
	at com.mongodb.internal.connection.InternalStreamConnection.open(InternalStreamConnection.java:126)
	at com.mongodb.internal.connection.DefaultServerMonitor$ServerMonitorRunnable.run(DefaultServerMonitor.java:117)
	at java.lang.Thread.run(Thread.java:748)
Caused by: java.net.ConnectException: Connection refused (Connection refused)
	at java.net.PlainSocketImpl.socketConnect(Native Method)
	at java.net.AbstractPlainSocketImpl.doConnect(AbstractPlainSocketImpl.java:350)
	at java.net.AbstractPlainSocketImpl.connectToAddress(AbstractPlainSocketImpl.java:206)
	at java.net.AbstractPlainSocketImpl.connect(AbstractPlainSocketImpl.java:188)
	at java.net.SocksSocketImpl.connect(SocksSocketImpl.java:392)
	at java.net.Socket.connect(Socket.java:606)
	at com.mongodb.internal.connection.SocketStreamHelper.initialize(SocketStreamHelper.java:64)
	at com.mongodb.internal.connection.SocketStream.open(SocketStream.java:62)
	... 3 common frames omitted
18:31:05.592 [main] INFO  c.a.d.p.DruidDataSource - [init,991] - {dataSource-1} inited
18:31:05.903 [main] INFO  i.l.c.EpollProvider - [<clinit>,68] - Starting without optional epoll library
18:31:06.402 [main] INFO  i.l.c.KqueueProvider - [<clinit>,66] - Starting with kqueue library
18:31:06.978 [main] INFO  org.redisson.Version - [logVersion,41] - Redisson 3.9.1
18:31:07.181 [redisson-netty-5-8] INFO  o.r.c.p.MasterPubSubConnectionPool - [operationComplete,168] - 1 connections initialized for 127.0.0.1/127.0.0.1:6379
18:31:07.185 [redisson-netty-5-4] INFO  o.r.c.p.MasterConnectionPool - [operationComplete,168] - 32 connections initialized for 127.0.0.1/127.0.0.1:6379
18:31:09.755 [main] INFO  s.d.s.w.PropertySourcedRequestMappingHandlerMapping - [initHandlerMethods,69] - Mapped URL path [/v2/api-docs] onto method [public org.springframework.http.ResponseEntity<springfox.documentation.spring.web.json.Json> springfox.documentation.swagger2.web.Swagger2Controller.getDocumentation(java.lang.String,javax.servlet.http.HttpServletRequest)]
18:31:10.873 [main] INFO  s.d.s.w.p.DocumentationPluginsBootstrapper - [start,160] - Context refreshed
18:31:10.883 [main] INFO  s.d.s.w.p.DocumentationPluginsBootstrapper - [start,163] - Found 1 custom documentation plugin(s)
18:31:10.914 [main] INFO  s.d.s.w.s.ApiListingReferenceScanner - [scan,41] - Scanning for api listing references
18:31:11.168 [main] INFO  s.d.s.w.r.o.CachingOperationNameGenerator - [startingWith,40] - Generating unique operation named: playTrackUsingGET_1
18:31:11.179 [main] INFO  s.d.s.w.r.o.CachingOperationNameGenerator - [startingWith,40] - Generating unique operation named: detailUsingGET_1
18:31:11.186 [main] INFO  s.d.s.w.r.o.CachingOperationNameGenerator - [startingWith,40] - Generating unique operation named: detailUsingGET_2
18:31:11.187 [main] INFO  s.d.s.w.r.o.CachingOperationNameGenerator - [startingWith,40] - Generating unique operation named: listByAddressUsingGET_1
18:31:11.223 [main] INFO  s.d.s.w.r.o.CachingOperationNameGenerator - [startingWith,40] - Generating unique operation named: listForPlaylistUsingGET_1
18:31:11.255 [main] INFO  o.a.c.h.Http11NioProtocol - [log,173] - Starting ProtocolHandler ["http-nio-8081"]
18:31:11.275 [main] INFO  c.rocki.Application - [logStarted,59] - Started Application in 13.004 seconds (JVM running for 13.721)
18:31:11.840 [RMI TCP Connection(1)-127.0.0.1] INFO  o.a.c.c.C.[.[.[/] - [log,173] - Initializing Spring DispatcherServlet 'dispatcherServlet'
18:31:11.849 [RMI TCP Connection(2)-127.0.0.1] INFO  o.m.driver.cluster - [info,71] - Cluster description not yet available. Waiting for 30000 ms before timing out
18:36:17.807 [Thread-32] INFO  sys-user - [shutdownAsyncManager,31] - ====关闭后台任务任务线程池====
18:36:17.876 [Thread-32] INFO  c.a.d.p.DruidDataSource - [close,1928] - {dataSource-1} closed
18:36:22.647 [main] INFO  c.rocki.Application - [logStarting,50] - Starting Application on ShidiandeMac-mini.local with PID 25970 (/Users/ann/Desktop/Work/PZKJ/rocki/rocki-backend-server/rocki-app/target/classes started by ann in /Users/ann/Desktop/Work/PZKJ/rocki/rocki-backend-server)
18:36:22.651 [main] INFO  c.rocki.Application - [logStartupProfileInfo,679] - The following profiles are active: dev
18:36:25.622 [main] INFO  o.a.c.h.Http11NioProtocol - [log,173] - Initializing ProtocolHandler ["http-nio-8081"]
18:36:25.629 [main] INFO  o.a.c.c.StandardService - [log,173] - Starting service [Tomcat]
18:36:25.630 [main] INFO  o.a.c.c.StandardEngine - [log,173] - Starting Servlet engine: [Apache Tomcat/9.0.19]
18:36:25.745 [main] INFO  o.a.c.c.C.[.[.[/] - [log,173] - Initializing Spring embedded WebApplicationContext
18:36:26.472 [main] INFO  o.m.driver.cluster - [info,71] - Cluster created with settings {hosts=[localhost:27017], mode=SINGLE, requiredClusterType=UNKNOWN, serverSelectionTimeout='30000 ms', maxWaitQueueSize=500}
18:36:26.505 [cluster-ClusterId{value='60f1612abded7e6572dd9ad1', description='null'}-localhost:27017] INFO  o.m.driver.cluster - [info,76] - Exception in monitor thread while connecting to server localhost:27017
com.mongodb.MongoSocketOpenException: Exception opening socket
	at com.mongodb.internal.connection.SocketStream.open(SocketStream.java:67)
	at com.mongodb.internal.connection.InternalStreamConnection.open(InternalStreamConnection.java:126)
	at com.mongodb.internal.connection.DefaultServerMonitor$ServerMonitorRunnable.run(DefaultServerMonitor.java:117)
	at java.lang.Thread.run(Thread.java:748)
Caused by: java.net.ConnectException: Connection refused (Connection refused)
	at java.net.PlainSocketImpl.socketConnect(Native Method)
	at java.net.AbstractPlainSocketImpl.doConnect(AbstractPlainSocketImpl.java:350)
	at java.net.AbstractPlainSocketImpl.connectToAddress(AbstractPlainSocketImpl.java:206)
	at java.net.AbstractPlainSocketImpl.connect(AbstractPlainSocketImpl.java:188)
	at java.net.SocksSocketImpl.connect(SocksSocketImpl.java:392)
	at java.net.Socket.connect(Socket.java:606)
	at com.mongodb.internal.connection.SocketStreamHelper.initialize(SocketStreamHelper.java:64)
	at com.mongodb.internal.connection.SocketStream.open(SocketStream.java:62)
	... 3 common frames omitted
18:36:29.341 [main] INFO  c.a.d.p.DruidDataSource - [init,991] - {dataSource-1} inited
18:36:29.556 [main] INFO  i.l.c.EpollProvider - [<clinit>,68] - Starting without optional epoll library
18:36:30.013 [main] INFO  i.l.c.KqueueProvider - [<clinit>,66] - Starting with kqueue library
18:36:30.381 [main] INFO  org.redisson.Version - [logVersion,41] - Redisson 3.9.1
18:36:30.567 [redisson-netty-5-8] INFO  o.r.c.p.MasterPubSubConnectionPool - [operationComplete,168] - 1 connections initialized for 127.0.0.1/127.0.0.1:6379
18:36:30.568 [redisson-netty-5-4] INFO  o.r.c.p.MasterConnectionPool - [operationComplete,168] - 32 connections initialized for 127.0.0.1/127.0.0.1:6379
18:36:32.797 [main] INFO  s.d.s.w.PropertySourcedRequestMappingHandlerMapping - [initHandlerMethods,69] - Mapped URL path [/v2/api-docs] onto method [public org.springframework.http.ResponseEntity<springfox.documentation.spring.web.json.Json> springfox.documentation.swagger2.web.Swagger2Controller.getDocumentation(java.lang.String,javax.servlet.http.HttpServletRequest)]
18:36:33.994 [main] INFO  s.d.s.w.p.DocumentationPluginsBootstrapper - [start,160] - Context refreshed
18:36:34.004 [main] INFO  s.d.s.w.p.DocumentationPluginsBootstrapper - [start,163] - Found 1 custom documentation plugin(s)
18:36:34.039 [main] INFO  s.d.s.w.s.ApiListingReferenceScanner - [scan,41] - Scanning for api listing references
18:36:34.217 [main] INFO  s.d.s.w.r.o.CachingOperationNameGenerator - [startingWith,40] - Generating unique operation named: playTrackUsingGET_1
18:36:34.228 [main] INFO  s.d.s.w.r.o.CachingOperationNameGenerator - [startingWith,40] - Generating unique operation named: detailUsingGET_1
18:36:34.235 [main] INFO  s.d.s.w.r.o.CachingOperationNameGenerator - [startingWith,40] - Generating unique operation named: detailUsingGET_2
18:36:34.236 [main] INFO  s.d.s.w.r.o.CachingOperationNameGenerator - [startingWith,40] - Generating unique operation named: listByAddressUsingGET_1
18:36:34.272 [main] INFO  s.d.s.w.r.o.CachingOperationNameGenerator - [startingWith,40] - Generating unique operation named: listForPlaylistUsingGET_1
18:36:34.303 [main] INFO  o.a.c.h.Http11NioProtocol - [log,173] - Starting ProtocolHandler ["http-nio-8081"]
18:36:34.324 [main] INFO  c.rocki.Application - [logStarted,59] - Started Application in 12.132 seconds (JVM running for 12.957)
18:36:34.543 [RMI TCP Connection(2)-192.168.1.40] INFO  o.a.c.c.C.[.[.[/] - [log,173] - Initializing Spring DispatcherServlet 'dispatcherServlet'
18:36:34.553 [RMI TCP Connection(1)-192.168.1.40] INFO  o.m.driver.cluster - [info,71] - Cluster description not yet available. Waiting for 30000 ms before timing out
18:37:09.089 [Thread-30] INFO  sys-user - [shutdownAsyncManager,31] - ====关闭后台任务任务线程池====
18:37:09.198 [Thread-30] INFO  c.a.d.p.DruidDataSource - [close,1928] - {dataSource-1} closed
18:37:13.560 [main] INFO  c.rocki.Application - [logStarting,50] - Starting Application on ShidiandeMac-mini.local with PID 26000 (/Users/ann/Desktop/Work/PZKJ/rocki/rocki-backend-server/rocki-app/target/classes started by ann in /Users/ann/Desktop/Work/PZKJ/rocki/rocki-backend-server)
18:37:13.562 [main] INFO  c.rocki.Application - [logStartupProfileInfo,679] - The following profiles are active: dev
18:37:16.349 [main] INFO  o.a.c.h.Http11NioProtocol - [log,173] - Initializing ProtocolHandler ["http-nio-8081"]
18:37:16.356 [main] INFO  o.a.c.c.StandardService - [log,173] - Starting service [Tomcat]
18:37:16.356 [main] INFO  o.a.c.c.StandardEngine - [log,173] - Starting Servlet engine: [Apache Tomcat/9.0.19]
18:37:16.457 [main] INFO  o.a.c.c.C.[.[.[/] - [log,173] - Initializing Spring embedded WebApplicationContext
18:37:17.094 [main] INFO  o.m.driver.cluster - [info,71] - Cluster created with settings {hosts=[localhost:27017], mode=SINGLE, requiredClusterType=UNKNOWN, serverSelectionTimeout='30000 ms', maxWaitQueueSize=500}
18:37:17.130 [cluster-ClusterId{value='60f1615dbded7e65903411cd', description='null'}-localhost:27017] INFO  o.m.driver.cluster - [info,76] - Exception in monitor thread while connecting to server localhost:27017
com.mongodb.MongoSocketOpenException: Exception opening socket
	at com.mongodb.internal.connection.SocketStream.open(SocketStream.java:67)
	at com.mongodb.internal.connection.InternalStreamConnection.open(InternalStreamConnection.java:126)
	at com.mongodb.internal.connection.DefaultServerMonitor$ServerMonitorRunnable.run(DefaultServerMonitor.java:117)
	at java.lang.Thread.run(Thread.java:748)
Caused by: java.net.ConnectException: Connection refused (Connection refused)
	at java.net.PlainSocketImpl.socketConnect(Native Method)
	at java.net.AbstractPlainSocketImpl.doConnect(AbstractPlainSocketImpl.java:350)
	at java.net.AbstractPlainSocketImpl.connectToAddress(AbstractPlainSocketImpl.java:206)
	at java.net.AbstractPlainSocketImpl.connect(AbstractPlainSocketImpl.java:188)
	at java.net.SocksSocketImpl.connect(SocksSocketImpl.java:392)
	at java.net.Socket.connect(Socket.java:606)
	at com.mongodb.internal.connection.SocketStreamHelper.initialize(SocketStreamHelper.java:64)
	at com.mongodb.internal.connection.SocketStream.open(SocketStream.java:62)
	... 3 common frames omitted
18:37:19.933 [main] INFO  c.a.d.p.DruidDataSource - [init,991] - {dataSource-1} inited
18:37:20.121 [main] INFO  i.l.c.EpollProvider - [<clinit>,68] - Starting without optional epoll library
18:37:20.391 [main] INFO  i.l.c.KqueueProvider - [<clinit>,66] - Starting with kqueue library
18:37:20.730 [main] INFO  org.redisson.Version - [logVersion,41] - Redisson 3.9.1
18:37:20.890 [redisson-netty-5-2] INFO  o.r.c.p.MasterPubSubConnectionPool - [operationComplete,168] - 1 connections initialized for 127.0.0.1/127.0.0.1:6379
18:37:20.892 [redisson-netty-5-4] INFO  o.r.c.p.MasterConnectionPool - [operationComplete,168] - 32 connections initialized for 127.0.0.1/127.0.0.1:6379
18:37:23.207 [main] INFO  s.d.s.w.PropertySourcedRequestMappingHandlerMapping - [initHandlerMethods,69] - Mapped URL path [/v2/api-docs] onto method [public org.springframework.http.ResponseEntity<springfox.documentation.spring.web.json.Json> springfox.documentation.swagger2.web.Swagger2Controller.getDocumentation(java.lang.String,javax.servlet.http.HttpServletRequest)]
18:37:24.122 [main] INFO  s.d.s.w.p.DocumentationPluginsBootstrapper - [start,160] - Context refreshed
18:37:24.130 [main] INFO  s.d.s.w.p.DocumentationPluginsBootstrapper - [start,163] - Found 1 custom documentation plugin(s)
18:37:24.153 [main] INFO  s.d.s.w.s.ApiListingReferenceScanner - [scan,41] - Scanning for api listing references
18:37:24.301 [main] INFO  s.d.s.w.r.o.CachingOperationNameGenerator - [startingWith,40] - Generating unique operation named: playTrackUsingGET_1
18:37:24.313 [main] INFO  s.d.s.w.r.o.CachingOperationNameGenerator - [startingWith,40] - Generating unique operation named: detailUsingGET_1
18:37:24.320 [main] INFO  s.d.s.w.r.o.CachingOperationNameGenerator - [startingWith,40] - Generating unique operation named: detailUsingGET_2
18:37:24.321 [main] INFO  s.d.s.w.r.o.CachingOperationNameGenerator - [startingWith,40] - Generating unique operation named: listByAddressUsingGET_1
18:37:24.366 [main] INFO  s.d.s.w.r.o.CachingOperationNameGenerator - [startingWith,40] - Generating unique operation named: listForPlaylistUsingGET_1
18:37:24.403 [main] INFO  o.a.c.h.Http11NioProtocol - [log,173] - Starting ProtocolHandler ["http-nio-8081"]
18:37:24.427 [main] INFO  c.rocki.Application - [logStarted,59] - Started Application in 11.154 seconds (JVM running for 11.722)
18:37:24.593 [RMI TCP Connection(3)-192.168.1.40] INFO  o.a.c.c.C.[.[.[/] - [log,173] - Initializing Spring DispatcherServlet 'dispatcherServlet'
18:37:24.607 [RMI TCP Connection(2)-192.168.1.40] INFO  o.m.driver.cluster - [info,71] - Cluster description not yet available. Waiting for 30000 ms before timing out
18:39:40.187 [Thread-27] INFO  sys-user - [shutdownAsyncManager,31] - ====关闭后台任务任务线程池====
18:39:40.262 [Thread-27] INFO  c.a.d.p.DruidDataSource - [close,1928] - {dataSource-1} closed
18:39:45.993 [main] INFO  c.rocki.Application - [logStarting,50] - Starting Application on ShidiandeMac-mini.local with PID 26081 (/Users/ann/Desktop/Work/PZKJ/rocki/rocki-backend-server/rocki-app/target/classes started by ann in /Users/ann/Desktop/Work/PZKJ/rocki/rocki-backend-server)
18:39:45.995 [main] INFO  c.rocki.Application - [logStartupProfileInfo,679] - The following profiles are active: dev
18:39:48.892 [main] INFO  o.a.c.h.Http11NioProtocol - [log,173] - Initializing ProtocolHandler ["http-nio-8081"]
18:39:48.900 [main] INFO  o.a.c.c.StandardService - [log,173] - Starting service [Tomcat]
18:39:48.900 [main] INFO  o.a.c.c.StandardEngine - [log,173] - Starting Servlet engine: [Apache Tomcat/9.0.19]
18:39:49.011 [main] INFO  o.a.c.c.C.[.[.[/] - [log,173] - Initializing Spring embedded WebApplicationContext
18:39:49.679 [main] INFO  o.m.driver.cluster - [info,71] - Cluster created with settings {hosts=[localhost:27017], mode=SINGLE, requiredClusterType=UNKNOWN, serverSelectionTimeout='30000 ms', maxWaitQueueSize=500}
18:39:49.703 [cluster-ClusterId{value='60f161f5bded7e65e18ada16', description='null'}-localhost:27017] INFO  o.m.driver.cluster - [info,76] - Exception in monitor thread while connecting to server localhost:27017
com.mongodb.MongoSocketOpenException: Exception opening socket
	at com.mongodb.internal.connection.SocketStream.open(SocketStream.java:67)
	at com.mongodb.internal.connection.InternalStreamConnection.open(InternalStreamConnection.java:126)
	at com.mongodb.internal.connection.DefaultServerMonitor$ServerMonitorRunnable.run(DefaultServerMonitor.java:117)
	at java.lang.Thread.run(Thread.java:748)
Caused by: java.net.ConnectException: Connection refused (Connection refused)
	at java.net.PlainSocketImpl.socketConnect(Native Method)
	at java.net.AbstractPlainSocketImpl.doConnect(AbstractPlainSocketImpl.java:350)
	at java.net.AbstractPlainSocketImpl.connectToAddress(AbstractPlainSocketImpl.java:206)
	at java.net.AbstractPlainSocketImpl.connect(AbstractPlainSocketImpl.java:188)
	at java.net.SocksSocketImpl.connect(SocksSocketImpl.java:392)
	at java.net.Socket.connect(Socket.java:606)
	at com.mongodb.internal.connection.SocketStreamHelper.initialize(SocketStreamHelper.java:64)
	at com.mongodb.internal.connection.SocketStream.open(SocketStream.java:62)
	... 3 common frames omitted
18:39:52.545 [main] INFO  c.a.d.p.DruidDataSource - [init,991] - {dataSource-1} inited
18:39:52.722 [main] INFO  i.l.c.EpollProvider - [<clinit>,68] - Starting without optional epoll library
18:39:53.189 [main] INFO  i.l.c.KqueueProvider - [<clinit>,66] - Starting with kqueue library
18:39:53.637 [main] INFO  org.redisson.Version - [logVersion,41] - Redisson 3.9.1
18:39:53.835 [redisson-netty-5-11] INFO  o.r.c.p.MasterPubSubConnectionPool - [operationComplete,168] - 1 connections initialized for 127.0.0.1/127.0.0.1:6379
18:39:53.835 [redisson-netty-5-4] INFO  o.r.c.p.MasterConnectionPool - [operationComplete,168] - 32 connections initialized for 127.0.0.1/127.0.0.1:6379
18:39:55.921 [main] INFO  s.d.s.w.PropertySourcedRequestMappingHandlerMapping - [initHandlerMethods,69] - Mapped URL path [/v2/api-docs] onto method [public org.springframework.http.ResponseEntity<springfox.documentation.spring.web.json.Json> springfox.documentation.swagger2.web.Swagger2Controller.getDocumentation(java.lang.String,javax.servlet.http.HttpServletRequest)]
18:39:56.878 [main] INFO  s.d.s.w.p.DocumentationPluginsBootstrapper - [start,160] - Context refreshed
18:39:56.887 [main] INFO  s.d.s.w.p.DocumentationPluginsBootstrapper - [start,163] - Found 1 custom documentation plugin(s)
18:39:56.911 [main] INFO  s.d.s.w.s.ApiListingReferenceScanner - [scan,41] - Scanning for api listing references
18:39:57.072 [main] INFO  s.d.s.w.r.o.CachingOperationNameGenerator - [startingWith,40] - Generating unique operation named: playTrackUsingGET_1
18:39:57.082 [main] INFO  s.d.s.w.r.o.CachingOperationNameGenerator - [startingWith,40] - Generating unique operation named: detailUsingGET_1
18:39:57.091 [main] INFO  s.d.s.w.r.o.CachingOperationNameGenerator - [startingWith,40] - Generating unique operation named: detailUsingGET_2
18:39:57.092 [main] INFO  s.d.s.w.r.o.CachingOperationNameGenerator - [startingWith,40] - Generating unique operation named: listByAddressUsingGET_1
18:39:57.130 [main] INFO  s.d.s.w.r.o.CachingOperationNameGenerator - [startingWith,40] - Generating unique operation named: listForPlaylistUsingGET_1
18:39:57.159 [main] INFO  o.a.c.h.Http11NioProtocol - [log,173] - Starting ProtocolHandler ["http-nio-8081"]
18:39:57.177 [main] INFO  c.rocki.Application - [logStarted,59] - Started Application in 11.525 seconds (JVM running for 12.309)
18:39:57.661 [RMI TCP Connection(1)-127.0.0.1] INFO  o.a.c.c.C.[.[.[/] - [log,173] - Initializing Spring DispatcherServlet 'dispatcherServlet'
18:39:57.677 [RMI TCP Connection(2)-127.0.0.1] INFO  o.m.driver.cluster - [info,71] - Cluster description not yet available. Waiting for 30000 ms before timing out
18:50:42.973 [Thread-30] INFO  sys-user - [shutdownAsyncManager,31] - ====关闭后台任务任务线程池====
18:50:43.235 [Thread-30] INFO  c.a.d.p.DruidDataSource - [close,1928] - {dataSource-1} closed
18:50:48.961 [main] INFO  c.rocki.Application - [logStarting,50] - Starting Application on ShidiandeMac-mini.local with PID 26407 (/Users/ann/Desktop/Work/PZKJ/rocki/rocki-backend-server/rocki-app/target/classes started by ann in /Users/ann/Desktop/Work/PZKJ/rocki/rocki-backend-server)
18:50:48.964 [main] INFO  c.rocki.Application - [logStartupProfileInfo,679] - The following profiles are active: dev
18:50:52.260 [main] INFO  o.a.c.h.Http11NioProtocol - [log,173] - Initializing ProtocolHandler ["http-nio-8081"]
18:50:52.266 [main] INFO  o.a.c.c.StandardService - [log,173] - Starting service [Tomcat]
18:50:52.267 [main] INFO  o.a.c.c.StandardEngine - [log,173] - Starting Servlet engine: [Apache Tomcat/9.0.19]
18:50:52.384 [main] INFO  o.a.c.c.C.[.[.[/] - [log,173] - Initializing Spring embedded WebApplicationContext
18:50:53.042 [main] INFO  o.m.driver.cluster - [info,71] - Cluster created with settings {hosts=[localhost:27017], mode=SINGLE, requiredClusterType=UNKNOWN, serverSelectionTimeout='30000 ms', maxWaitQueueSize=500}
18:50:53.069 [cluster-ClusterId{value='60f1648dbded7e672721cabf', description='null'}-localhost:27017] INFO  o.m.driver.cluster - [info,76] - Exception in monitor thread while connecting to server localhost:27017
com.mongodb.MongoSocketOpenException: Exception opening socket
	at com.mongodb.internal.connection.SocketStream.open(SocketStream.java:67)
	at com.mongodb.internal.connection.InternalStreamConnection.open(InternalStreamConnection.java:126)
	at com.mongodb.internal.connection.DefaultServerMonitor$ServerMonitorRunnable.run(DefaultServerMonitor.java:117)
	at java.lang.Thread.run(Thread.java:748)
Caused by: java.net.ConnectException: Connection refused (Connection refused)
	at java.net.PlainSocketImpl.socketConnect(Native Method)
	at java.net.AbstractPlainSocketImpl.doConnect(AbstractPlainSocketImpl.java:350)
	at java.net.AbstractPlainSocketImpl.connectToAddress(AbstractPlainSocketImpl.java:206)
	at java.net.AbstractPlainSocketImpl.connect(AbstractPlainSocketImpl.java:188)
	at java.net.SocksSocketImpl.connect(SocksSocketImpl.java:392)
	at java.net.Socket.connect(Socket.java:606)
	at com.mongodb.internal.connection.SocketStreamHelper.initialize(SocketStreamHelper.java:64)
	at com.mongodb.internal.connection.SocketStream.open(SocketStream.java:62)
	... 3 common frames omitted
18:50:55.721 [main] INFO  c.a.d.p.DruidDataSource - [init,991] - {dataSource-1} inited
18:50:55.911 [main] INFO  i.l.c.EpollProvider - [<clinit>,68] - Starting without optional epoll library
18:50:56.309 [main] INFO  i.l.c.KqueueProvider - [<clinit>,66] - Starting with kqueue library
18:50:56.627 [main] INFO  org.redisson.Version - [logVersion,41] - Redisson 3.9.1
18:50:56.803 [redisson-netty-5-1] INFO  o.r.c.p.MasterPubSubConnectionPool - [operationComplete,168] - 1 connections initialized for 127.0.0.1/127.0.0.1:6379
18:50:56.804 [redisson-netty-5-4] INFO  o.r.c.p.MasterConnectionPool - [operationComplete,168] - 32 connections initialized for 127.0.0.1/127.0.0.1:6379
18:50:58.889 [main] INFO  s.d.s.w.PropertySourcedRequestMappingHandlerMapping - [initHandlerMethods,69] - Mapped URL path [/v2/api-docs] onto method [public org.springframework.http.ResponseEntity<springfox.documentation.spring.web.json.Json> springfox.documentation.swagger2.web.Swagger2Controller.getDocumentation(java.lang.String,javax.servlet.http.HttpServletRequest)]
18:50:59.944 [main] INFO  s.d.s.w.p.DocumentationPluginsBootstrapper - [start,160] - Context refreshed
18:50:59.954 [main] INFO  s.d.s.w.p.DocumentationPluginsBootstrapper - [start,163] - Found 1 custom documentation plugin(s)
18:50:59.980 [main] INFO  s.d.s.w.s.ApiListingReferenceScanner - [scan,41] - Scanning for api listing references
18:51:00.135 [main] INFO  s.d.s.w.r.o.CachingOperationNameGenerator - [startingWith,40] - Generating unique operation named: playTrackUsingGET_1
18:51:00.147 [main] INFO  s.d.s.w.r.o.CachingOperationNameGenerator - [startingWith,40] - Generating unique operation named: detailUsingGET_1
18:51:00.156 [main] INFO  s.d.s.w.r.o.CachingOperationNameGenerator - [startingWith,40] - Generating unique operation named: detailUsingGET_2
18:51:00.158 [main] INFO  s.d.s.w.r.o.CachingOperationNameGenerator - [startingWith,40] - Generating unique operation named: listByAddressUsingGET_1
18:51:00.194 [main] INFO  s.d.s.w.r.o.CachingOperationNameGenerator - [startingWith,40] - Generating unique operation named: listForPlaylistUsingGET_1
18:51:00.226 [main] INFO  o.a.c.h.Http11NioProtocol - [log,173] - Starting ProtocolHandler ["http-nio-8081"]
18:51:00.244 [main] INFO  c.rocki.Application - [logStarted,59] - Started Application in 11.725 seconds (JVM running for 12.733)
18:51:00.603 [RMI TCP Connection(2)-127.0.0.1] INFO  o.a.c.c.C.[.[.[/] - [log,173] - Initializing Spring DispatcherServlet 'dispatcherServlet'
18:51:00.613 [RMI TCP Connection(1)-127.0.0.1] INFO  o.m.driver.cluster - [info,71] - Cluster description not yet available. Waiting for 30000 ms before timing out
18:54:10.844 [Thread-30] INFO  sys-user - [shutdownAsyncManager,31] - ====关闭后台任务任务线程池====
18:54:10.941 [Thread-30] INFO  c.a.d.p.DruidDataSource - [close,1928] - {dataSource-1} closed
18:54:15.591 [main] INFO  c.rocki.Application - [logStarting,50] - Starting Application on ShidiandeMac-mini.local with PID 26514 (/Users/ann/Desktop/Work/PZKJ/rocki/rocki-backend-server/rocki-app/target/classes started by ann in /Users/ann/Desktop/Work/PZKJ/rocki/rocki-backend-server)
18:54:15.593 [main] INFO  c.rocki.Application - [logStartupProfileInfo,679] - The following profiles are active: dev
18:54:19.268 [main] INFO  o.a.c.h.Http11NioProtocol - [log,173] - Initializing ProtocolHandler ["http-nio-8081"]
18:54:19.275 [main] INFO  o.a.c.c.StandardService - [log,173] - Starting service [Tomcat]
18:54:19.275 [main] INFO  o.a.c.c.StandardEngine - [log,173] - Starting Servlet engine: [Apache Tomcat/9.0.19]
18:54:19.384 [main] INFO  o.a.c.c.C.[.[.[/] - [log,173] - Initializing Spring embedded WebApplicationContext
18:54:20.089 [main] INFO  o.m.driver.cluster - [info,71] - Cluster created with settings {hosts=[localhost:27017], mode=SINGLE, requiredClusterType=UNKNOWN, serverSelectionTimeout='30000 ms', maxWaitQueueSize=500}
18:54:20.125 [cluster-ClusterId{value='60f1655cbded7e6792c8c9e3', description='null'}-localhost:27017] INFO  o.m.driver.cluster - [info,76] - Exception in monitor thread while connecting to server localhost:27017
com.mongodb.MongoSocketOpenException: Exception opening socket
	at com.mongodb.internal.connection.SocketStream.open(SocketStream.java:67)
	at com.mongodb.internal.connection.InternalStreamConnection.open(InternalStreamConnection.java:126)
	at com.mongodb.internal.connection.DefaultServerMonitor$ServerMonitorRunnable.run(DefaultServerMonitor.java:117)
	at java.lang.Thread.run(Thread.java:748)
Caused by: java.net.ConnectException: Connection refused (Connection refused)
	at java.net.PlainSocketImpl.socketConnect(Native Method)
	at java.net.AbstractPlainSocketImpl.doConnect(AbstractPlainSocketImpl.java:350)
	at java.net.AbstractPlainSocketImpl.connectToAddress(AbstractPlainSocketImpl.java:206)
	at java.net.AbstractPlainSocketImpl.connect(AbstractPlainSocketImpl.java:188)
	at java.net.SocksSocketImpl.connect(SocksSocketImpl.java:392)
	at java.net.Socket.connect(Socket.java:606)
	at com.mongodb.internal.connection.SocketStreamHelper.initialize(SocketStreamHelper.java:64)
	at com.mongodb.internal.connection.SocketStream.open(SocketStream.java:62)
	... 3 common frames omitted
18:54:22.929 [main] INFO  c.a.d.p.DruidDataSource - [init,991] - {dataSource-1} inited
18:54:23.120 [main] INFO  i.l.c.EpollProvider - [<clinit>,68] - Starting without optional epoll library
18:54:23.362 [main] INFO  i.l.c.KqueueProvider - [<clinit>,66] - Starting with kqueue library
18:54:23.685 [main] INFO  org.redisson.Version - [logVersion,41] - Redisson 3.9.1
18:54:23.847 [redisson-netty-5-10] INFO  o.r.c.p.MasterConnectionPool - [operationComplete,168] - 32 connections initialized for 127.0.0.1/127.0.0.1:6379
18:54:23.847 [redisson-netty-5-4] INFO  o.r.c.p.MasterPubSubConnectionPool - [operationComplete,168] - 1 connections initialized for 127.0.0.1/127.0.0.1:6379
18:54:25.885 [main] INFO  s.d.s.w.PropertySourcedRequestMappingHandlerMapping - [initHandlerMethods,69] - Mapped URL path [/v2/api-docs] onto method [public org.springframework.http.ResponseEntity<springfox.documentation.spring.web.json.Json> springfox.documentation.swagger2.web.Swagger2Controller.getDocumentation(java.lang.String,javax.servlet.http.HttpServletRequest)]
18:54:26.917 [main] INFO  s.d.s.w.p.DocumentationPluginsBootstrapper - [start,160] - Context refreshed
18:54:26.926 [main] INFO  s.d.s.w.p.DocumentationPluginsBootstrapper - [start,163] - Found 1 custom documentation plugin(s)
18:54:26.950 [main] INFO  s.d.s.w.s.ApiListingReferenceScanner - [scan,41] - Scanning for api listing references
18:54:27.098 [main] INFO  s.d.s.w.r.o.CachingOperationNameGenerator - [startingWith,40] - Generating unique operation named: playTrackUsingGET_1
18:54:27.109 [main] INFO  s.d.s.w.r.o.CachingOperationNameGenerator - [startingWith,40] - Generating unique operation named: detailUsingGET_1
18:54:27.116 [main] INFO  s.d.s.w.r.o.CachingOperationNameGenerator - [startingWith,40] - Generating unique operation named: detailUsingGET_2
18:54:27.117 [main] INFO  s.d.s.w.r.o.CachingOperationNameGenerator - [startingWith,40] - Generating unique operation named: listByAddressUsingGET_1
18:54:27.156 [main] INFO  s.d.s.w.r.o.CachingOperationNameGenerator - [startingWith,40] - Generating unique operation named: listForPlaylistUsingGET_1
18:54:27.187 [main] INFO  o.a.c.h.Http11NioProtocol - [log,173] - Starting ProtocolHandler ["http-nio-8081"]
18:54:27.208 [main] INFO  c.rocki.Application - [logStarted,59] - Started Application in 12.091 seconds (JVM running for 12.784)
18:54:27.410 [RMI TCP Connection(3)-127.0.0.1] INFO  o.a.c.c.C.[.[.[/] - [log,173] - Initializing Spring DispatcherServlet 'dispatcherServlet'
18:54:27.424 [RMI TCP Connection(2)-127.0.0.1] INFO  o.m.driver.cluster - [info,71] - Cluster description not yet available. Waiting for 30000 ms before timing out
18:59:42.036 [Thread-30] INFO  sys-user - [shutdownAsyncManager,31] - ====关闭后台任务任务线程池====
18:59:42.113 [Thread-30] INFO  c.a.d.p.DruidDataSource - [close,1928] - {dataSource-1} closed
18:59:47.144 [main] INFO  c.rocki.Application - [logStarting,50] - Starting Application on ShidiandeMac-mini.local with PID 26651 (/Users/ann/Desktop/Work/PZKJ/rocki/rocki-backend-server/rocki-app/target/classes started by ann in /Users/ann/Desktop/Work/PZKJ/rocki/rocki-backend-server)
18:59:47.146 [main] INFO  c.rocki.Application - [logStartupProfileInfo,679] - The following profiles are active: dev
18:59:49.906 [main] INFO  o.a.c.h.Http11NioProtocol - [log,173] - Initializing ProtocolHandler ["http-nio-8081"]
18:59:49.913 [main] INFO  o.a.c.c.StandardService - [log,173] - Starting service [Tomcat]
18:59:49.913 [main] INFO  o.a.c.c.StandardEngine - [log,173] - Starting Servlet engine: [Apache Tomcat/9.0.19]
18:59:50.011 [main] INFO  o.a.c.c.C.[.[.[/] - [log,173] - Initializing Spring embedded WebApplicationContext
18:59:50.643 [main] INFO  o.m.driver.cluster - [info,71] - Cluster created with settings {hosts=[localhost:27017], mode=SINGLE, requiredClusterType=UNKNOWN, serverSelectionTimeout='30000 ms', maxWaitQueueSize=500}
18:59:50.671 [cluster-ClusterId{value='60f166a6bded7e681bd74415', description='null'}-localhost:27017] INFO  o.m.driver.cluster - [info,76] - Exception in monitor thread while connecting to server localhost:27017
com.mongodb.MongoSocketOpenException: Exception opening socket
	at com.mongodb.internal.connection.SocketStream.open(SocketStream.java:67)
	at com.mongodb.internal.connection.InternalStreamConnection.open(InternalStreamConnection.java:126)
	at com.mongodb.internal.connection.DefaultServerMonitor$ServerMonitorRunnable.run(DefaultServerMonitor.java:117)
	at java.lang.Thread.run(Thread.java:748)
Caused by: java.net.ConnectException: Connection refused (Connection refused)
	at java.net.PlainSocketImpl.socketConnect(Native Method)
	at java.net.AbstractPlainSocketImpl.doConnect(AbstractPlainSocketImpl.java:350)
	at java.net.AbstractPlainSocketImpl.connectToAddress(AbstractPlainSocketImpl.java:206)
	at java.net.AbstractPlainSocketImpl.connect(AbstractPlainSocketImpl.java:188)
	at java.net.SocksSocketImpl.connect(SocksSocketImpl.java:392)
	at java.net.Socket.connect(Socket.java:606)
	at com.mongodb.internal.connection.SocketStreamHelper.initialize(SocketStreamHelper.java:64)
	at com.mongodb.internal.connection.SocketStream.open(SocketStream.java:62)
	... 3 common frames omitted
18:59:53.285 [main] INFO  c.a.d.p.DruidDataSource - [init,991] - {dataSource-1} inited
18:59:53.458 [main] INFO  i.l.c.EpollProvider - [<clinit>,68] - Starting without optional epoll library
18:59:53.943 [main] INFO  i.l.c.KqueueProvider - [<clinit>,66] - Starting with kqueue library
18:59:54.254 [main] INFO  org.redisson.Version - [logVersion,41] - Redisson 3.9.1
18:59:54.409 [redisson-netty-5-12] INFO  o.r.c.p.MasterPubSubConnectionPool - [operationComplete,168] - 1 connections initialized for 127.0.0.1/127.0.0.1:6379
18:59:54.410 [redisson-netty-5-4] INFO  o.r.c.p.MasterConnectionPool - [operationComplete,168] - 32 connections initialized for 127.0.0.1/127.0.0.1:6379
18:59:56.410 [main] INFO  s.d.s.w.PropertySourcedRequestMappingHandlerMapping - [initHandlerMethods,69] - Mapped URL path [/v2/api-docs] onto method [public org.springframework.http.ResponseEntity<springfox.documentation.spring.web.json.Json> springfox.documentation.swagger2.web.Swagger2Controller.getDocumentation(java.lang.String,javax.servlet.http.HttpServletRequest)]
18:59:57.320 [main] INFO  s.d.s.w.p.DocumentationPluginsBootstrapper - [start,160] - Context refreshed
18:59:57.328 [main] INFO  s.d.s.w.p.DocumentationPluginsBootstrapper - [start,163] - Found 1 custom documentation plugin(s)
18:59:57.350 [main] INFO  s.d.s.w.s.ApiListingReferenceScanner - [scan,41] - Scanning for api listing references
18:59:57.488 [main] INFO  s.d.s.w.r.o.CachingOperationNameGenerator - [startingWith,40] - Generating unique operation named: playTrackUsingGET_1
18:59:57.499 [main] INFO  s.d.s.w.r.o.CachingOperationNameGenerator - [startingWith,40] - Generating unique operation named: detailUsingGET_1
18:59:57.505 [main] INFO  s.d.s.w.r.o.CachingOperationNameGenerator - [startingWith,40] - Generating unique operation named: detailUsingGET_2
18:59:57.506 [main] INFO  s.d.s.w.r.o.CachingOperationNameGenerator - [startingWith,40] - Generating unique operation named: listByAddressUsingGET_1
18:59:57.548 [main] INFO  s.d.s.w.r.o.CachingOperationNameGenerator - [startingWith,40] - Generating unique operation named: listForPlaylistUsingGET_1
18:59:57.578 [main] INFO  o.a.c.h.Http11NioProtocol - [log,173] - Starting ProtocolHandler ["http-nio-8081"]
18:59:57.598 [main] INFO  c.rocki.Application - [logStarted,59] - Started Application in 10.855 seconds (JVM running for 11.566)
18:59:57.956 [RMI TCP Connection(3)-127.0.0.1] INFO  o.a.c.c.C.[.[.[/] - [log,173] - Initializing Spring DispatcherServlet 'dispatcherServlet'
18:59:57.963 [RMI TCP Connection(2)-127.0.0.1] INFO  o.m.driver.cluster - [info,71] - Cluster description not yet available. Waiting for 30000 ms before timing out
19:00:30.380 [Thread-28] INFO  sys-user - [shutdownAsyncManager,31] - ====关闭后台任务任务线程池====
19:00:30.419 [Thread-28] INFO  c.a.d.p.DruidDataSource - [close,1928] - {dataSource-1} closed
