16:37:32.952 [main] INFO  c.rocki.Application - [logStarting,50] - Starting Application on ShidiandeMac-mini.local with PID 27209 (/Users/ann/Desktop/Work/PZKJ/rocki/rocki-backend-server/rocki-app/target/classes started by ann in /Users/ann/Desktop/Work/PZKJ/rocki/rocki-backend-server)
16:37:32.960 [main] INFO  c.rocki.Application - [logStartupProfileInfo,679] - The following profiles are active: dev
16:37:36.168 [main] INFO  o.a.c.h.Http11NioProtocol - [log,173] - Initializing ProtocolHandler ["http-nio-8081"]
16:37:36.176 [main] INFO  o.a.c.c.StandardService - [log,173] - Starting service [Tomcat]
16:37:36.176 [main] INFO  o.a.c.c.StandardEngine - [log,173] - Starting Servlet engine: [Apache Tomcat/9.0.19]
16:37:36.290 [main] INFO  o.a.c.c.C.[.[.[/] - [log,173] - Initializing Spring embedded WebApplicationContext
16:37:37.078 [main] INFO  o.m.driver.cluster - [info,71] - Cluster created with settings {hosts=[localhost:27017], mode=SINGLE, requiredClusterType=UNKNOWN, serverSelectionTimeout='30000 ms', maxWaitQueueSize=500}
16:37:37.106 [cluster-ClusterId{value='60f7dcd1e7915e6a497bb336', description='null'}-localhost:27017] INFO  o.m.driver.cluster - [info,76] - Exception in monitor thread while connecting to server localhost:27017
com.mongodb.MongoSocketOpenException: Exception opening socket
	at com.mongodb.internal.connection.SocketStream.open(SocketStream.java:67)
	at com.mongodb.internal.connection.InternalStreamConnection.open(InternalStreamConnection.java:126)
	at com.mongodb.internal.connection.DefaultServerMonitor$ServerMonitorRunnable.run(DefaultServerMonitor.java:117)
	at java.lang.Thread.run(Thread.java:748)
Caused by: java.net.ConnectException: Connection refused (Connection refused)
	at java.net.PlainSocketImpl.socketConnect(Native Method)
	at java.net.AbstractPlainSocketImpl.doConnect(AbstractPlainSocketImpl.java:350)
	at java.net.AbstractPlainSocketImpl.connectToAddress(AbstractPlainSocketImpl.java:206)
	at java.net.AbstractPlainSocketImpl.connect(AbstractPlainSocketImpl.java:188)
	at java.net.SocksSocketImpl.connect(SocksSocketImpl.java:392)
	at java.net.Socket.connect(Socket.java:606)
	at com.mongodb.internal.connection.SocketStreamHelper.initialize(SocketStreamHelper.java:64)
	at com.mongodb.internal.connection.SocketStream.open(SocketStream.java:62)
	... 3 common frames omitted
16:37:39.787 [main] INFO  c.a.d.p.DruidDataSource - [init,991] - {dataSource-1} inited
16:37:39.793 [main] INFO  c.a.d.p.DruidDataSource - [close,1928] - {dataSource-1} closed
16:37:39.808 [main] INFO  o.a.c.c.StandardService - [log,173] - Stopping service [Tomcat]
16:38:29.080 [main] INFO  c.rocki.Application - [logStarting,50] - Starting Application on ShidiandeMac-mini.local with PID 27266 (/Users/ann/Desktop/Work/PZKJ/rocki/rocki-backend-server/rocki-app/target/classes started by ann in /Users/ann/Desktop/Work/PZKJ/rocki/rocki-backend-server)
16:38:29.083 [main] INFO  c.rocki.Application - [logStartupProfileInfo,679] - The following profiles are active: dev
16:38:32.171 [main] INFO  o.a.c.h.Http11NioProtocol - [log,173] - Initializing ProtocolHandler ["http-nio-8081"]
16:38:32.179 [main] INFO  o.a.c.c.StandardService - [log,173] - Starting service [Tomcat]
16:38:32.179 [main] INFO  o.a.c.c.StandardEngine - [log,173] - Starting Servlet engine: [Apache Tomcat/9.0.19]
16:38:32.316 [main] INFO  o.a.c.c.C.[.[.[/] - [log,173] - Initializing Spring embedded WebApplicationContext
16:38:33.065 [main] INFO  o.m.driver.cluster - [info,71] - Cluster created with settings {hosts=[localhost:27017], mode=SINGLE, requiredClusterType=UNKNOWN, serverSelectionTimeout='30000 ms', maxWaitQueueSize=500}
16:38:33.097 [cluster-ClusterId{value='60f7dd09e7915e6a82e71e07', description='null'}-localhost:27017] INFO  o.m.driver.cluster - [info,76] - Exception in monitor thread while connecting to server localhost:27017
com.mongodb.MongoSocketOpenException: Exception opening socket
	at com.mongodb.internal.connection.SocketStream.open(SocketStream.java:67)
	at com.mongodb.internal.connection.InternalStreamConnection.open(InternalStreamConnection.java:126)
	at com.mongodb.internal.connection.DefaultServerMonitor$ServerMonitorRunnable.run(DefaultServerMonitor.java:117)
	at java.lang.Thread.run(Thread.java:748)
Caused by: java.net.ConnectException: Connection refused (Connection refused)
	at java.net.PlainSocketImpl.socketConnect(Native Method)
	at java.net.AbstractPlainSocketImpl.doConnect(AbstractPlainSocketImpl.java:350)
	at java.net.AbstractPlainSocketImpl.connectToAddress(AbstractPlainSocketImpl.java:206)
	at java.net.AbstractPlainSocketImpl.connect(AbstractPlainSocketImpl.java:188)
	at java.net.SocksSocketImpl.connect(SocksSocketImpl.java:392)
	at java.net.Socket.connect(Socket.java:606)
	at com.mongodb.internal.connection.SocketStreamHelper.initialize(SocketStreamHelper.java:64)
	at com.mongodb.internal.connection.SocketStream.open(SocketStream.java:62)
	... 3 common frames omitted
16:38:35.859 [main] INFO  c.a.d.p.DruidDataSource - [init,991] - {dataSource-1} inited
16:38:36.100 [main] INFO  i.l.c.EpollProvider - [<clinit>,68] - Starting without optional epoll library
16:38:36.489 [main] INFO  i.l.c.KqueueProvider - [<clinit>,66] - Starting with kqueue library
16:38:36.879 [main] INFO  org.redisson.Version - [logVersion,41] - Redisson 3.9.1
16:38:37.069 [redisson-netty-5-12] INFO  o.r.c.p.MasterPubSubConnectionPool - [operationComplete,168] - 1 connections initialized for 127.0.0.1/127.0.0.1:6379
16:38:37.069 [redisson-netty-5-2] INFO  o.r.c.p.MasterConnectionPool - [operationComplete,168] - 32 connections initialized for 127.0.0.1/127.0.0.1:6379
16:38:39.156 [main] INFO  s.d.s.w.PropertySourcedRequestMappingHandlerMapping - [initHandlerMethods,69] - Mapped URL path [/v2/api-docs] onto method [public org.springframework.http.ResponseEntity<springfox.documentation.spring.web.json.Json> springfox.documentation.swagger2.web.Swagger2Controller.getDocumentation(java.lang.String,javax.servlet.http.HttpServletRequest)]
16:38:40.235 [main] INFO  s.d.s.w.p.DocumentationPluginsBootstrapper - [start,160] - Context refreshed
16:38:40.247 [main] INFO  s.d.s.w.p.DocumentationPluginsBootstrapper - [start,163] - Found 1 custom documentation plugin(s)
16:38:40.277 [main] INFO  s.d.s.w.s.ApiListingReferenceScanner - [scan,41] - Scanning for api listing references
16:38:40.448 [main] INFO  s.d.s.w.r.o.CachingOperationNameGenerator - [startingWith,40] - Generating unique operation named: playTrackUsingGET_1
16:38:40.459 [main] INFO  s.d.s.w.r.o.CachingOperationNameGenerator - [startingWith,40] - Generating unique operation named: detailUsingGET_1
16:38:40.466 [main] INFO  s.d.s.w.r.o.CachingOperationNameGenerator - [startingWith,40] - Generating unique operation named: detailUsingGET_2
16:38:40.467 [main] INFO  s.d.s.w.r.o.CachingOperationNameGenerator - [startingWith,40] - Generating unique operation named: listByAddressUsingGET_1
16:38:40.504 [main] INFO  s.d.s.w.r.o.CachingOperationNameGenerator - [startingWith,40] - Generating unique operation named: listForPlaylistUsingGET_1
16:38:40.533 [main] INFO  o.a.c.h.Http11NioProtocol - [log,173] - Starting ProtocolHandler ["http-nio-8081"]
16:38:40.553 [main] INFO  c.rocki.Application - [logStarted,59] - Started Application in 11.935 seconds (JVM running for 12.706)
16:38:40.970 [RMI TCP Connection(2)-127.0.0.1] INFO  o.a.c.c.C.[.[.[/] - [log,173] - Initializing Spring DispatcherServlet 'dispatcherServlet'
16:38:40.982 [RMI TCP Connection(1)-127.0.0.1] INFO  o.m.driver.cluster - [info,71] - Cluster description not yet available. Waiting for 30000 ms before timing out
16:57:42.358 [Thread-30] INFO  sys-user - [shutdownAsyncManager,31] - ====关闭后台任务任务线程池====
16:57:42.667 [Thread-30] INFO  c.a.d.p.DruidDataSource - [close,1928] - {dataSource-1} closed
16:57:48.908 [main] INFO  c.rocki.Application - [logStarting,50] - Starting Application on ShidiandeMac-mini.local with PID 27880 (/Users/ann/Desktop/Work/PZKJ/rocki/rocki-backend-server/rocki-app/target/classes started by ann in /Users/ann/Desktop/Work/PZKJ/rocki/rocki-backend-server)
16:57:48.913 [main] INFO  c.rocki.Application - [logStartupProfileInfo,679] - The following profiles are active: dev
16:57:52.398 [main] INFO  o.a.c.h.Http11NioProtocol - [log,173] - Initializing ProtocolHandler ["http-nio-8081"]
16:57:52.405 [main] INFO  o.a.c.c.StandardService - [log,173] - Starting service [Tomcat]
16:57:52.405 [main] INFO  o.a.c.c.StandardEngine - [log,173] - Starting Servlet engine: [Apache Tomcat/9.0.19]
16:57:52.522 [main] INFO  o.a.c.c.C.[.[.[/] - [log,173] - Initializing Spring embedded WebApplicationContext
16:57:53.194 [main] INFO  o.m.driver.cluster - [info,71] - Cluster created with settings {hosts=[localhost:27017], mode=SINGLE, requiredClusterType=UNKNOWN, serverSelectionTimeout='30000 ms', maxWaitQueueSize=500}
16:57:53.218 [cluster-ClusterId{value='60f7e19160989e6ce86ed2a3', description='null'}-localhost:27017] INFO  o.m.driver.cluster - [info,76] - Exception in monitor thread while connecting to server localhost:27017
com.mongodb.MongoSocketOpenException: Exception opening socket
	at com.mongodb.internal.connection.SocketStream.open(SocketStream.java:67)
	at com.mongodb.internal.connection.InternalStreamConnection.open(InternalStreamConnection.java:126)
	at com.mongodb.internal.connection.DefaultServerMonitor$ServerMonitorRunnable.run(DefaultServerMonitor.java:117)
	at java.lang.Thread.run(Thread.java:748)
Caused by: java.net.ConnectException: Connection refused (Connection refused)
	at java.net.PlainSocketImpl.socketConnect(Native Method)
	at java.net.AbstractPlainSocketImpl.doConnect(AbstractPlainSocketImpl.java:350)
	at java.net.AbstractPlainSocketImpl.connectToAddress(AbstractPlainSocketImpl.java:206)
	at java.net.AbstractPlainSocketImpl.connect(AbstractPlainSocketImpl.java:188)
	at java.net.SocksSocketImpl.connect(SocksSocketImpl.java:392)
	at java.net.Socket.connect(Socket.java:606)
	at com.mongodb.internal.connection.SocketStreamHelper.initialize(SocketStreamHelper.java:64)
	at com.mongodb.internal.connection.SocketStream.open(SocketStream.java:62)
	... 3 common frames omitted
16:57:55.782 [main] INFO  c.a.d.p.DruidDataSource - [init,991] - {dataSource-1} inited
16:57:55.999 [main] INFO  i.l.c.EpollProvider - [<clinit>,68] - Starting without optional epoll library
16:57:56.465 [main] INFO  i.l.c.KqueueProvider - [<clinit>,66] - Starting with kqueue library
16:57:56.783 [main] INFO  org.redisson.Version - [logVersion,41] - Redisson 3.9.1
16:57:56.928 [redisson-netty-5-9] INFO  o.r.c.p.MasterPubSubConnectionPool - [operationComplete,168] - 1 connections initialized for 127.0.0.1/127.0.0.1:6379
16:57:56.929 [redisson-netty-5-9] INFO  o.r.c.p.MasterConnectionPool - [operationComplete,168] - 32 connections initialized for 127.0.0.1/127.0.0.1:6379
16:57:58.900 [main] INFO  s.d.s.w.PropertySourcedRequestMappingHandlerMapping - [initHandlerMethods,69] - Mapped URL path [/v2/api-docs] onto method [public org.springframework.http.ResponseEntity<springfox.documentation.spring.web.json.Json> springfox.documentation.swagger2.web.Swagger2Controller.getDocumentation(java.lang.String,javax.servlet.http.HttpServletRequest)]
16:57:59.907 [main] INFO  s.d.s.w.p.DocumentationPluginsBootstrapper - [start,160] - Context refreshed
16:57:59.915 [main] INFO  s.d.s.w.p.DocumentationPluginsBootstrapper - [start,163] - Found 1 custom documentation plugin(s)
16:57:59.953 [main] INFO  s.d.s.w.s.ApiListingReferenceScanner - [scan,41] - Scanning for api listing references
16:58:00.111 [main] INFO  s.d.s.w.r.o.CachingOperationNameGenerator - [startingWith,40] - Generating unique operation named: playTrackUsingGET_1
16:58:00.126 [main] INFO  s.d.s.w.r.o.CachingOperationNameGenerator - [startingWith,40] - Generating unique operation named: detailUsingGET_1
16:58:00.134 [main] INFO  s.d.s.w.r.o.CachingOperationNameGenerator - [startingWith,40] - Generating unique operation named: detailUsingGET_2
16:58:00.135 [main] INFO  s.d.s.w.r.o.CachingOperationNameGenerator - [startingWith,40] - Generating unique operation named: listByAddressUsingGET_1
16:58:00.169 [main] INFO  s.d.s.w.r.o.CachingOperationNameGenerator - [startingWith,40] - Generating unique operation named: listForPlaylistUsingGET_1
16:58:00.198 [main] INFO  o.a.c.h.Http11NioProtocol - [log,173] - Starting ProtocolHandler ["http-nio-8081"]
16:58:00.219 [main] INFO  c.rocki.Application - [logStarted,59] - Started Application in 11.75 seconds (JVM running for 12.373)
16:58:00.677 [RMI TCP Connection(3)-192.168.1.40] INFO  o.a.c.c.C.[.[.[/] - [log,173] - Initializing Spring DispatcherServlet 'dispatcherServlet'
16:58:00.684 [RMI TCP Connection(4)-192.168.1.40] INFO  o.m.driver.cluster - [info,71] - Cluster description not yet available. Waiting for 30000 ms before timing out
16:59:22.803 [Thread-29] INFO  sys-user - [shutdownAsyncManager,31] - ====关闭后台任务任务线程池====
16:59:22.878 [Thread-29] INFO  c.a.d.p.DruidDataSource - [close,1928] - {dataSource-1} closed
17:57:40.931 [main] INFO  c.rocki.Application - [logStarting,50] - Starting Application on ShidiandeMac-mini.local with PID 30413 (/Users/ann/Desktop/Work/PZKJ/rocki/rocki-backend-server/rocki-app/target/classes started by ann in /Users/ann/Desktop/Work/PZKJ/rocki/rocki-backend-server)
17:57:40.935 [main] INFO  c.rocki.Application - [logStartupProfileInfo,679] - The following profiles are active: dev
17:57:44.340 [main] INFO  o.a.c.h.Http11NioProtocol - [log,173] - Initializing ProtocolHandler ["http-nio-8081"]
17:57:44.348 [main] INFO  o.a.c.c.StandardService - [log,173] - Starting service [Tomcat]
17:57:44.349 [main] INFO  o.a.c.c.StandardEngine - [log,173] - Starting Servlet engine: [Apache Tomcat/9.0.19]
17:57:44.480 [main] INFO  o.a.c.c.C.[.[.[/] - [log,173] - Initializing Spring embedded WebApplicationContext
17:57:45.306 [main] INFO  o.m.driver.cluster - [info,71] - Cluster created with settings {hosts=[localhost:27017], mode=SINGLE, requiredClusterType=UNKNOWN, serverSelectionTimeout='30000 ms', maxWaitQueueSize=500}
17:57:45.346 [cluster-ClusterId{value='60f7ef99e1c65e76cd0b2c8f', description='null'}-localhost:27017] INFO  o.m.driver.cluster - [info,76] - Exception in monitor thread while connecting to server localhost:27017
com.mongodb.MongoSocketOpenException: Exception opening socket
	at com.mongodb.internal.connection.SocketStream.open(SocketStream.java:67)
	at com.mongodb.internal.connection.InternalStreamConnection.open(InternalStreamConnection.java:126)
	at com.mongodb.internal.connection.DefaultServerMonitor$ServerMonitorRunnable.run(DefaultServerMonitor.java:117)
	at java.lang.Thread.run(Thread.java:748)
Caused by: java.net.ConnectException: Connection refused (Connection refused)
	at java.net.PlainSocketImpl.socketConnect(Native Method)
	at java.net.AbstractPlainSocketImpl.doConnect(AbstractPlainSocketImpl.java:350)
	at java.net.AbstractPlainSocketImpl.connectToAddress(AbstractPlainSocketImpl.java:206)
	at java.net.AbstractPlainSocketImpl.connect(AbstractPlainSocketImpl.java:188)
	at java.net.SocksSocketImpl.connect(SocksSocketImpl.java:392)
	at java.net.Socket.connect(Socket.java:606)
	at com.mongodb.internal.connection.SocketStreamHelper.initialize(SocketStreamHelper.java:64)
	at com.mongodb.internal.connection.SocketStream.open(SocketStream.java:62)
	... 3 common frames omitted
17:57:48.318 [main] INFO  c.a.d.p.DruidDataSource - [init,991] - {dataSource-1} inited
17:57:48.555 [main] INFO  i.l.c.EpollProvider - [<clinit>,68] - Starting without optional epoll library
17:57:48.959 [main] INFO  i.l.c.KqueueProvider - [<clinit>,66] - Starting with kqueue library
17:57:49.374 [main] INFO  org.redisson.Version - [logVersion,41] - Redisson 3.9.1
17:57:49.587 [redisson-netty-5-10] INFO  o.r.c.p.MasterConnectionPool - [operationComplete,168] - 32 connections initialized for 127.0.0.1/127.0.0.1:6379
17:57:49.588 [redisson-netty-5-4] INFO  o.r.c.p.MasterPubSubConnectionPool - [operationComplete,168] - 1 connections initialized for 127.0.0.1/127.0.0.1:6379
17:57:51.657 [main] INFO  s.d.s.w.PropertySourcedRequestMappingHandlerMapping - [initHandlerMethods,69] - Mapped URL path [/v2/api-docs] onto method [public org.springframework.http.ResponseEntity<springfox.documentation.spring.web.json.Json> springfox.documentation.swagger2.web.Swagger2Controller.getDocumentation(java.lang.String,javax.servlet.http.HttpServletRequest)]
17:57:52.776 [main] INFO  s.d.s.w.p.DocumentationPluginsBootstrapper - [start,160] - Context refreshed
17:57:52.788 [main] INFO  s.d.s.w.p.DocumentationPluginsBootstrapper - [start,163] - Found 1 custom documentation plugin(s)
17:57:52.816 [main] INFO  s.d.s.w.s.ApiListingReferenceScanner - [scan,41] - Scanning for api listing references
17:57:52.968 [main] INFO  s.d.s.w.r.o.CachingOperationNameGenerator - [startingWith,40] - Generating unique operation named: playTrackUsingGET_1
17:57:52.980 [main] INFO  s.d.s.w.r.o.CachingOperationNameGenerator - [startingWith,40] - Generating unique operation named: detailUsingGET_1
17:57:52.992 [main] INFO  s.d.s.w.r.o.CachingOperationNameGenerator - [startingWith,40] - Generating unique operation named: detailUsingGET_2
17:57:52.993 [main] INFO  s.d.s.w.r.o.CachingOperationNameGenerator - [startingWith,40] - Generating unique operation named: listByAddressUsingGET_1
17:57:53.029 [main] INFO  s.d.s.w.r.o.CachingOperationNameGenerator - [startingWith,40] - Generating unique operation named: listForPlaylistUsingGET_1
17:57:53.055 [main] INFO  o.a.c.h.Http11NioProtocol - [log,173] - Starting ProtocolHandler ["http-nio-8081"]
17:57:53.075 [main] INFO  c.rocki.Application - [logStarted,59] - Started Application in 12.516 seconds (JVM running for 13.298)
17:57:53.379 [RMI TCP Connection(1)-127.0.0.1] INFO  o.a.c.c.C.[.[.[/] - [log,173] - Initializing Spring DispatcherServlet 'dispatcherServlet'
17:57:53.390 [RMI TCP Connection(2)-127.0.0.1] INFO  o.m.driver.cluster - [info,71] - Cluster description not yet available. Waiting for 30000 ms before timing out
17:59:00.479 [Thread-31] INFO  sys-user - [shutdownAsyncManager,31] - ====关闭后台任务任务线程池====
17:59:00.684 [Thread-31] INFO  c.a.d.p.DruidDataSource - [close,1928] - {dataSource-1} closed
17:59:05.628 [main] INFO  c.rocki.Application - [logStarting,50] - Starting Application on ShidiandeMac-mini.local with PID 30471 (/Users/ann/Desktop/Work/PZKJ/rocki/rocki-backend-server/rocki-app/target/classes started by ann in /Users/ann/Desktop/Work/PZKJ/rocki/rocki-backend-server)
17:59:05.632 [main] INFO  c.rocki.Application - [logStartupProfileInfo,679] - The following profiles are active: dev
17:59:08.963 [main] INFO  o.a.c.h.Http11NioProtocol - [log,173] - Initializing ProtocolHandler ["http-nio-8081"]
17:59:08.977 [main] INFO  o.a.c.c.StandardService - [log,173] - Starting service [Tomcat]
17:59:08.977 [main] INFO  o.a.c.c.StandardEngine - [log,173] - Starting Servlet engine: [Apache Tomcat/9.0.19]
17:59:09.203 [main] INFO  o.a.c.c.C.[.[.[/] - [log,173] - Initializing Spring embedded WebApplicationContext
17:59:10.312 [main] INFO  o.m.driver.cluster - [info,71] - Cluster created with settings {hosts=[localhost:27017], mode=SINGLE, requiredClusterType=UNKNOWN, serverSelectionTimeout='30000 ms', maxWaitQueueSize=500}
17:59:10.365 [cluster-ClusterId{value='60f7efeee1c65e77079ab59c', description='null'}-localhost:27017] INFO  o.m.driver.cluster - [info,76] - Exception in monitor thread while connecting to server localhost:27017
com.mongodb.MongoSocketOpenException: Exception opening socket
	at com.mongodb.internal.connection.SocketStream.open(SocketStream.java:67)
	at com.mongodb.internal.connection.InternalStreamConnection.open(InternalStreamConnection.java:126)
	at com.mongodb.internal.connection.DefaultServerMonitor$ServerMonitorRunnable.run(DefaultServerMonitor.java:117)
	at java.lang.Thread.run(Thread.java:748)
Caused by: java.net.ConnectException: Connection refused (Connection refused)
	at java.net.PlainSocketImpl.socketConnect(Native Method)
	at java.net.AbstractPlainSocketImpl.doConnect(AbstractPlainSocketImpl.java:350)
	at java.net.AbstractPlainSocketImpl.connectToAddress(AbstractPlainSocketImpl.java:206)
	at java.net.AbstractPlainSocketImpl.connect(AbstractPlainSocketImpl.java:188)
	at java.net.SocksSocketImpl.connect(SocksSocketImpl.java:392)
	at java.net.Socket.connect(Socket.java:606)
	at com.mongodb.internal.connection.SocketStreamHelper.initialize(SocketStreamHelper.java:64)
	at com.mongodb.internal.connection.SocketStream.open(SocketStream.java:62)
	... 3 common frames omitted
17:59:13.544 [main] INFO  c.a.d.p.DruidDataSource - [init,991] - {dataSource-1} inited
17:59:13.820 [main] INFO  i.l.c.EpollProvider - [<clinit>,68] - Starting without optional epoll library
17:59:14.030 [main] INFO  i.l.c.KqueueProvider - [<clinit>,66] - Starting with kqueue library
17:59:14.515 [main] INFO  org.redisson.Version - [logVersion,41] - Redisson 3.9.1
17:59:14.705 [redisson-netty-5-10] INFO  o.r.c.p.MasterConnectionPool - [operationComplete,168] - 32 connections initialized for 127.0.0.1/127.0.0.1:6379
17:59:14.705 [redisson-netty-5-4] INFO  o.r.c.p.MasterPubSubConnectionPool - [operationComplete,168] - 1 connections initialized for 127.0.0.1/127.0.0.1:6379
17:59:17.006 [main] INFO  s.d.s.w.PropertySourcedRequestMappingHandlerMapping - [initHandlerMethods,69] - Mapped URL path [/v2/api-docs] onto method [public org.springframework.http.ResponseEntity<springfox.documentation.spring.web.json.Json> springfox.documentation.swagger2.web.Swagger2Controller.getDocumentation(java.lang.String,javax.servlet.http.HttpServletRequest)]
17:59:18.145 [main] INFO  s.d.s.w.p.DocumentationPluginsBootstrapper - [start,160] - Context refreshed
17:59:18.154 [main] INFO  s.d.s.w.p.DocumentationPluginsBootstrapper - [start,163] - Found 1 custom documentation plugin(s)
17:59:18.182 [main] INFO  s.d.s.w.s.ApiListingReferenceScanner - [scan,41] - Scanning for api listing references
17:59:18.336 [main] INFO  s.d.s.w.r.o.CachingOperationNameGenerator - [startingWith,40] - Generating unique operation named: playTrackUsingGET_1
17:59:18.350 [main] INFO  s.d.s.w.r.o.CachingOperationNameGenerator - [startingWith,40] - Generating unique operation named: detailUsingGET_1
17:59:18.362 [main] INFO  s.d.s.w.r.o.CachingOperationNameGenerator - [startingWith,40] - Generating unique operation named: detailUsingGET_2
17:59:18.363 [main] INFO  s.d.s.w.r.o.CachingOperationNameGenerator - [startingWith,40] - Generating unique operation named: listByAddressUsingGET_1
17:59:18.399 [main] INFO  s.d.s.w.r.o.CachingOperationNameGenerator - [startingWith,40] - Generating unique operation named: listForPlaylistUsingGET_1
17:59:18.422 [main] INFO  o.a.c.h.Http11NioProtocol - [log,173] - Starting ProtocolHandler ["http-nio-8081"]
17:59:18.441 [main] INFO  c.rocki.Application - [logStarted,59] - Started Application in 13.394 seconds (JVM running for 14.84)
17:59:18.751 [RMI TCP Connection(6)-127.0.0.1] INFO  o.a.c.c.C.[.[.[/] - [log,173] - Initializing Spring DispatcherServlet 'dispatcherServlet'
17:59:18.761 [RMI TCP Connection(5)-127.0.0.1] INFO  o.m.driver.cluster - [info,71] - Cluster description not yet available. Waiting for 30000 ms before timing out
17:59:55.215 [http-nio-8081-exec-22] INFO  c.r.a.c.n.b.AppBounceBrandNftUserController - [sendReceipt,89] - userAddr: 127.0.0.1 : /api/v2/nft/user/brand/sendReceipt hash 0xc244e2a5c6bbc89cfda2c32ae0086052c95c3b55 at Wed Jul 21 17:59:55 CST 2021
18:00:27.986 [http-nio-8081-exec-25] INFO  c.r.a.c.n.b.AppBounceBrandNftUserController - [sendReceipt,89] - userAddr: 127.0.0.1 : /api/v2/nft/user/brand/sendReceipt hash 0xc244e2a5c6bbc89cfda2c32ae0086052c95c3b55 at Wed Jul 21 18:00:27 CST 2021
18:01:23.319 [http-nio-8081-exec-30] INFO  c.r.a.c.n.b.AppBounceBrandNftUserController - [sendReceipt,89] - userAddr: 127.0.0.1 : /api/v2/nft/user/brand/sendReceipt hash 0x9ba392a6e8f793986315f29cb8ce3a0507700fa9fa1496263796f41b6e72e760 at Wed Jul 21 18:01:23 CST 2021
18:02:46.948 [Thread-33] INFO  sys-user - [shutdownAsyncManager,31] - ====关闭后台任务任务线程池====
18:02:47.132 [Thread-33] INFO  c.a.d.p.DruidDataSource - [close,1928] - {dataSource-1} closed
18:03:11.504 [main] INFO  c.rocki.Application - [logStarting,50] - Starting Application on ShidiandeMac-mini.local with PID 30630 (/Users/ann/Desktop/Work/PZKJ/rocki/rocki-backend-server/rocki-app/target/classes started by ann in /Users/ann/Desktop/Work/PZKJ/rocki/rocki-backend-server)
18:03:11.508 [main] INFO  c.rocki.Application - [logStartupProfileInfo,679] - The following profiles are active: dev
18:03:15.029 [main] INFO  o.a.c.h.Http11NioProtocol - [log,173] - Initializing ProtocolHandler ["http-nio-8081"]
18:03:15.036 [main] INFO  o.a.c.c.StandardService - [log,173] - Starting service [Tomcat]
18:03:15.037 [main] INFO  o.a.c.c.StandardEngine - [log,173] - Starting Servlet engine: [Apache Tomcat/9.0.19]
18:03:15.160 [main] INFO  o.a.c.c.C.[.[.[/] - [log,173] - Initializing Spring embedded WebApplicationContext
18:03:15.948 [main] INFO  o.m.driver.cluster - [info,71] - Cluster created with settings {hosts=[localhost:27017], mode=SINGLE, requiredClusterType=UNKNOWN, serverSelectionTimeout='30000 ms', maxWaitQueueSize=500}
18:03:15.978 [cluster-ClusterId{value='60f7f0e3e1c65e77a646cb10', description='null'}-localhost:27017] INFO  o.m.driver.cluster - [info,76] - Exception in monitor thread while connecting to server localhost:27017
com.mongodb.MongoSocketOpenException: Exception opening socket
	at com.mongodb.internal.connection.SocketStream.open(SocketStream.java:67)
	at com.mongodb.internal.connection.InternalStreamConnection.open(InternalStreamConnection.java:126)
	at com.mongodb.internal.connection.DefaultServerMonitor$ServerMonitorRunnable.run(DefaultServerMonitor.java:117)
	at java.lang.Thread.run(Thread.java:748)
Caused by: java.net.ConnectException: Connection refused (Connection refused)
	at java.net.PlainSocketImpl.socketConnect(Native Method)
	at java.net.AbstractPlainSocketImpl.doConnect(AbstractPlainSocketImpl.java:350)
	at java.net.AbstractPlainSocketImpl.connectToAddress(AbstractPlainSocketImpl.java:206)
	at java.net.AbstractPlainSocketImpl.connect(AbstractPlainSocketImpl.java:188)
	at java.net.SocksSocketImpl.connect(SocksSocketImpl.java:392)
	at java.net.Socket.connect(Socket.java:606)
	at com.mongodb.internal.connection.SocketStreamHelper.initialize(SocketStreamHelper.java:64)
	at com.mongodb.internal.connection.SocketStream.open(SocketStream.java:62)
	... 3 common frames omitted
18:03:18.624 [main] INFO  c.a.d.p.DruidDataSource - [init,991] - {dataSource-1} inited
18:03:18.853 [main] INFO  i.l.c.EpollProvider - [<clinit>,68] - Starting without optional epoll library
18:03:19.215 [main] INFO  i.l.c.KqueueProvider - [<clinit>,66] - Starting with kqueue library
18:03:19.610 [main] INFO  org.redisson.Version - [logVersion,41] - Redisson 3.9.1
18:03:19.786 [redisson-netty-5-4] INFO  o.r.c.p.MasterPubSubConnectionPool - [operationComplete,168] - 1 connections initialized for 127.0.0.1/127.0.0.1:6379
18:03:19.786 [redisson-netty-5-10] INFO  o.r.c.p.MasterConnectionPool - [operationComplete,168] - 32 connections initialized for 127.0.0.1/127.0.0.1:6379
18:03:21.847 [main] INFO  s.d.s.w.PropertySourcedRequestMappingHandlerMapping - [initHandlerMethods,69] - Mapped URL path [/v2/api-docs] onto method [public org.springframework.http.ResponseEntity<springfox.documentation.spring.web.json.Json> springfox.documentation.swagger2.web.Swagger2Controller.getDocumentation(java.lang.String,javax.servlet.http.HttpServletRequest)]
18:03:22.964 [main] INFO  s.d.s.w.p.DocumentationPluginsBootstrapper - [start,160] - Context refreshed
18:03:22.977 [main] INFO  s.d.s.w.p.DocumentationPluginsBootstrapper - [start,163] - Found 1 custom documentation plugin(s)
18:03:23.004 [main] INFO  s.d.s.w.s.ApiListingReferenceScanner - [scan,41] - Scanning for api listing references
18:03:23.195 [main] INFO  s.d.s.w.r.o.CachingOperationNameGenerator - [startingWith,40] - Generating unique operation named: playTrackUsingGET_1
18:03:23.207 [main] INFO  s.d.s.w.r.o.CachingOperationNameGenerator - [startingWith,40] - Generating unique operation named: detailUsingGET_1
18:03:23.215 [main] INFO  s.d.s.w.r.o.CachingOperationNameGenerator - [startingWith,40] - Generating unique operation named: detailUsingGET_2
18:03:23.216 [main] INFO  s.d.s.w.r.o.CachingOperationNameGenerator - [startingWith,40] - Generating unique operation named: listByAddressUsingGET_1
18:03:23.254 [main] INFO  s.d.s.w.r.o.CachingOperationNameGenerator - [startingWith,40] - Generating unique operation named: listForPlaylistUsingGET_1
18:03:23.279 [main] INFO  o.a.c.h.Http11NioProtocol - [log,173] - Starting ProtocolHandler ["http-nio-8081"]
18:03:23.296 [main] INFO  c.rocki.Application - [logStarted,59] - Started Application in 12.413 seconds (JVM running for 13.459)
18:03:23.696 [RMI TCP Connection(3)-192.168.1.40] INFO  o.a.c.c.C.[.[.[/] - [log,173] - Initializing Spring DispatcherServlet 'dispatcherServlet'
18:03:23.706 [RMI TCP Connection(2)-192.168.1.40] INFO  o.m.driver.cluster - [info,71] - Cluster description not yet available. Waiting for 30000 ms before timing out
18:03:45.072 [Thread-32] INFO  sys-user - [shutdownAsyncManager,31] - ====关闭后台任务任务线程池====
18:03:45.142 [Thread-32] INFO  c.a.d.p.DruidDataSource - [close,1928] - {dataSource-1} closed
18:03:48.546 [main] INFO  c.rocki.Application - [logStarting,50] - Starting Application on ShidiandeMac-mini.local with PID 30652 (/Users/ann/Desktop/Work/PZKJ/rocki/rocki-backend-server/rocki-app/target/classes started by ann in /Users/ann/Desktop/Work/PZKJ/rocki/rocki-backend-server)
18:03:48.549 [main] INFO  c.rocki.Application - [logStartupProfileInfo,679] - The following profiles are active: dev
18:03:51.500 [main] INFO  o.a.c.h.Http11NioProtocol - [log,173] - Initializing ProtocolHandler ["http-nio-8081"]
18:03:51.508 [main] INFO  o.a.c.c.StandardService - [log,173] - Starting service [Tomcat]
18:03:51.508 [main] INFO  o.a.c.c.StandardEngine - [log,173] - Starting Servlet engine: [Apache Tomcat/9.0.19]
18:03:51.626 [main] INFO  o.a.c.c.C.[.[.[/] - [log,173] - Initializing Spring embedded WebApplicationContext
18:03:52.405 [main] INFO  o.m.driver.cluster - [info,71] - Cluster created with settings {hosts=[localhost:27017], mode=SINGLE, requiredClusterType=UNKNOWN, serverSelectionTimeout='30000 ms', maxWaitQueueSize=500}
18:03:52.441 [cluster-ClusterId{value='60f7f108e1c65e77bc1d7ec6', description='null'}-localhost:27017] INFO  o.m.driver.cluster - [info,76] - Exception in monitor thread while connecting to server localhost:27017
com.mongodb.MongoSocketOpenException: Exception opening socket
	at com.mongodb.internal.connection.SocketStream.open(SocketStream.java:67)
	at com.mongodb.internal.connection.InternalStreamConnection.open(InternalStreamConnection.java:126)
	at com.mongodb.internal.connection.DefaultServerMonitor$ServerMonitorRunnable.run(DefaultServerMonitor.java:117)
	at java.lang.Thread.run(Thread.java:748)
Caused by: java.net.ConnectException: Connection refused (Connection refused)
	at java.net.PlainSocketImpl.socketConnect(Native Method)
	at java.net.AbstractPlainSocketImpl.doConnect(AbstractPlainSocketImpl.java:350)
	at java.net.AbstractPlainSocketImpl.connectToAddress(AbstractPlainSocketImpl.java:206)
	at java.net.AbstractPlainSocketImpl.connect(AbstractPlainSocketImpl.java:188)
	at java.net.SocksSocketImpl.connect(SocksSocketImpl.java:392)
	at java.net.Socket.connect(Socket.java:606)
	at com.mongodb.internal.connection.SocketStreamHelper.initialize(SocketStreamHelper.java:64)
	at com.mongodb.internal.connection.SocketStream.open(SocketStream.java:62)
	... 3 common frames omitted
18:03:55.298 [main] INFO  c.a.d.p.DruidDataSource - [init,991] - {dataSource-1} inited
18:03:55.524 [main] INFO  i.l.c.EpollProvider - [<clinit>,68] - Starting without optional epoll library
18:03:55.744 [main] INFO  i.l.c.KqueueProvider - [<clinit>,66] - Starting with kqueue library
18:03:56.089 [main] INFO  org.redisson.Version - [logVersion,41] - Redisson 3.9.1
18:03:56.258 [redisson-netty-5-3] INFO  o.r.c.p.MasterConnectionPool - [operationComplete,168] - 32 connections initialized for 127.0.0.1/127.0.0.1:6379
18:03:56.259 [redisson-netty-5-4] INFO  o.r.c.p.MasterPubSubConnectionPool - [operationComplete,168] - 1 connections initialized for 127.0.0.1/127.0.0.1:6379
18:03:58.369 [main] INFO  s.d.s.w.PropertySourcedRequestMappingHandlerMapping - [initHandlerMethods,69] - Mapped URL path [/v2/api-docs] onto method [public org.springframework.http.ResponseEntity<springfox.documentation.spring.web.json.Json> springfox.documentation.swagger2.web.Swagger2Controller.getDocumentation(java.lang.String,javax.servlet.http.HttpServletRequest)]
18:03:59.532 [main] INFO  s.d.s.w.p.DocumentationPluginsBootstrapper - [start,160] - Context refreshed
18:03:59.542 [main] INFO  s.d.s.w.p.DocumentationPluginsBootstrapper - [start,163] - Found 1 custom documentation plugin(s)
18:03:59.570 [main] INFO  s.d.s.w.s.ApiListingReferenceScanner - [scan,41] - Scanning for api listing references
18:03:59.730 [main] INFO  s.d.s.w.r.o.CachingOperationNameGenerator - [startingWith,40] - Generating unique operation named: playTrackUsingGET_1
18:03:59.745 [main] INFO  s.d.s.w.r.o.CachingOperationNameGenerator - [startingWith,40] - Generating unique operation named: detailUsingGET_1
18:03:59.753 [main] INFO  s.d.s.w.r.o.CachingOperationNameGenerator - [startingWith,40] - Generating unique operation named: detailUsingGET_2
18:03:59.754 [main] INFO  s.d.s.w.r.o.CachingOperationNameGenerator - [startingWith,40] - Generating unique operation named: listByAddressUsingGET_1
18:03:59.791 [main] INFO  s.d.s.w.r.o.CachingOperationNameGenerator - [startingWith,40] - Generating unique operation named: listForPlaylistUsingGET_1
18:03:59.815 [main] INFO  o.a.c.h.Http11NioProtocol - [log,173] - Starting ProtocolHandler ["http-nio-8081"]
18:03:59.837 [main] INFO  c.rocki.Application - [logStarted,59] - Started Application in 11.755 seconds (JVM running for 12.551)
18:04:00.240 [RMI TCP Connection(3)-192.168.1.40] INFO  o.a.c.c.C.[.[.[/] - [log,173] - Initializing Spring DispatcherServlet 'dispatcherServlet'
18:04:00.252 [RMI TCP Connection(2)-192.168.1.40] INFO  o.m.driver.cluster - [info,71] - Cluster description not yet available. Waiting for 30000 ms before timing out
18:04:05.443 [http-nio-8081-exec-1] INFO  c.r.a.c.n.b.AppBounceBrandNftUserController - [sendReceipt,89] - userAddr: 127.0.0.1 : /api/v2/nft/user/brand/sendReceipt hash 0x9ba392a6e8f793986315f29cb8ce3a0507700fa9fa1496263796f41b6e72e760 at Wed Jul 21 18:04:05 CST 2021
18:04:57.039 [http-nio-8081-exec-3] INFO  c.r.a.c.n.b.AppBounceBrandNftUserController - [sendReceipt,89] - userAddr: 127.0.0.1 : /api/v2/nft/user/brand/sendReceipt hash 0x9ba392a6e8f793986315f29cb8ce3a0507700fa9fa1496263796f41b6e72e760 at Wed Jul 21 18:04:57 CST 2021
18:06:08.697 [http-nio-8081-exec-5] INFO  c.r.a.c.n.b.AppBounceBrandNftUserController - [sendReceipt,89] - userAddr: 127.0.0.1 : /api/v2/nft/user/brand/sendReceipt hash 0x9ba392a6e8f793986315f29cb8ce3a0507700fa9fa1496263796f41b6e72e760 at Wed Jul 21 18:06:08 CST 2021
18:07:01.455 [Thread-30] INFO  sys-user - [shutdownAsyncManager,31] - ====关闭后台任务任务线程池====
18:07:01.526 [Thread-30] INFO  c.a.d.p.DruidDataSource - [close,1928] - {dataSource-1} closed
18:07:06.393 [main] INFO  c.rocki.Application - [logStarting,50] - Starting Application on ShidiandeMac-mini.local with PID 30756 (/Users/ann/Desktop/Work/PZKJ/rocki/rocki-backend-server/rocki-app/target/classes started by ann in /Users/ann/Desktop/Work/PZKJ/rocki/rocki-backend-server)
18:07:06.395 [main] INFO  c.rocki.Application - [logStartupProfileInfo,679] - The following profiles are active: dev
18:07:09.336 [main] INFO  o.a.c.h.Http11NioProtocol - [log,173] - Initializing ProtocolHandler ["http-nio-8081"]
18:07:09.344 [main] INFO  o.a.c.c.StandardService - [log,173] - Starting service [Tomcat]
18:07:09.344 [main] INFO  o.a.c.c.StandardEngine - [log,173] - Starting Servlet engine: [Apache Tomcat/9.0.19]
18:07:09.459 [main] INFO  o.a.c.c.C.[.[.[/] - [log,173] - Initializing Spring embedded WebApplicationContext
18:07:10.270 [main] INFO  o.m.driver.cluster - [info,71] - Cluster created with settings {hosts=[localhost:27017], mode=SINGLE, requiredClusterType=UNKNOWN, serverSelectionTimeout='30000 ms', maxWaitQueueSize=500}
18:07:10.303 [cluster-ClusterId{value='60f7f1cee1c65e7824546eb3', description='null'}-localhost:27017] INFO  o.m.driver.cluster - [info,76] - Exception in monitor thread while connecting to server localhost:27017
com.mongodb.MongoSocketOpenException: Exception opening socket
	at com.mongodb.internal.connection.SocketStream.open(SocketStream.java:67)
	at com.mongodb.internal.connection.InternalStreamConnection.open(InternalStreamConnection.java:126)
	at com.mongodb.internal.connection.DefaultServerMonitor$ServerMonitorRunnable.run(DefaultServerMonitor.java:117)
	at java.lang.Thread.run(Thread.java:748)
Caused by: java.net.ConnectException: Connection refused (Connection refused)
	at java.net.PlainSocketImpl.socketConnect(Native Method)
	at java.net.AbstractPlainSocketImpl.doConnect(AbstractPlainSocketImpl.java:350)
	at java.net.AbstractPlainSocketImpl.connectToAddress(AbstractPlainSocketImpl.java:206)
	at java.net.AbstractPlainSocketImpl.connect(AbstractPlainSocketImpl.java:188)
	at java.net.SocksSocketImpl.connect(SocksSocketImpl.java:392)
	at java.net.Socket.connect(Socket.java:606)
	at com.mongodb.internal.connection.SocketStreamHelper.initialize(SocketStreamHelper.java:64)
	at com.mongodb.internal.connection.SocketStream.open(SocketStream.java:62)
	... 3 common frames omitted
18:07:13.239 [main] INFO  c.a.d.p.DruidDataSource - [init,991] - {dataSource-1} inited
18:07:13.436 [main] INFO  i.l.c.EpollProvider - [<clinit>,68] - Starting without optional epoll library
18:07:13.803 [main] INFO  i.l.c.KqueueProvider - [<clinit>,66] - Starting with kqueue library
18:07:14.149 [main] INFO  org.redisson.Version - [logVersion,41] - Redisson 3.9.1
18:07:14.331 [redisson-netty-5-10] INFO  o.r.c.p.MasterPubSubConnectionPool - [operationComplete,168] - 1 connections initialized for 127.0.0.1/127.0.0.1:6379
18:07:14.331 [redisson-netty-5-4] INFO  o.r.c.p.MasterConnectionPool - [operationComplete,168] - 32 connections initialized for 127.0.0.1/127.0.0.1:6379
18:07:16.452 [main] INFO  s.d.s.w.PropertySourcedRequestMappingHandlerMapping - [initHandlerMethods,69] - Mapped URL path [/v2/api-docs] onto method [public org.springframework.http.ResponseEntity<springfox.documentation.spring.web.json.Json> springfox.documentation.swagger2.web.Swagger2Controller.getDocumentation(java.lang.String,javax.servlet.http.HttpServletRequest)]
18:07:17.538 [main] INFO  s.d.s.w.p.DocumentationPluginsBootstrapper - [start,160] - Context refreshed
18:07:17.548 [main] INFO  s.d.s.w.p.DocumentationPluginsBootstrapper - [start,163] - Found 1 custom documentation plugin(s)
18:07:17.579 [main] INFO  s.d.s.w.s.ApiListingReferenceScanner - [scan,41] - Scanning for api listing references
18:07:17.769 [main] INFO  s.d.s.w.r.o.CachingOperationNameGenerator - [startingWith,40] - Generating unique operation named: playTrackUsingGET_1
18:07:17.782 [main] INFO  s.d.s.w.r.o.CachingOperationNameGenerator - [startingWith,40] - Generating unique operation named: detailUsingGET_1
18:07:17.792 [main] INFO  s.d.s.w.r.o.CachingOperationNameGenerator - [startingWith,40] - Generating unique operation named: detailUsingGET_2
18:07:17.793 [main] INFO  s.d.s.w.r.o.CachingOperationNameGenerator - [startingWith,40] - Generating unique operation named: listByAddressUsingGET_1
18:07:17.835 [main] INFO  s.d.s.w.r.o.CachingOperationNameGenerator - [startingWith,40] - Generating unique operation named: listForPlaylistUsingGET_1
18:07:17.860 [main] INFO  o.a.c.h.Http11NioProtocol - [log,173] - Starting ProtocolHandler ["http-nio-8081"]
18:07:17.884 [main] INFO  c.rocki.Application - [logStarted,59] - Started Application in 11.875 seconds (JVM running for 12.743)
18:07:18.089 [RMI TCP Connection(4)-127.0.0.1] INFO  o.a.c.c.C.[.[.[/] - [log,173] - Initializing Spring DispatcherServlet 'dispatcherServlet'
18:07:18.103 [RMI TCP Connection(3)-127.0.0.1] INFO  o.m.driver.cluster - [info,71] - Cluster description not yet available. Waiting for 30000 ms before timing out
18:07:25.198 [http-nio-8081-exec-1] INFO  c.r.a.c.n.b.AppBounceBrandNftUserController - [sendReceipt,89] - userAddr: 127.0.0.1 : /api/v2/nft/user/brand/sendReceipt hash 0x9ba392a6e8f793986315f29cb8ce3a0507700fa9fa1496263796f41b6e72e760 at Wed Jul 21 18:07:25 CST 2021
18:08:19.970 [Thread-28] INFO  sys-user - [shutdownAsyncManager,31] - ====关闭后台任务任务线程池====
18:08:20.104 [Thread-28] INFO  c.a.d.p.DruidDataSource - [close,1928] - {dataSource-1} closed
18:08:24.639 [main] INFO  c.rocki.Application - [logStarting,50] - Starting Application on ShidiandeMac-mini.local with PID 30798 (/Users/ann/Desktop/Work/PZKJ/rocki/rocki-backend-server/rocki-app/target/classes started by ann in /Users/ann/Desktop/Work/PZKJ/rocki/rocki-backend-server)
18:08:24.641 [main] INFO  c.rocki.Application - [logStartupProfileInfo,679] - The following profiles are active: dev
18:08:27.482 [main] INFO  o.a.c.h.Http11NioProtocol - [log,173] - Initializing ProtocolHandler ["http-nio-8081"]
18:08:27.489 [main] INFO  o.a.c.c.StandardService - [log,173] - Starting service [Tomcat]
18:08:27.489 [main] INFO  o.a.c.c.StandardEngine - [log,173] - Starting Servlet engine: [Apache Tomcat/9.0.19]
18:08:27.606 [main] INFO  o.a.c.c.C.[.[.[/] - [log,173] - Initializing Spring embedded WebApplicationContext
18:08:28.238 [main] INFO  o.m.driver.cluster - [info,71] - Cluster created with settings {hosts=[localhost:27017], mode=SINGLE, requiredClusterType=UNKNOWN, serverSelectionTimeout='30000 ms', maxWaitQueueSize=500}
18:08:28.264 [cluster-ClusterId{value='60f7f21ce1c65e784e3d7212', description='null'}-localhost:27017] INFO  o.m.driver.cluster - [info,76] - Exception in monitor thread while connecting to server localhost:27017
com.mongodb.MongoSocketOpenException: Exception opening socket
	at com.mongodb.internal.connection.SocketStream.open(SocketStream.java:67)
	at com.mongodb.internal.connection.InternalStreamConnection.open(InternalStreamConnection.java:126)
	at com.mongodb.internal.connection.DefaultServerMonitor$ServerMonitorRunnable.run(DefaultServerMonitor.java:117)
	at java.lang.Thread.run(Thread.java:748)
Caused by: java.net.ConnectException: Connection refused (Connection refused)
	at java.net.PlainSocketImpl.socketConnect(Native Method)
	at java.net.AbstractPlainSocketImpl.doConnect(AbstractPlainSocketImpl.java:350)
	at java.net.AbstractPlainSocketImpl.connectToAddress(AbstractPlainSocketImpl.java:206)
	at java.net.AbstractPlainSocketImpl.connect(AbstractPlainSocketImpl.java:188)
	at java.net.SocksSocketImpl.connect(SocksSocketImpl.java:392)
	at java.net.Socket.connect(Socket.java:606)
	at com.mongodb.internal.connection.SocketStreamHelper.initialize(SocketStreamHelper.java:64)
	at com.mongodb.internal.connection.SocketStream.open(SocketStream.java:62)
	... 3 common frames omitted
18:08:30.758 [main] INFO  c.a.d.p.DruidDataSource - [init,991] - {dataSource-1} inited
18:08:30.929 [main] INFO  i.l.c.EpollProvider - [<clinit>,68] - Starting without optional epoll library
18:08:31.287 [main] INFO  i.l.c.KqueueProvider - [<clinit>,66] - Starting with kqueue library
18:08:31.606 [main] INFO  org.redisson.Version - [logVersion,41] - Redisson 3.9.1
18:08:31.765 [redisson-netty-5-12] INFO  o.r.c.p.MasterPubSubConnectionPool - [operationComplete,168] - 1 connections initialized for 127.0.0.1/127.0.0.1:6379
18:08:31.768 [redisson-netty-5-4] INFO  o.r.c.p.MasterConnectionPool - [operationComplete,168] - 32 connections initialized for 127.0.0.1/127.0.0.1:6379
18:08:33.854 [main] INFO  s.d.s.w.PropertySourcedRequestMappingHandlerMapping - [initHandlerMethods,69] - Mapped URL path [/v2/api-docs] onto method [public org.springframework.http.ResponseEntity<springfox.documentation.spring.web.json.Json> springfox.documentation.swagger2.web.Swagger2Controller.getDocumentation(java.lang.String,javax.servlet.http.HttpServletRequest)]
18:08:34.833 [main] INFO  s.d.s.w.p.DocumentationPluginsBootstrapper - [start,160] - Context refreshed
18:08:34.843 [main] INFO  s.d.s.w.p.DocumentationPluginsBootstrapper - [start,163] - Found 1 custom documentation plugin(s)
18:08:34.869 [main] INFO  s.d.s.w.s.ApiListingReferenceScanner - [scan,41] - Scanning for api listing references
18:08:35.046 [main] INFO  s.d.s.w.r.o.CachingOperationNameGenerator - [startingWith,40] - Generating unique operation named: playTrackUsingGET_1
18:08:35.057 [main] INFO  s.d.s.w.r.o.CachingOperationNameGenerator - [startingWith,40] - Generating unique operation named: detailUsingGET_1
18:08:35.065 [main] INFO  s.d.s.w.r.o.CachingOperationNameGenerator - [startingWith,40] - Generating unique operation named: detailUsingGET_2
18:08:35.066 [main] INFO  s.d.s.w.r.o.CachingOperationNameGenerator - [startingWith,40] - Generating unique operation named: listByAddressUsingGET_1
18:08:35.103 [main] INFO  s.d.s.w.r.o.CachingOperationNameGenerator - [startingWith,40] - Generating unique operation named: listForPlaylistUsingGET_1
18:08:35.129 [main] INFO  o.a.c.h.Http11NioProtocol - [log,173] - Starting ProtocolHandler ["http-nio-8081"]
18:08:35.157 [main] INFO  c.rocki.Application - [logStarted,59] - Started Application in 10.82 seconds (JVM running for 11.526)
18:08:35.395 [RMI TCP Connection(3)-127.0.0.1] INFO  o.a.c.c.C.[.[.[/] - [log,173] - Initializing Spring DispatcherServlet 'dispatcherServlet'
18:08:35.404 [RMI TCP Connection(2)-127.0.0.1] INFO  o.m.driver.cluster - [info,71] - Cluster description not yet available. Waiting for 30000 ms before timing out
18:08:47.246 [http-nio-8081-exec-3] INFO  c.r.a.c.n.b.AppBounceBrandNftUserController - [sendReceipt,89] - userAddr: 127.0.0.1 : /api/v2/nft/user/brand/sendReceipt hash 0x9ba392a6e8f793986315f29cb8ce3a0507700fa9fa1496263796f41b6e72e760 at Wed Jul 21 18:08:47 CST 2021
18:08:51.408 [http-nio-8081-exec-3] INFO  c.r.a.c.n.b.AppBounceBrandNftUserController - [sendReceipt,105] - userAddr: 127.0.0.1 : /api/v2/nft/user/brand/sendReceipt hash 0x9ba392a6e8f793986315f29cb8ce3a0507700fa9fa1496263796f41b6e72e760 at Wed Jul 21 18:08:51 CST 2021, get metadata success
18:08:51.420 [http-nio-8081-exec-3] INFO  c.r.a.c.n.b.AppBounceBrandNftUserController - [sendReceipt,120] - userAddr: 127.0.0.1 : /api/v2/nft/user/brand/sendReceipt hash 0x9ba392a6e8f793986315f29cb8ce3a0507700fa9fa1496263796f41b6e72e760 at Wed Jul 21 18:08:51 CST 2021, get artist info success
18:08:56.540 [http-nio-8081-exec-3] INFO  c.r.m.aws.SendEmail - [sendEmailToSeller,99] - Email sent to kauchiaudio@gmail.com at Wed Jul 21 18:08:56 CST 2021
18:08:56.785 [http-nio-8081-exec-3] INFO  c.r.a.c.n.b.AppBounceBrandNftUserController - [sendReceipt,125] - userAddr: 127.0.0.1 : /api/v2/nft/user/brand/sendReceipt hash 0x9ba392a6e8f793986315f29cb8ce3a0507700fa9fa1496263796f41b6e72e760 at Wed Jul 21 18:08:56 CST 2021, send email to seller success
18:09:01.292 [http-nio-8081-exec-3] INFO  c.r.m.aws.SendEmail - [sendEmailToBuyer,159] - Email sent to davidgluttongk@outlook.com at Wed Jul 21 18:09:01 CST 2021
18:09:01.545 [http-nio-8081-exec-3] INFO  c.r.a.c.n.b.AppBounceBrandNftUserController - [sendReceipt,131] - userAddr: 127.0.0.1 : /api/v2/nft/user/brand/sendReceipt hash 0x9ba392a6e8f793986315f29cb8ce3a0507700fa9fa1496263796f41b6e72e760 at Wed Jul 21 18:09:01 CST 2021, send to buyer success
18:09:36.601 [Thread-27] INFO  sys-user - [shutdownAsyncManager,31] - ====关闭后台任务任务线程池====
18:09:36.932 [Thread-27] INFO  c.a.d.p.DruidDataSource - [close,1928] - {dataSource-1} closed
18:09:59.864 [main] INFO  c.rocki.Application - [logStarting,50] - Starting Application on ShidiandeMac-mini.local with PID 30870 (/Users/ann/Desktop/Work/PZKJ/rocki/rocki-backend-server/rocki-app/target/classes started by ann in /Users/ann/Desktop/Work/PZKJ/rocki/rocki-backend-server)
18:09:59.866 [main] INFO  c.rocki.Application - [logStartupProfileInfo,679] - The following profiles are active: dev
18:10:05.048 [main] INFO  o.a.c.h.Http11NioProtocol - [log,173] - Initializing ProtocolHandler ["http-nio-8081"]
18:10:05.057 [main] INFO  o.a.c.c.StandardService - [log,173] - Starting service [Tomcat]
18:10:05.057 [main] INFO  o.a.c.c.StandardEngine - [log,173] - Starting Servlet engine: [Apache Tomcat/9.0.19]
18:10:05.195 [main] INFO  o.a.c.c.C.[.[.[/] - [log,173] - Initializing Spring embedded WebApplicationContext
18:10:05.885 [main] INFO  o.m.driver.cluster - [info,71] - Cluster created with settings {hosts=[localhost:27017], mode=SINGLE, requiredClusterType=UNKNOWN, serverSelectionTimeout='30000 ms', maxWaitQueueSize=500}
18:10:05.920 [cluster-ClusterId{value='60f7f27de1c65e7896bf165d', description='null'}-localhost:27017] INFO  o.m.driver.cluster - [info,76] - Exception in monitor thread while connecting to server localhost:27017
com.mongodb.MongoSocketOpenException: Exception opening socket
	at com.mongodb.internal.connection.SocketStream.open(SocketStream.java:67)
	at com.mongodb.internal.connection.InternalStreamConnection.open(InternalStreamConnection.java:126)
	at com.mongodb.internal.connection.DefaultServerMonitor$ServerMonitorRunnable.run(DefaultServerMonitor.java:117)
	at java.lang.Thread.run(Thread.java:748)
Caused by: java.net.ConnectException: Connection refused (Connection refused)
	at java.net.PlainSocketImpl.socketConnect(Native Method)
	at java.net.AbstractPlainSocketImpl.doConnect(AbstractPlainSocketImpl.java:350)
	at java.net.AbstractPlainSocketImpl.connectToAddress(AbstractPlainSocketImpl.java:206)
	at java.net.AbstractPlainSocketImpl.connect(AbstractPlainSocketImpl.java:188)
	at java.net.SocksSocketImpl.connect(SocksSocketImpl.java:392)
	at java.net.Socket.connect(Socket.java:606)
	at com.mongodb.internal.connection.SocketStreamHelper.initialize(SocketStreamHelper.java:64)
	at com.mongodb.internal.connection.SocketStream.open(SocketStream.java:62)
	... 3 common frames omitted
18:10:09.292 [main] INFO  c.a.d.p.DruidDataSource - [init,991] - {dataSource-1} inited
18:10:09.523 [main] INFO  i.l.c.EpollProvider - [<clinit>,68] - Starting without optional epoll library
18:10:09.816 [main] INFO  i.l.c.KqueueProvider - [<clinit>,66] - Starting with kqueue library
18:10:10.215 [main] INFO  org.redisson.Version - [logVersion,41] - Redisson 3.9.1
18:10:10.378 [redisson-netty-5-2] INFO  o.r.c.p.MasterPubSubConnectionPool - [operationComplete,168] - 1 connections initialized for 127.0.0.1/127.0.0.1:6379
18:10:10.378 [redisson-netty-5-4] INFO  o.r.c.p.MasterConnectionPool - [operationComplete,168] - 32 connections initialized for 127.0.0.1/127.0.0.1:6379
18:10:12.807 [main] INFO  s.d.s.w.PropertySourcedRequestMappingHandlerMapping - [initHandlerMethods,69] - Mapped URL path [/v2/api-docs] onto method [public org.springframework.http.ResponseEntity<springfox.documentation.spring.web.json.Json> springfox.documentation.swagger2.web.Swagger2Controller.getDocumentation(java.lang.String,javax.servlet.http.HttpServletRequest)]
18:10:13.799 [main] INFO  s.d.s.w.p.DocumentationPluginsBootstrapper - [start,160] - Context refreshed
18:10:13.809 [main] INFO  s.d.s.w.p.DocumentationPluginsBootstrapper - [start,163] - Found 1 custom documentation plugin(s)
18:10:13.847 [main] INFO  s.d.s.w.s.ApiListingReferenceScanner - [scan,41] - Scanning for api listing references
18:10:14.030 [main] INFO  s.d.s.w.r.o.CachingOperationNameGenerator - [startingWith,40] - Generating unique operation named: playTrackUsingGET_1
18:10:14.041 [main] INFO  s.d.s.w.r.o.CachingOperationNameGenerator - [startingWith,40] - Generating unique operation named: detailUsingGET_1
18:10:14.048 [main] INFO  s.d.s.w.r.o.CachingOperationNameGenerator - [startingWith,40] - Generating unique operation named: detailUsingGET_2
18:10:14.049 [main] INFO  s.d.s.w.r.o.CachingOperationNameGenerator - [startingWith,40] - Generating unique operation named: listByAddressUsingGET_1
18:10:14.085 [main] INFO  s.d.s.w.r.o.CachingOperationNameGenerator - [startingWith,40] - Generating unique operation named: listForPlaylistUsingGET_1
18:10:14.110 [main] INFO  o.a.c.h.Http11NioProtocol - [log,173] - Starting ProtocolHandler ["http-nio-8081"]
18:10:14.141 [main] INFO  c.rocki.Application - [logStarted,59] - Started Application in 14.697 seconds (JVM running for 15.786)
18:10:14.380 [RMI TCP Connection(2)-127.0.0.1] INFO  o.a.c.c.C.[.[.[/] - [log,173] - Initializing Spring DispatcherServlet 'dispatcherServlet'
18:10:14.413 [RMI TCP Connection(3)-127.0.0.1] INFO  o.m.driver.cluster - [info,71] - Cluster description not yet available. Waiting for 30000 ms before timing out
18:10:23.620 [http-nio-8081-exec-1] INFO  c.r.a.c.n.b.AppBounceBrandNftUserController - [sendReceipt,89] - userAddr: 127.0.0.1 : /api/v2/nft/user/brand/sendReceipt hash 0x9ba392a6e8f793986315f29cb8ce3a0507700fa9fa1496263796f41b6e72e760 at Wed Jul 21 18:10:23 CST 2021
18:10:27.348 [http-nio-8081-exec-1] INFO  c.r.a.c.n.b.AppBounceBrandNftUserController - [sendReceipt,105] - userAddr: 127.0.0.1 : /api/v2/nft/user/brand/sendReceipt hash 0x9ba392a6e8f793986315f29cb8ce3a0507700fa9fa1496263796f41b6e72e760 at Wed Jul 21 18:10:27 CST 2021, get metadata success
18:10:27.365 [http-nio-8081-exec-1] INFO  c.r.a.c.n.b.AppBounceBrandNftUserController - [sendReceipt,120] - userAddr: 127.0.0.1 : /api/v2/nft/user/brand/sendReceipt hash 0x9ba392a6e8f793986315f29cb8ce3a0507700fa9fa1496263796f41b6e72e760 at Wed Jul 21 18:10:27 CST 2021, get artist info success
18:10:32.726 [http-nio-8081-exec-1] INFO  c.r.m.aws.SendEmail - [sendEmailToSeller,99] - Email sent to kauchiaudio@gmail.com at Wed Jul 21 18:10:32 CST 2021
18:10:32.973 [http-nio-8081-exec-1] INFO  c.r.a.c.n.b.AppBounceBrandNftUserController - [sendReceipt,125] - userAddr: 127.0.0.1 : /api/v2/nft/user/brand/sendReceipt hash 0x9ba392a6e8f793986315f29cb8ce3a0507700fa9fa1496263796f41b6e72e760 at Wed Jul 21 18:10:32 CST 2021, send email to seller success
18:10:37.726 [http-nio-8081-exec-1] INFO  c.r.m.aws.SendEmail - [sendEmailToBuyer,159] - Email sent to davidgluttongk@outlook.com at Wed Jul 21 18:10:37 CST 2021
18:10:37.979 [http-nio-8081-exec-1] INFO  c.r.a.c.n.b.AppBounceBrandNftUserController - [sendReceipt,131] - userAddr: 127.0.0.1 : /api/v2/nft/user/brand/sendReceipt hash 0x9ba392a6e8f793986315f29cb8ce3a0507700fa9fa1496263796f41b6e72e760 at Wed Jul 21 18:10:37 CST 2021, send to buyer success
18:10:49.257 [Thread-34] INFO  sys-user - [shutdownAsyncManager,31] - ====关闭后台任务任务线程池====
18:10:49.327 [Thread-34] INFO  c.a.d.p.DruidDataSource - [close,1928] - {dataSource-1} closed
