10:23:34.086 [main] INFO  c.rocki.Application - [logStarting,50] - Starting Application on ShidiandeMac-mini.local with PID 52972 (/Users/ann/Desktop/Work/PZKJ/rocki/rocki-backend-server/rocki-app/target/classes started by ann in /Users/ann/Desktop/Work/PZKJ/rocki/rocki-backend-server)
10:23:34.089 [main] INFO  c.rocki.Application - [logStartupProfileInfo,679] - The following profiles are active: stage
10:23:37.050 [main] INFO  o.a.c.h.Http11NioProtocol - [log,173] - Initializing ProtocolHandler ["http-nio-8443"]
10:23:37.059 [main] INFO  o.a.c.c.StandardService - [log,173] - Starting service [Tomcat]
10:23:37.059 [main] INFO  o.a.c.c.StandardEngine - [log,173] - Starting Servlet engine: [Apache Tomcat/9.0.19]
10:23:37.180 [main] INFO  o.a.c.c.C.[.[.[/] - [log,173] - Initializing Spring embedded WebApplicationContext
10:23:38.031 [main] INFO  o.m.driver.cluster - [info,71] - Cluster created with settings {hosts=[localhost:27017], mode=SINGLE, requiredClusterType=UNKNOWN, serverSelectionTimeout='30000 ms', maxWaitQueueSize=500}
10:23:38.068 [cluster-ClusterId{value='6100bfaa685f7eceec512de8', description='null'}-localhost:27017] INFO  o.m.driver.cluster - [info,76] - Exception in monitor thread while connecting to server localhost:27017
com.mongodb.MongoSocketOpenException: Exception opening socket
	at com.mongodb.internal.connection.SocketStream.open(SocketStream.java:67)
	at com.mongodb.internal.connection.InternalStreamConnection.open(InternalStreamConnection.java:126)
	at com.mongodb.internal.connection.DefaultServerMonitor$ServerMonitorRunnable.run(DefaultServerMonitor.java:117)
	at java.lang.Thread.run(Thread.java:748)
Caused by: java.net.ConnectException: Connection refused (Connection refused)
	at java.net.PlainSocketImpl.socketConnect(Native Method)
	at java.net.AbstractPlainSocketImpl.doConnect(AbstractPlainSocketImpl.java:350)
	at java.net.AbstractPlainSocketImpl.connectToAddress(AbstractPlainSocketImpl.java:206)
	at java.net.AbstractPlainSocketImpl.connect(AbstractPlainSocketImpl.java:188)
	at java.net.SocksSocketImpl.connect(SocksSocketImpl.java:392)
	at java.net.Socket.connect(Socket.java:606)
	at com.mongodb.internal.connection.SocketStreamHelper.initialize(SocketStreamHelper.java:64)
	at com.mongodb.internal.connection.SocketStream.open(SocketStream.java:62)
	... 3 common frames omitted
10:23:40.795 [main] INFO  c.a.d.p.DruidDataSource - [init,991] - {dataSource-1} inited
10:23:40.801 [main] INFO  c.a.d.p.DruidDataSource - [close,1928] - {dataSource-1} closed
10:23:40.821 [main] INFO  o.a.c.c.StandardService - [log,173] - Stopping service [Tomcat]
10:23:52.126 [main] INFO  c.rocki.Application - [logStarting,50] - Starting Application on ShidiandeMac-mini.local with PID 52985 (/Users/ann/Desktop/Work/PZKJ/rocki/rocki-backend-server/rocki-app/target/classes started by ann in /Users/ann/Desktop/Work/PZKJ/rocki/rocki-backend-server)
10:23:52.128 [main] INFO  c.rocki.Application - [logStartupProfileInfo,679] - The following profiles are active: dev
10:23:54.544 [main] INFO  o.a.c.h.Http11NioProtocol - [log,173] - Initializing ProtocolHandler ["http-nio-8081"]
10:23:54.551 [main] INFO  o.a.c.c.StandardService - [log,173] - Starting service [Tomcat]
10:23:54.551 [main] INFO  o.a.c.c.StandardEngine - [log,173] - Starting Servlet engine: [Apache Tomcat/9.0.19]
10:23:54.646 [main] INFO  o.a.c.c.C.[.[.[/] - [log,173] - Initializing Spring embedded WebApplicationContext
10:23:55.264 [main] INFO  o.m.driver.cluster - [info,71] - Cluster created with settings {hosts=[localhost:27017], mode=SINGLE, requiredClusterType=UNKNOWN, serverSelectionTimeout='30000 ms', maxWaitQueueSize=500}
10:23:55.292 [cluster-ClusterId{value='6100bfbb685f7ecef9c65d28', description='null'}-localhost:27017] INFO  o.m.driver.cluster - [info,76] - Exception in monitor thread while connecting to server localhost:27017
com.mongodb.MongoSocketOpenException: Exception opening socket
	at com.mongodb.internal.connection.SocketStream.open(SocketStream.java:67)
	at com.mongodb.internal.connection.InternalStreamConnection.open(InternalStreamConnection.java:126)
	at com.mongodb.internal.connection.DefaultServerMonitor$ServerMonitorRunnable.run(DefaultServerMonitor.java:117)
	at java.lang.Thread.run(Thread.java:748)
Caused by: java.net.ConnectException: Connection refused (Connection refused)
	at java.net.PlainSocketImpl.socketConnect(Native Method)
	at java.net.AbstractPlainSocketImpl.doConnect(AbstractPlainSocketImpl.java:350)
	at java.net.AbstractPlainSocketImpl.connectToAddress(AbstractPlainSocketImpl.java:206)
	at java.net.AbstractPlainSocketImpl.connect(AbstractPlainSocketImpl.java:188)
	at java.net.SocksSocketImpl.connect(SocksSocketImpl.java:392)
	at java.net.Socket.connect(Socket.java:606)
	at com.mongodb.internal.connection.SocketStreamHelper.initialize(SocketStreamHelper.java:64)
	at com.mongodb.internal.connection.SocketStream.open(SocketStream.java:62)
	... 3 common frames omitted
10:23:57.962 [main] INFO  c.a.d.p.DruidDataSource - [init,991] - {dataSource-1} inited
10:23:58.191 [main] INFO  i.l.c.EpollProvider - [<clinit>,68] - Starting without optional epoll library
10:23:58.677 [main] INFO  i.l.c.KqueueProvider - [<clinit>,66] - Starting with kqueue library
10:23:59.055 [main] INFO  org.redisson.Version - [logVersion,41] - Redisson 3.9.1
10:23:59.230 [redisson-netty-5-4] INFO  o.r.c.p.MasterPubSubConnectionPool - [operationComplete,168] - 1 connections initialized for 127.0.0.1/127.0.0.1:6379
10:23:59.230 [redisson-netty-5-10] INFO  o.r.c.p.MasterConnectionPool - [operationComplete,168] - 32 connections initialized for 127.0.0.1/127.0.0.1:6379
10:24:01.354 [main] INFO  s.d.s.w.PropertySourcedRequestMappingHandlerMapping - [initHandlerMethods,69] - Mapped URL path [/v2/api-docs] onto method [public org.springframework.http.ResponseEntity<springfox.documentation.spring.web.json.Json> springfox.documentation.swagger2.web.Swagger2Controller.getDocumentation(java.lang.String,javax.servlet.http.HttpServletRequest)]
10:24:02.389 [main] INFO  s.d.s.w.p.DocumentationPluginsBootstrapper - [start,160] - Context refreshed
10:24:02.401 [main] INFO  s.d.s.w.p.DocumentationPluginsBootstrapper - [start,163] - Found 1 custom documentation plugin(s)
10:24:02.437 [main] INFO  s.d.s.w.s.ApiListingReferenceScanner - [scan,41] - Scanning for api listing references
10:24:02.615 [main] INFO  s.d.s.w.r.o.CachingOperationNameGenerator - [startingWith,40] - Generating unique operation named: playTrackUsingGET_1
10:24:02.631 [main] INFO  s.d.s.w.r.o.CachingOperationNameGenerator - [startingWith,40] - Generating unique operation named: detailUsingGET_1
10:24:02.642 [main] INFO  s.d.s.w.r.o.CachingOperationNameGenerator - [startingWith,40] - Generating unique operation named: detailUsingGET_2
10:24:02.643 [main] INFO  s.d.s.w.r.o.CachingOperationNameGenerator - [startingWith,40] - Generating unique operation named: listByAddressUsingGET_1
10:24:02.702 [main] INFO  s.d.s.w.r.o.CachingOperationNameGenerator - [startingWith,40] - Generating unique operation named: listForPlaylistUsingGET_1
10:24:02.742 [main] INFO  o.a.c.h.Http11NioProtocol - [log,173] - Starting ProtocolHandler ["http-nio-8081"]
10:24:02.765 [main] INFO  c.rocki.Application - [logStarted,59] - Started Application in 10.932 seconds (JVM running for 11.478)
10:24:03.075 [RMI TCP Connection(2)-127.0.0.1] INFO  o.a.c.c.C.[.[.[/] - [log,173] - Initializing Spring DispatcherServlet 'dispatcherServlet'
10:24:03.086 [RMI TCP Connection(1)-127.0.0.1] INFO  o.m.driver.cluster - [info,71] - Cluster description not yet available. Waiting for 30000 ms before timing out
10:26:25.289 [Thread-28] INFO  sys-user - [shutdownAsyncManager,31] - ====关闭后台任务任务线程池====
10:26:25.347 [Thread-28] INFO  c.a.d.p.DruidDataSource - [close,1928] - {dataSource-1} closed
10:26:30.387 [main] INFO  c.rocki.Application - [logStarting,50] - Starting Application on ShidiandeMac-mini.local with PID 53082 (/Users/ann/Desktop/Work/PZKJ/rocki/rocki-backend-server/rocki-app/target/classes started by ann in /Users/ann/Desktop/Work/PZKJ/rocki/rocki-backend-server)
10:26:30.389 [main] INFO  c.rocki.Application - [logStartupProfileInfo,679] - The following profiles are active: dev
10:26:33.096 [main] INFO  o.a.c.h.Http11NioProtocol - [log,173] - Initializing ProtocolHandler ["http-nio-8081"]
10:26:33.103 [main] INFO  o.a.c.c.StandardService - [log,173] - Starting service [Tomcat]
10:26:33.103 [main] INFO  o.a.c.c.StandardEngine - [log,173] - Starting Servlet engine: [Apache Tomcat/9.0.19]
10:26:33.205 [main] INFO  o.a.c.c.C.[.[.[/] - [log,173] - Initializing Spring embedded WebApplicationContext
10:26:33.843 [main] INFO  o.m.driver.cluster - [info,71] - Cluster created with settings {hosts=[localhost:27017], mode=SINGLE, requiredClusterType=UNKNOWN, serverSelectionTimeout='30000 ms', maxWaitQueueSize=500}
10:26:33.869 [cluster-ClusterId{value='6100c059685f7ecf5aa14fed', description='null'}-localhost:27017] INFO  o.m.driver.cluster - [info,76] - Exception in monitor thread while connecting to server localhost:27017
com.mongodb.MongoSocketOpenException: Exception opening socket
	at com.mongodb.internal.connection.SocketStream.open(SocketStream.java:67)
	at com.mongodb.internal.connection.InternalStreamConnection.open(InternalStreamConnection.java:126)
	at com.mongodb.internal.connection.DefaultServerMonitor$ServerMonitorRunnable.run(DefaultServerMonitor.java:117)
	at java.lang.Thread.run(Thread.java:748)
Caused by: java.net.ConnectException: Connection refused (Connection refused)
	at java.net.PlainSocketImpl.socketConnect(Native Method)
	at java.net.AbstractPlainSocketImpl.doConnect(AbstractPlainSocketImpl.java:350)
	at java.net.AbstractPlainSocketImpl.connectToAddress(AbstractPlainSocketImpl.java:206)
	at java.net.AbstractPlainSocketImpl.connect(AbstractPlainSocketImpl.java:188)
	at java.net.SocksSocketImpl.connect(SocksSocketImpl.java:392)
	at java.net.Socket.connect(Socket.java:606)
	at com.mongodb.internal.connection.SocketStreamHelper.initialize(SocketStreamHelper.java:64)
	at com.mongodb.internal.connection.SocketStream.open(SocketStream.java:62)
	... 3 common frames omitted
10:26:36.501 [main] INFO  c.a.d.p.DruidDataSource - [init,991] - {dataSource-1} inited
10:26:36.673 [main] INFO  i.l.c.EpollProvider - [<clinit>,68] - Starting without optional epoll library
10:26:36.943 [main] INFO  i.l.c.KqueueProvider - [<clinit>,66] - Starting with kqueue library
10:26:37.258 [main] INFO  org.redisson.Version - [logVersion,41] - Redisson 3.9.1
10:26:37.411 [redisson-netty-5-3] INFO  o.r.c.p.MasterConnectionPool - [operationComplete,168] - 32 connections initialized for 127.0.0.1/127.0.0.1:6379
10:26:37.411 [redisson-netty-5-4] INFO  o.r.c.p.MasterPubSubConnectionPool - [operationComplete,168] - 1 connections initialized for 127.0.0.1/127.0.0.1:6379
10:26:39.504 [main] INFO  s.d.s.w.PropertySourcedRequestMappingHandlerMapping - [initHandlerMethods,69] - Mapped URL path [/v2/api-docs] onto method [public org.springframework.http.ResponseEntity<springfox.documentation.spring.web.json.Json> springfox.documentation.swagger2.web.Swagger2Controller.getDocumentation(java.lang.String,javax.servlet.http.HttpServletRequest)]
10:26:40.416 [main] INFO  s.d.s.w.p.DocumentationPluginsBootstrapper - [start,160] - Context refreshed
10:26:40.424 [main] INFO  s.d.s.w.p.DocumentationPluginsBootstrapper - [start,163] - Found 1 custom documentation plugin(s)
10:26:40.449 [main] INFO  s.d.s.w.s.ApiListingReferenceScanner - [scan,41] - Scanning for api listing references
10:26:40.592 [main] INFO  s.d.s.w.r.o.CachingOperationNameGenerator - [startingWith,40] - Generating unique operation named: playTrackUsingGET_1
10:26:40.603 [main] INFO  s.d.s.w.r.o.CachingOperationNameGenerator - [startingWith,40] - Generating unique operation named: detailUsingGET_1
10:26:40.612 [main] INFO  s.d.s.w.r.o.CachingOperationNameGenerator - [startingWith,40] - Generating unique operation named: detailUsingGET_2
10:26:40.613 [main] INFO  s.d.s.w.r.o.CachingOperationNameGenerator - [startingWith,40] - Generating unique operation named: listByAddressUsingGET_1
10:26:40.655 [main] INFO  s.d.s.w.r.o.CachingOperationNameGenerator - [startingWith,40] - Generating unique operation named: listForPlaylistUsingGET_1
10:26:40.689 [main] INFO  o.a.c.h.Http11NioProtocol - [log,173] - Starting ProtocolHandler ["http-nio-8081"]
10:26:40.709 [main] INFO  c.rocki.Application - [logStarted,59] - Started Application in 10.61 seconds (JVM running for 11.263)
10:26:40.944 [RMI TCP Connection(3)-192.168.1.40] INFO  o.a.c.c.C.[.[.[/] - [log,173] - Initializing Spring DispatcherServlet 'dispatcherServlet'
10:26:40.957 [RMI TCP Connection(2)-192.168.1.40] INFO  o.m.driver.cluster - [info,71] - Cluster description not yet available. Waiting for 30000 ms before timing out
10:30:05.775 [Thread-27] INFO  sys-user - [shutdownAsyncManager,31] - ====关闭后台任务任务线程池====
10:30:05.852 [Thread-27] INFO  c.a.d.p.DruidDataSource - [close,1928] - {dataSource-1} closed
14:42:51.842 [main] INFO  c.rocki.Application - [logStarting,50] - Starting Application on ShidiandeMac-mini.local with PID 58905 (/Users/ann/Desktop/Work/PZKJ/rocki/rocki-backend-server/rocki-app/target/classes started by ann in /Users/ann/Desktop/Work/PZKJ/rocki/rocki-backend-server)
14:42:51.844 [main] INFO  c.rocki.Application - [logStartupProfileInfo,679] - The following profiles are active: dev
14:42:54.789 [main] INFO  o.a.c.h.Http11NioProtocol - [log,173] - Initializing ProtocolHandler ["http-nio-8081"]
14:42:54.796 [main] INFO  o.a.c.c.StandardService - [log,173] - Starting service [Tomcat]
14:42:54.797 [main] INFO  o.a.c.c.StandardEngine - [log,173] - Starting Servlet engine: [Apache Tomcat/9.0.19]
14:42:54.926 [main] INFO  o.a.c.c.C.[.[.[/] - [log,173] - Initializing Spring embedded WebApplicationContext
14:42:55.692 [main] INFO  o.m.driver.cluster - [info,71] - Cluster created with settings {hosts=[localhost:27017], mode=SINGLE, requiredClusterType=UNKNOWN, serverSelectionTimeout='30000 ms', maxWaitQueueSize=500}
14:42:55.723 [cluster-ClusterId{value='6100fc6f80b3fee61908b2fb', description='null'}-localhost:27017] INFO  o.m.driver.cluster - [info,76] - Exception in monitor thread while connecting to server localhost:27017
com.mongodb.MongoSocketOpenException: Exception opening socket
	at com.mongodb.internal.connection.SocketStream.open(SocketStream.java:67)
	at com.mongodb.internal.connection.InternalStreamConnection.open(InternalStreamConnection.java:126)
	at com.mongodb.internal.connection.DefaultServerMonitor$ServerMonitorRunnable.run(DefaultServerMonitor.java:117)
	at java.lang.Thread.run(Thread.java:748)
Caused by: java.net.ConnectException: Connection refused (Connection refused)
	at java.net.PlainSocketImpl.socketConnect(Native Method)
	at java.net.AbstractPlainSocketImpl.doConnect(AbstractPlainSocketImpl.java:350)
	at java.net.AbstractPlainSocketImpl.connectToAddress(AbstractPlainSocketImpl.java:206)
	at java.net.AbstractPlainSocketImpl.connect(AbstractPlainSocketImpl.java:188)
	at java.net.SocksSocketImpl.connect(SocksSocketImpl.java:392)
	at java.net.Socket.connect(Socket.java:606)
	at com.mongodb.internal.connection.SocketStreamHelper.initialize(SocketStreamHelper.java:64)
	at com.mongodb.internal.connection.SocketStream.open(SocketStream.java:62)
	... 3 common frames omitted
14:42:58.278 [main] INFO  c.a.d.p.DruidDataSource - [init,991] - {dataSource-1} inited
14:42:58.487 [main] INFO  i.l.c.EpollProvider - [<clinit>,68] - Starting without optional epoll library
14:42:58.988 [main] INFO  i.l.c.KqueueProvider - [<clinit>,66] - Starting with kqueue library
14:42:59.340 [main] INFO  org.redisson.Version - [logVersion,41] - Redisson 3.9.1
14:42:59.513 [redisson-netty-5-12] INFO  o.r.c.p.MasterPubSubConnectionPool - [operationComplete,168] - 1 connections initialized for 127.0.0.1/127.0.0.1:6379
14:42:59.513 [redisson-netty-5-4] INFO  o.r.c.p.MasterConnectionPool - [operationComplete,168] - 32 connections initialized for 127.0.0.1/127.0.0.1:6379
14:43:01.508 [main] INFO  s.d.s.w.PropertySourcedRequestMappingHandlerMapping - [initHandlerMethods,69] - Mapped URL path [/v2/api-docs] onto method [public org.springframework.http.ResponseEntity<springfox.documentation.spring.web.json.Json> springfox.documentation.swagger2.web.Swagger2Controller.getDocumentation(java.lang.String,javax.servlet.http.HttpServletRequest)]
14:43:02.514 [main] INFO  s.d.s.w.p.DocumentationPluginsBootstrapper - [start,160] - Context refreshed
14:43:02.526 [main] INFO  s.d.s.w.p.DocumentationPluginsBootstrapper - [start,163] - Found 1 custom documentation plugin(s)
14:43:02.555 [main] INFO  s.d.s.w.s.ApiListingReferenceScanner - [scan,41] - Scanning for api listing references
14:43:02.709 [main] INFO  s.d.s.w.r.o.CachingOperationNameGenerator - [startingWith,40] - Generating unique operation named: playTrackUsingGET_1
14:43:02.721 [main] INFO  s.d.s.w.r.o.CachingOperationNameGenerator - [startingWith,40] - Generating unique operation named: detailUsingGET_1
14:43:02.728 [main] INFO  s.d.s.w.r.o.CachingOperationNameGenerator - [startingWith,40] - Generating unique operation named: detailUsingGET_2
14:43:02.729 [main] INFO  s.d.s.w.r.o.CachingOperationNameGenerator - [startingWith,40] - Generating unique operation named: listByAddressUsingGET_1
14:43:02.766 [main] INFO  s.d.s.w.r.o.CachingOperationNameGenerator - [startingWith,40] - Generating unique operation named: listForPlaylistUsingGET_1
14:43:02.794 [main] INFO  o.a.c.h.Http11NioProtocol - [log,173] - Starting ProtocolHandler ["http-nio-8081"]
14:43:02.815 [main] INFO  c.rocki.Application - [logStarted,59] - Started Application in 11.3 seconds (JVM running for 12.122)
14:43:03.123 [RMI TCP Connection(4)-127.0.0.1] INFO  o.a.c.c.C.[.[.[/] - [log,173] - Initializing Spring DispatcherServlet 'dispatcherServlet'
14:43:03.133 [RMI TCP Connection(5)-127.0.0.1] INFO  o.m.driver.cluster - [info,71] - Cluster description not yet available. Waiting for 30000 ms before timing out
14:46:47.551 [Thread-29] INFO  sys-user - [shutdownAsyncManager,31] - ====关闭后台任务任务线程池====
14:46:47.682 [Thread-29] INFO  c.a.d.p.DruidDataSource - [close,1928] - {dataSource-1} closed
14:46:52.107 [main] INFO  c.rocki.Application - [logStarting,50] - Starting Application on ShidiandeMac-mini.local with PID 58985 (/Users/ann/Desktop/Work/PZKJ/rocki/rocki-backend-server/rocki-app/target/classes started by ann in /Users/ann/Desktop/Work/PZKJ/rocki/rocki-backend-server)
14:46:52.108 [main] INFO  c.rocki.Application - [logStartupProfileInfo,679] - The following profiles are active: dev
14:46:54.732 [main] INFO  o.a.c.h.Http11NioProtocol - [log,173] - Initializing ProtocolHandler ["http-nio-8081"]
14:46:54.741 [main] INFO  o.a.c.c.StandardService - [log,173] - Starting service [Tomcat]
14:46:54.741 [main] INFO  o.a.c.c.StandardEngine - [log,173] - Starting Servlet engine: [Apache Tomcat/9.0.19]
14:46:54.843 [main] INFO  o.a.c.c.C.[.[.[/] - [log,173] - Initializing Spring embedded WebApplicationContext
14:46:55.450 [main] INFO  o.m.driver.cluster - [info,71] - Cluster created with settings {hosts=[localhost:27017], mode=SINGLE, requiredClusterType=UNKNOWN, serverSelectionTimeout='30000 ms', maxWaitQueueSize=500}
14:46:55.474 [cluster-ClusterId{value='6100fd5f80b3fee669fe1934', description='null'}-localhost:27017] INFO  o.m.driver.cluster - [info,76] - Exception in monitor thread while connecting to server localhost:27017
com.mongodb.MongoSocketOpenException: Exception opening socket
	at com.mongodb.internal.connection.SocketStream.open(SocketStream.java:67)
	at com.mongodb.internal.connection.InternalStreamConnection.open(InternalStreamConnection.java:126)
	at com.mongodb.internal.connection.DefaultServerMonitor$ServerMonitorRunnable.run(DefaultServerMonitor.java:117)
	at java.lang.Thread.run(Thread.java:748)
Caused by: java.net.ConnectException: Connection refused (Connection refused)
	at java.net.PlainSocketImpl.socketConnect(Native Method)
	at java.net.AbstractPlainSocketImpl.doConnect(AbstractPlainSocketImpl.java:350)
	at java.net.AbstractPlainSocketImpl.connectToAddress(AbstractPlainSocketImpl.java:206)
	at java.net.AbstractPlainSocketImpl.connect(AbstractPlainSocketImpl.java:188)
	at java.net.SocksSocketImpl.connect(SocksSocketImpl.java:392)
	at java.net.Socket.connect(Socket.java:606)
	at com.mongodb.internal.connection.SocketStreamHelper.initialize(SocketStreamHelper.java:64)
	at com.mongodb.internal.connection.SocketStream.open(SocketStream.java:62)
	... 3 common frames omitted
14:46:57.965 [main] INFO  c.a.d.p.DruidDataSource - [init,991] - {dataSource-1} inited
14:46:58.139 [main] INFO  i.l.c.EpollProvider - [<clinit>,68] - Starting without optional epoll library
14:46:58.481 [main] INFO  i.l.c.KqueueProvider - [<clinit>,66] - Starting with kqueue library
14:46:58.795 [main] INFO  org.redisson.Version - [logVersion,41] - Redisson 3.9.1
14:46:58.958 [redisson-netty-5-12] INFO  o.r.c.p.MasterPubSubConnectionPool - [operationComplete,168] - 1 connections initialized for 127.0.0.1/127.0.0.1:6379
14:46:58.958 [redisson-netty-5-4] INFO  o.r.c.p.MasterConnectionPool - [operationComplete,168] - 32 connections initialized for 127.0.0.1/127.0.0.1:6379
14:47:00.935 [main] INFO  s.d.s.w.PropertySourcedRequestMappingHandlerMapping - [initHandlerMethods,69] - Mapped URL path [/v2/api-docs] onto method [public org.springframework.http.ResponseEntity<springfox.documentation.spring.web.json.Json> springfox.documentation.swagger2.web.Swagger2Controller.getDocumentation(java.lang.String,javax.servlet.http.HttpServletRequest)]
14:47:01.870 [main] INFO  s.d.s.w.p.DocumentationPluginsBootstrapper - [start,160] - Context refreshed
14:47:01.879 [main] INFO  s.d.s.w.p.DocumentationPluginsBootstrapper - [start,163] - Found 1 custom documentation plugin(s)
14:47:01.903 [main] INFO  s.d.s.w.s.ApiListingReferenceScanner - [scan,41] - Scanning for api listing references
14:47:02.051 [main] INFO  s.d.s.w.r.o.CachingOperationNameGenerator - [startingWith,40] - Generating unique operation named: playTrackUsingGET_1
14:47:02.062 [main] INFO  s.d.s.w.r.o.CachingOperationNameGenerator - [startingWith,40] - Generating unique operation named: detailUsingGET_1
14:47:02.070 [main] INFO  s.d.s.w.r.o.CachingOperationNameGenerator - [startingWith,40] - Generating unique operation named: detailUsingGET_2
14:47:02.071 [main] INFO  s.d.s.w.r.o.CachingOperationNameGenerator - [startingWith,40] - Generating unique operation named: listByAddressUsingGET_1
14:47:02.119 [main] INFO  s.d.s.w.r.o.CachingOperationNameGenerator - [startingWith,40] - Generating unique operation named: listForPlaylistUsingGET_1
14:47:02.157 [main] INFO  o.a.c.h.Http11NioProtocol - [log,173] - Starting ProtocolHandler ["http-nio-8081"]
14:47:02.176 [main] INFO  c.rocki.Application - [logStarted,59] - Started Application in 10.354 seconds (JVM running for 11.094)
14:47:02.422 [RMI TCP Connection(3)-127.0.0.1] INFO  o.a.c.c.C.[.[.[/] - [log,173] - Initializing Spring DispatcherServlet 'dispatcherServlet'
14:47:02.433 [RMI TCP Connection(2)-127.0.0.1] INFO  o.m.driver.cluster - [info,71] - Cluster description not yet available. Waiting for 30000 ms before timing out
15:26:02.204 [Thread-27] INFO  sys-user - [shutdownAsyncManager,31] - ====关闭后台任务任务线程池====
15:26:02.254 [Thread-27] INFO  c.a.d.p.DruidDataSource - [close,1928] - {dataSource-1} closed
