18:30:39.937 [main] INFO  o.s.c.KotlinDetector - [<clinit>,57] - Kotlin reflection implementation not found at runtime, related features won't be available.
18:30:40.335 [main] INFO  c.rocki.Application - [logStarting,50] - Starting Application on ShidiandeMac-mini.local with PID 93931 (/Users/ann/Desktop/Work/PZKJ/rocki/rocki-backend-server/rocki-app/target/classes started by ann in /Users/ann/Desktop/Work/PZKJ/rocki/rocki-backend-server)
18:30:40.335 [main] INFO  c.rocki.Application - [logStartupProfileInfo,679] - The following profiles are active: dev
18:30:43.971 [main] INFO  o.a.c.h.Http11NioProtocol - [log,173] - Initializing ProtocolHandler ["http-nio-8081"]
18:30:43.979 [main] INFO  o.a.c.c.StandardService - [log,173] - Starting service [Tomcat]
18:30:43.980 [main] INFO  o.a.c.c.StandardEngine - [log,173] - Starting Servlet engine: [Apache Tomcat/9.0.19]
18:30:44.108 [main] INFO  o.a.c.c.C.[.[.[/] - [log,173] - Initializing Spring embedded WebApplicationContext
18:30:44.891 [main] INFO  o.m.driver.cluster - [info,71] - Cluster created with settings {hosts=[localhost:27017], mode=SINGLE, requiredClusterType=UNKNOWN, serverSelectionTimeout='30000 ms', maxWaitQueueSize=500}
18:30:44.926 [cluster-ClusterId{value='610a6c54b0a45e6eebf1a279', description='null'}-localhost:27017] INFO  o.m.driver.cluster - [info,76] - Exception in monitor thread while connecting to server localhost:27017
com.mongodb.MongoSocketOpenException: Exception opening socket
	at com.mongodb.internal.connection.SocketStream.open(SocketStream.java:67)
	at com.mongodb.internal.connection.InternalStreamConnection.open(InternalStreamConnection.java:126)
	at com.mongodb.internal.connection.DefaultServerMonitor$ServerMonitorRunnable.run(DefaultServerMonitor.java:117)
	at java.lang.Thread.run(Thread.java:748)
Caused by: java.net.ConnectException: Connection refused (Connection refused)
	at java.net.PlainSocketImpl.socketConnect(Native Method)
	at java.net.AbstractPlainSocketImpl.doConnect(AbstractPlainSocketImpl.java:350)
	at java.net.AbstractPlainSocketImpl.connectToAddress(AbstractPlainSocketImpl.java:206)
	at java.net.AbstractPlainSocketImpl.connect(AbstractPlainSocketImpl.java:188)
	at java.net.SocksSocketImpl.connect(SocksSocketImpl.java:392)
	at java.net.Socket.connect(Socket.java:606)
	at com.mongodb.internal.connection.SocketStreamHelper.initialize(SocketStreamHelper.java:64)
	at com.mongodb.internal.connection.SocketStream.open(SocketStream.java:62)
	... 3 common frames omitted
18:30:48.345 [main] INFO  c.a.d.p.DruidDataSource - [init,991] - {dataSource-1} inited
18:30:48.591 [main] INFO  i.l.c.EpollProvider - [<clinit>,68] - Starting without optional epoll library
18:30:49.079 [main] INFO  i.l.c.KqueueProvider - [<clinit>,66] - Starting with kqueue library
18:30:49.489 [main] INFO  org.redisson.Version - [logVersion,41] - Redisson 3.9.1
18:30:49.668 [redisson-netty-5-4] INFO  o.r.c.p.MasterConnectionPool - [operationComplete,168] - 32 connections initialized for 127.0.0.1/127.0.0.1:6379
18:30:49.668 [redisson-netty-5-12] INFO  o.r.c.p.MasterPubSubConnectionPool - [operationComplete,168] - 1 connections initialized for 127.0.0.1/127.0.0.1:6379
18:30:51.941 [main] INFO  s.d.s.w.PropertySourcedRequestMappingHandlerMapping - [initHandlerMethods,69] - Mapped URL path [/v2/api-docs] onto method [public org.springframework.http.ResponseEntity<springfox.documentation.spring.web.json.Json> springfox.documentation.swagger2.web.Swagger2Controller.getDocumentation(java.lang.String,javax.servlet.http.HttpServletRequest)]
18:30:53.062 [main] INFO  s.d.s.w.p.DocumentationPluginsBootstrapper - [start,160] - Context refreshed
18:30:53.075 [main] INFO  s.d.s.w.p.DocumentationPluginsBootstrapper - [start,163] - Found 1 custom documentation plugin(s)
18:30:53.108 [main] INFO  s.d.s.w.s.ApiListingReferenceScanner - [scan,41] - Scanning for api listing references
18:30:53.279 [main] INFO  s.d.s.w.r.o.CachingOperationNameGenerator - [startingWith,40] - Generating unique operation named: playTrackUsingGET_1
18:30:53.290 [main] INFO  s.d.s.w.r.o.CachingOperationNameGenerator - [startingWith,40] - Generating unique operation named: detailUsingGET_1
18:30:53.298 [main] INFO  s.d.s.w.r.o.CachingOperationNameGenerator - [startingWith,40] - Generating unique operation named: detailUsingGET_2
18:30:53.299 [main] INFO  s.d.s.w.r.o.CachingOperationNameGenerator - [startingWith,40] - Generating unique operation named: listByAddressUsingGET_1
18:30:53.337 [main] INFO  s.d.s.w.r.o.CachingOperationNameGenerator - [startingWith,40] - Generating unique operation named: listForPlaylistUsingGET_1
18:30:53.368 [main] INFO  o.a.c.h.Http11NioProtocol - [log,173] - Starting ProtocolHandler ["http-nio-8081"]
18:30:53.386 [main] INFO  c.rocki.Application - [logStarted,59] - Started Application in 13.403 seconds (JVM running for 14.037)
18:30:53.806 [RMI TCP Connection(2)-127.0.0.1] INFO  o.a.c.c.C.[.[.[/] - [log,173] - Initializing Spring DispatcherServlet 'dispatcherServlet'
18:30:53.816 [RMI TCP Connection(1)-127.0.0.1] INFO  o.m.driver.cluster - [info,71] - Cluster description not yet available. Waiting for 30000 ms before timing out
18:33:35.987 [Thread-32] INFO  sys-user - [shutdownAsyncManager,31] - ====关闭后台任务任务线程池====
18:33:36.065 [Thread-32] INFO  c.a.d.p.DruidDataSource - [close,1928] - {dataSource-1} closed
18:33:40.915 [main] INFO  o.s.c.KotlinDetector - [<clinit>,57] - Kotlin reflection implementation not found at runtime, related features won't be available.
18:33:41.268 [main] INFO  c.rocki.Application - [logStarting,50] - Starting Application on ShidiandeMac-mini.local with PID 94015 (/Users/ann/Desktop/Work/PZKJ/rocki/rocki-backend-server/rocki-app/target/classes started by ann in /Users/ann/Desktop/Work/PZKJ/rocki/rocki-backend-server)
18:33:41.273 [main] INFO  c.rocki.Application - [logStartupProfileInfo,679] - The following profiles are active: dev
18:33:44.171 [main] INFO  o.a.c.h.Http11NioProtocol - [log,173] - Initializing ProtocolHandler ["http-nio-8081"]
18:33:44.178 [main] INFO  o.a.c.c.StandardService - [log,173] - Starting service [Tomcat]
18:33:44.178 [main] INFO  o.a.c.c.StandardEngine - [log,173] - Starting Servlet engine: [Apache Tomcat/9.0.19]
18:33:44.280 [main] INFO  o.a.c.c.C.[.[.[/] - [log,173] - Initializing Spring embedded WebApplicationContext
18:33:44.958 [main] INFO  o.m.driver.cluster - [info,71] - Cluster created with settings {hosts=[localhost:27017], mode=SINGLE, requiredClusterType=UNKNOWN, serverSelectionTimeout='30000 ms', maxWaitQueueSize=500}
18:33:44.985 [cluster-ClusterId{value='610a6d082270de6f3fbf9d11', description='null'}-localhost:27017] INFO  o.m.driver.cluster - [info,76] - Exception in monitor thread while connecting to server localhost:27017
com.mongodb.MongoSocketOpenException: Exception opening socket
	at com.mongodb.internal.connection.SocketStream.open(SocketStream.java:67)
	at com.mongodb.internal.connection.InternalStreamConnection.open(InternalStreamConnection.java:126)
	at com.mongodb.internal.connection.DefaultServerMonitor$ServerMonitorRunnable.run(DefaultServerMonitor.java:117)
	at java.lang.Thread.run(Thread.java:748)
Caused by: java.net.ConnectException: Connection refused (Connection refused)
	at java.net.PlainSocketImpl.socketConnect(Native Method)
	at java.net.AbstractPlainSocketImpl.doConnect(AbstractPlainSocketImpl.java:350)
	at java.net.AbstractPlainSocketImpl.connectToAddress(AbstractPlainSocketImpl.java:206)
	at java.net.AbstractPlainSocketImpl.connect(AbstractPlainSocketImpl.java:188)
	at java.net.SocksSocketImpl.connect(SocksSocketImpl.java:392)
	at java.net.Socket.connect(Socket.java:606)
	at com.mongodb.internal.connection.SocketStreamHelper.initialize(SocketStreamHelper.java:64)
	at com.mongodb.internal.connection.SocketStream.open(SocketStream.java:62)
	... 3 common frames omitted
18:33:47.732 [main] INFO  c.a.d.p.DruidDataSource - [init,991] - {dataSource-1} inited
18:33:47.921 [main] INFO  i.l.c.EpollProvider - [<clinit>,68] - Starting without optional epoll library
18:33:48.371 [main] INFO  i.l.c.KqueueProvider - [<clinit>,66] - Starting with kqueue library
18:33:48.699 [main] INFO  org.redisson.Version - [logVersion,41] - Redisson 3.9.1
18:33:48.856 [redisson-netty-5-12] INFO  o.r.c.p.MasterPubSubConnectionPool - [operationComplete,168] - 1 connections initialized for 127.0.0.1/127.0.0.1:6379
18:33:48.857 [redisson-netty-5-12] INFO  o.r.c.p.MasterConnectionPool - [operationComplete,168] - 32 connections initialized for 127.0.0.1/127.0.0.1:6379
18:33:51.026 [main] INFO  s.d.s.w.PropertySourcedRequestMappingHandlerMapping - [initHandlerMethods,69] - Mapped URL path [/v2/api-docs] onto method [public org.springframework.http.ResponseEntity<springfox.documentation.spring.web.json.Json> springfox.documentation.swagger2.web.Swagger2Controller.getDocumentation(java.lang.String,javax.servlet.http.HttpServletRequest)]
18:33:51.913 [main] INFO  s.d.s.w.p.DocumentationPluginsBootstrapper - [start,160] - Context refreshed
18:33:51.922 [main] INFO  s.d.s.w.p.DocumentationPluginsBootstrapper - [start,163] - Found 1 custom documentation plugin(s)
18:33:51.945 [main] INFO  s.d.s.w.s.ApiListingReferenceScanner - [scan,41] - Scanning for api listing references
18:33:52.086 [main] INFO  s.d.s.w.r.o.CachingOperationNameGenerator - [startingWith,40] - Generating unique operation named: playTrackUsingGET_1
18:33:52.096 [main] INFO  s.d.s.w.r.o.CachingOperationNameGenerator - [startingWith,40] - Generating unique operation named: detailUsingGET_1
18:33:52.103 [main] INFO  s.d.s.w.r.o.CachingOperationNameGenerator - [startingWith,40] - Generating unique operation named: detailUsingGET_2
18:33:52.104 [main] INFO  s.d.s.w.r.o.CachingOperationNameGenerator - [startingWith,40] - Generating unique operation named: listByAddressUsingGET_1
18:33:52.147 [main] INFO  s.d.s.w.r.o.CachingOperationNameGenerator - [startingWith,40] - Generating unique operation named: listForPlaylistUsingGET_1
18:33:52.177 [main] INFO  o.a.c.h.Http11NioProtocol - [log,173] - Starting ProtocolHandler ["http-nio-8081"]
18:33:52.197 [main] INFO  c.rocki.Application - [logStarted,59] - Started Application in 11.235 seconds (JVM running for 12.422)
18:33:52.684 [RMI TCP Connection(3)-127.0.0.1] INFO  o.a.c.c.C.[.[.[/] - [log,173] - Initializing Spring DispatcherServlet 'dispatcherServlet'
18:33:52.694 [RMI TCP Connection(4)-127.0.0.1] INFO  o.m.driver.cluster - [info,71] - Cluster description not yet available. Waiting for 30000 ms before timing out
18:35:54.703 [Thread-30] INFO  sys-user - [shutdownAsyncManager,31] - ====关闭后台任务任务线程池====
18:35:54.752 [Thread-30] INFO  c.a.d.p.DruidDataSource - [close,1928] - {dataSource-1} closed
18:35:58.849 [main] INFO  o.s.c.KotlinDetector - [<clinit>,57] - Kotlin reflection implementation not found at runtime, related features won't be available.
18:35:59.152 [main] INFO  c.rocki.Application - [logStarting,50] - Starting Application on ShidiandeMac-mini.local with PID 94066 (/Users/ann/Desktop/Work/PZKJ/rocki/rocki-backend-server/rocki-app/target/classes started by ann in /Users/ann/Desktop/Work/PZKJ/rocki/rocki-backend-server)
18:35:59.153 [main] INFO  c.rocki.Application - [logStartupProfileInfo,679] - The following profiles are active: dev
18:36:02.037 [main] INFO  o.a.c.h.Http11NioProtocol - [log,173] - Initializing ProtocolHandler ["http-nio-8081"]
18:36:02.046 [main] INFO  o.a.c.c.StandardService - [log,173] - Starting service [Tomcat]
18:36:02.047 [main] INFO  o.a.c.c.StandardEngine - [log,173] - Starting Servlet engine: [Apache Tomcat/9.0.19]
18:36:02.149 [main] INFO  o.a.c.c.C.[.[.[/] - [log,173] - Initializing Spring embedded WebApplicationContext
18:36:02.823 [main] INFO  o.m.driver.cluster - [info,71] - Cluster created with settings {hosts=[localhost:27017], mode=SINGLE, requiredClusterType=UNKNOWN, serverSelectionTimeout='30000 ms', maxWaitQueueSize=500}
18:36:02.858 [cluster-ClusterId{value='610a6d922270de6f72d046f4', description='null'}-localhost:27017] INFO  o.m.driver.cluster - [info,76] - Exception in monitor thread while connecting to server localhost:27017
com.mongodb.MongoSocketOpenException: Exception opening socket
	at com.mongodb.internal.connection.SocketStream.open(SocketStream.java:67)
	at com.mongodb.internal.connection.InternalStreamConnection.open(InternalStreamConnection.java:126)
	at com.mongodb.internal.connection.DefaultServerMonitor$ServerMonitorRunnable.run(DefaultServerMonitor.java:117)
	at java.lang.Thread.run(Thread.java:748)
Caused by: java.net.ConnectException: Connection refused (Connection refused)
	at java.net.PlainSocketImpl.socketConnect(Native Method)
	at java.net.AbstractPlainSocketImpl.doConnect(AbstractPlainSocketImpl.java:350)
	at java.net.AbstractPlainSocketImpl.connectToAddress(AbstractPlainSocketImpl.java:206)
	at java.net.AbstractPlainSocketImpl.connect(AbstractPlainSocketImpl.java:188)
	at java.net.SocksSocketImpl.connect(SocksSocketImpl.java:392)
	at java.net.Socket.connect(Socket.java:606)
	at com.mongodb.internal.connection.SocketStreamHelper.initialize(SocketStreamHelper.java:64)
	at com.mongodb.internal.connection.SocketStream.open(SocketStream.java:62)
	... 3 common frames omitted
18:36:05.491 [main] INFO  c.a.d.p.DruidDataSource - [init,991] - {dataSource-1} inited
18:36:05.659 [main] INFO  i.l.c.EpollProvider - [<clinit>,68] - Starting without optional epoll library
18:36:06.145 [main] INFO  i.l.c.KqueueProvider - [<clinit>,66] - Starting with kqueue library
18:36:06.457 [main] INFO  org.redisson.Version - [logVersion,41] - Redisson 3.9.1
18:36:06.613 [redisson-netty-5-3] INFO  o.r.c.p.MasterConnectionPool - [operationComplete,168] - 32 connections initialized for 127.0.0.1/127.0.0.1:6379
18:36:06.614 [redisson-netty-5-4] INFO  o.r.c.p.MasterPubSubConnectionPool - [operationComplete,168] - 1 connections initialized for 127.0.0.1/127.0.0.1:6379
18:36:08.657 [main] INFO  s.d.s.w.PropertySourcedRequestMappingHandlerMapping - [initHandlerMethods,69] - Mapped URL path [/v2/api-docs] onto method [public org.springframework.http.ResponseEntity<springfox.documentation.spring.web.json.Json> springfox.documentation.swagger2.web.Swagger2Controller.getDocumentation(java.lang.String,javax.servlet.http.HttpServletRequest)]
18:36:09.564 [main] INFO  s.d.s.w.p.DocumentationPluginsBootstrapper - [start,160] - Context refreshed
18:36:09.575 [main] INFO  s.d.s.w.p.DocumentationPluginsBootstrapper - [start,163] - Found 1 custom documentation plugin(s)
18:36:09.599 [main] INFO  s.d.s.w.s.ApiListingReferenceScanner - [scan,41] - Scanning for api listing references
18:36:09.743 [main] INFO  s.d.s.w.r.o.CachingOperationNameGenerator - [startingWith,40] - Generating unique operation named: playTrackUsingGET_1
18:36:09.753 [main] INFO  s.d.s.w.r.o.CachingOperationNameGenerator - [startingWith,40] - Generating unique operation named: detailUsingGET_1
18:36:09.760 [main] INFO  s.d.s.w.r.o.CachingOperationNameGenerator - [startingWith,40] - Generating unique operation named: detailUsingGET_2
18:36:09.761 [main] INFO  s.d.s.w.r.o.CachingOperationNameGenerator - [startingWith,40] - Generating unique operation named: listByAddressUsingGET_1
18:36:09.802 [main] INFO  s.d.s.w.r.o.CachingOperationNameGenerator - [startingWith,40] - Generating unique operation named: listForPlaylistUsingGET_1
18:36:09.833 [main] INFO  o.a.c.h.Http11NioProtocol - [log,173] - Starting ProtocolHandler ["http-nio-8081"]
18:36:09.855 [main] INFO  c.rocki.Application - [logStarted,59] - Started Application in 10.983 seconds (JVM running for 11.56)
18:36:10.239 [RMI TCP Connection(5)-192.168.1.40] INFO  o.a.c.c.C.[.[.[/] - [log,173] - Initializing Spring DispatcherServlet 'dispatcherServlet'
18:36:10.262 [RMI TCP Connection(4)-192.168.1.40] INFO  o.m.driver.cluster - [info,71] - Cluster description not yet available. Waiting for 30000 ms before timing out
18:41:53.956 [Thread-28] INFO  sys-user - [shutdownAsyncManager,31] - ====关闭后台任务任务线程池====
18:41:54.034 [Thread-28] INFO  c.a.d.p.DruidDataSource - [close,1928] - {dataSource-1} closed
18:41:58.471 [main] INFO  o.s.c.KotlinDetector - [<clinit>,57] - Kotlin reflection implementation not found at runtime, related features won't be available.
18:41:58.778 [main] INFO  c.rocki.Application - [logStarting,50] - Starting Application on ShidiandeMac-mini.local with PID 94218 (/Users/ann/Desktop/Work/PZKJ/rocki/rocki-backend-server/rocki-app/target/classes started by ann in /Users/ann/Desktop/Work/PZKJ/rocki/rocki-backend-server)
18:41:58.778 [main] INFO  c.rocki.Application - [logStartupProfileInfo,679] - The following profiles are active: dev
18:42:01.531 [main] INFO  o.a.c.h.Http11NioProtocol - [log,173] - Initializing ProtocolHandler ["http-nio-8081"]
18:42:01.537 [main] INFO  o.a.c.c.StandardService - [log,173] - Starting service [Tomcat]
18:42:01.537 [main] INFO  o.a.c.c.StandardEngine - [log,173] - Starting Servlet engine: [Apache Tomcat/9.0.19]
18:42:01.635 [main] INFO  o.a.c.c.C.[.[.[/] - [log,173] - Initializing Spring embedded WebApplicationContext
18:42:02.305 [main] INFO  o.m.driver.cluster - [info,71] - Cluster created with settings {hosts=[localhost:27017], mode=SINGLE, requiredClusterType=UNKNOWN, serverSelectionTimeout='30000 ms', maxWaitQueueSize=500}
18:42:02.332 [cluster-ClusterId{value='610a6efa2270de700ad883ea', description='null'}-localhost:27017] INFO  o.m.driver.cluster - [info,76] - Exception in monitor thread while connecting to server localhost:27017
com.mongodb.MongoSocketOpenException: Exception opening socket
	at com.mongodb.internal.connection.SocketStream.open(SocketStream.java:67)
	at com.mongodb.internal.connection.InternalStreamConnection.open(InternalStreamConnection.java:126)
	at com.mongodb.internal.connection.DefaultServerMonitor$ServerMonitorRunnable.run(DefaultServerMonitor.java:117)
	at java.lang.Thread.run(Thread.java:748)
Caused by: java.net.ConnectException: Connection refused (Connection refused)
	at java.net.PlainSocketImpl.socketConnect(Native Method)
	at java.net.AbstractPlainSocketImpl.doConnect(AbstractPlainSocketImpl.java:350)
	at java.net.AbstractPlainSocketImpl.connectToAddress(AbstractPlainSocketImpl.java:206)
	at java.net.AbstractPlainSocketImpl.connect(AbstractPlainSocketImpl.java:188)
	at java.net.SocksSocketImpl.connect(SocksSocketImpl.java:392)
	at java.net.Socket.connect(Socket.java:606)
	at com.mongodb.internal.connection.SocketStreamHelper.initialize(SocketStreamHelper.java:64)
	at com.mongodb.internal.connection.SocketStream.open(SocketStream.java:62)
	... 3 common frames omitted
18:42:04.852 [main] INFO  c.a.d.p.DruidDataSource - [init,991] - {dataSource-1} inited
18:42:05.019 [main] INFO  i.l.c.EpollProvider - [<clinit>,68] - Starting without optional epoll library
18:42:05.487 [main] INFO  i.l.c.KqueueProvider - [<clinit>,66] - Starting with kqueue library
18:42:05.798 [main] INFO  org.redisson.Version - [logVersion,41] - Redisson 3.9.1
18:42:05.953 [redisson-netty-5-1] INFO  o.r.c.p.MasterPubSubConnectionPool - [operationComplete,168] - 1 connections initialized for 127.0.0.1/127.0.0.1:6379
18:42:05.954 [redisson-netty-5-4] INFO  o.r.c.p.MasterConnectionPool - [operationComplete,168] - 32 connections initialized for 127.0.0.1/127.0.0.1:6379
18:42:07.958 [main] INFO  s.d.s.w.PropertySourcedRequestMappingHandlerMapping - [initHandlerMethods,69] - Mapped URL path [/v2/api-docs] onto method [public org.springframework.http.ResponseEntity<springfox.documentation.spring.web.json.Json> springfox.documentation.swagger2.web.Swagger2Controller.getDocumentation(java.lang.String,javax.servlet.http.HttpServletRequest)]
18:42:08.854 [main] INFO  s.d.s.w.p.DocumentationPluginsBootstrapper - [start,160] - Context refreshed
18:42:08.862 [main] INFO  s.d.s.w.p.DocumentationPluginsBootstrapper - [start,163] - Found 1 custom documentation plugin(s)
18:42:08.888 [main] INFO  s.d.s.w.s.ApiListingReferenceScanner - [scan,41] - Scanning for api listing references
18:42:09.035 [main] INFO  s.d.s.w.r.o.CachingOperationNameGenerator - [startingWith,40] - Generating unique operation named: playTrackUsingGET_1
18:42:09.045 [main] INFO  s.d.s.w.r.o.CachingOperationNameGenerator - [startingWith,40] - Generating unique operation named: detailUsingGET_1
18:42:09.052 [main] INFO  s.d.s.w.r.o.CachingOperationNameGenerator - [startingWith,40] - Generating unique operation named: detailUsingGET_2
18:42:09.053 [main] INFO  s.d.s.w.r.o.CachingOperationNameGenerator - [startingWith,40] - Generating unique operation named: listByAddressUsingGET_1
18:42:09.096 [main] INFO  s.d.s.w.r.o.CachingOperationNameGenerator - [startingWith,40] - Generating unique operation named: listForPlaylistUsingGET_1
18:42:09.127 [main] INFO  o.a.c.h.Http11NioProtocol - [log,173] - Starting ProtocolHandler ["http-nio-8081"]
18:42:09.149 [main] INFO  c.rocki.Application - [logStarted,59] - Started Application in 10.654 seconds (JVM running for 11.274)
18:42:09.319 [RMI TCP Connection(2)-192.168.1.40] INFO  o.a.c.c.C.[.[.[/] - [log,173] - Initializing Spring DispatcherServlet 'dispatcherServlet'
18:42:09.327 [RMI TCP Connection(3)-192.168.1.40] INFO  o.m.driver.cluster - [info,71] - Cluster description not yet available. Waiting for 30000 ms before timing out
18:45:02.962 [Thread-26] INFO  sys-user - [shutdownAsyncManager,31] - ====关闭后台任务任务线程池====
18:45:03.006 [Thread-26] INFO  c.a.d.p.DruidDataSource - [close,1928] - {dataSource-1} closed
18:45:34.604 [restartedMain] INFO  c.r.CCApplication - [logStarting,50] - Starting CCApplication on ShidiandeMac-mini.local with PID 94313 (/Users/ann/Desktop/Work/PZKJ/rocki/rocki-backend-server/rocki-admin/target/classes started by ann in /Users/ann/Desktop/Work/PZKJ/rocki/rocki-backend-server)
18:45:34.607 [restartedMain] INFO  c.r.CCApplication - [logStartupProfileInfo,679] - The following profiles are active: dev
18:45:38.022 [restartedMain] INFO  o.a.c.h.Http11NioProtocol - [log,173] - Initializing ProtocolHandler ["http-nio-8080"]
18:45:38.028 [restartedMain] INFO  o.a.c.c.StandardService - [log,173] - Starting service [Tomcat]
18:45:38.029 [restartedMain] INFO  o.a.c.c.StandardEngine - [log,173] - Starting Servlet engine: [Apache Tomcat/9.0.19]
18:45:38.123 [restartedMain] INFO  o.a.c.c.C.[.[.[/] - [log,173] - Initializing Spring embedded WebApplicationContext
18:45:38.880 [restartedMain] INFO  o.m.driver.cluster - [info,71] - Cluster created with settings {hosts=[localhost:27017], mode=SINGLE, requiredClusterType=UNKNOWN, serverSelectionTimeout='30000 ms', maxWaitQueueSize=500}
18:45:38.916 [cluster-ClusterId{value='610a6fd22270de70692bfd17', description='null'}-localhost:27017] INFO  o.m.driver.cluster - [info,76] - Exception in monitor thread while connecting to server localhost:27017
com.mongodb.MongoSocketOpenException: Exception opening socket
	at com.mongodb.internal.connection.SocketStream.open(SocketStream.java:67)
	at com.mongodb.internal.connection.InternalStreamConnection.open(InternalStreamConnection.java:126)
	at com.mongodb.internal.connection.DefaultServerMonitor$ServerMonitorRunnable.run(DefaultServerMonitor.java:117)
	at java.lang.Thread.run(Thread.java:748)
Caused by: java.net.ConnectException: Connection refused (Connection refused)
	at java.net.PlainSocketImpl.socketConnect(Native Method)
	at java.net.AbstractPlainSocketImpl.doConnect(AbstractPlainSocketImpl.java:350)
	at java.net.AbstractPlainSocketImpl.connectToAddress(AbstractPlainSocketImpl.java:206)
	at java.net.AbstractPlainSocketImpl.connect(AbstractPlainSocketImpl.java:188)
	at java.net.SocksSocketImpl.connect(SocksSocketImpl.java:392)
	at java.net.Socket.connect(Socket.java:606)
	at com.mongodb.internal.connection.SocketStreamHelper.initialize(SocketStreamHelper.java:64)
	at com.mongodb.internal.connection.SocketStream.open(SocketStream.java:62)
	... 3 common frames omitted
18:45:42.598 [restartedMain] INFO  c.a.d.p.DruidDataSource - [init,991] - {dataSource-1} inited
18:45:42.790 [restartedMain] INFO  i.l.c.EpollProvider - [<clinit>,68] - Starting without optional epoll library
18:45:43.091 [restartedMain] INFO  i.l.c.KqueueProvider - [<clinit>,66] - Starting with kqueue library
18:45:44.388 [restartedMain] INFO  o.q.i.StdSchedulerFactory - [instantiate,1208] - Using default implementation for ThreadExecutor
18:45:44.400 [restartedMain] INFO  o.q.c.SchedulerSignalerImpl - [<init>,61] - Initialized Scheduler Signaller of type: class org.quartz.core.SchedulerSignalerImpl
18:45:44.400 [restartedMain] INFO  o.q.c.QuartzScheduler - [<init>,229] - Quartz Scheduler v.2.3.1 created.
18:45:44.405 [restartedMain] INFO  o.q.c.QuartzScheduler - [initialize,294] - Scheduler meta-data: Quartz Scheduler (v2.3.1) 'CCScheduler' with instanceId 'ShidiandeMac-mini.local1628073944390'
  Scheduler class: 'org.quartz.core.QuartzScheduler' - running locally.
  NOT STARTED.
  Currently in standby mode.
  Number of jobs executed: 0
  Using thread pool 'org.quartz.simpl.SimpleThreadPool' - with 20 threads.
  Using job-store 'org.springframework.scheduling.quartz.LocalDataSourceJobStore' - which supports persistence. and is clustered.

18:45:44.405 [restartedMain] INFO  o.q.i.StdSchedulerFactory - [instantiate,1362] - Quartz scheduler 'CCScheduler' initialized from an externally provided properties instance.
18:45:44.405 [restartedMain] INFO  o.q.i.StdSchedulerFactory - [instantiate,1366] - Quartz scheduler version: 2.3.1
18:45:44.407 [restartedMain] INFO  o.q.c.QuartzScheduler - [setJobFactory,2293] - JobFactory set to: org.springframework.scheduling.quartz.AdaptableJobFactory@6bdf77d3
18:45:45.700 [restartedMain] INFO  s.d.s.w.PropertySourcedRequestMappingHandlerMapping - [initHandlerMethods,69] - Mapped URL path [/v2/api-docs] onto method [public org.springframework.http.ResponseEntity<springfox.documentation.spring.web.json.Json> springfox.documentation.swagger2.web.Swagger2Controller.getDocumentation(java.lang.String,javax.servlet.http.HttpServletRequest)]
18:45:46.272 [restartedMain] INFO  org.redisson.Version - [logVersion,41] - Redisson 3.9.1
18:45:46.432 [redisson-netty-5-6] INFO  o.r.c.p.MasterPubSubConnectionPool - [operationComplete,168] - 1 connections initialized for localhost/127.0.0.1:6379
18:45:46.436 [redisson-netty-5-5] INFO  o.r.c.p.MasterConnectionPool - [operationComplete,168] - 32 connections initialized for localhost/127.0.0.1:6379
18:45:47.147 [restartedMain] INFO  s.d.s.w.p.DocumentationPluginsBootstrapper - [start,160] - Context refreshed
18:45:47.156 [restartedMain] INFO  s.d.s.w.p.DocumentationPluginsBootstrapper - [start,163] - Found 1 custom documentation plugin(s)
18:45:47.210 [restartedMain] INFO  s.d.s.w.s.ApiListingReferenceScanner - [scan,41] - Scanning for api listing references
18:45:47.320 [restartedMain] INFO  o.a.c.h.Http11NioProtocol - [log,173] - Starting ProtocolHandler ["http-nio-8080"]
18:45:47.338 [restartedMain] INFO  c.r.CCApplication - [logStarted,59] - Started CCApplication in 13.185 seconds (JVM running for 14.08)
18:45:47.624 [RMI TCP Connection(2)-127.0.0.1] INFO  o.a.c.c.C.[.[.[/] - [log,173] - Initializing Spring DispatcherServlet 'dispatcherServlet'
18:45:47.634 [RMI TCP Connection(3)-127.0.0.1] INFO  o.m.driver.cluster - [info,71] - Cluster description not yet available. Waiting for 30000 ms before timing out
18:45:48.366 [Quartz Scheduler [CCScheduler]] INFO  o.q.c.QuartzScheduler - [start,547] - Scheduler CCScheduler_$_ShidiandeMac-mini.local1628073944390 started.
18:45:48.822 [schedule-pool-1] INFO  c.r.q.t.d.e.AutomaticStake - [monitorStakePoolEventOnRinkeby,115] - start block:9009168, and end block: 9009300
18:45:48.847 [schedule-pool-1] INFO  c.r.q.t.d.e.AutomaticStake - [stakeWithdrawAndDepositEventHandler,134] - ==== stake deposit record start at: 1628073948847 =====
18:45:52.026 [schedule-pool-2] INFO  c.r.q.t.d.e.AutomaticStake - [monitorStakePoolEventOnRinkeby,114] - start block:9048285, and end block: 9050285
18:45:52.026 [schedule-pool-2] INFO  c.r.q.t.d.e.AutomaticStake - [depositEventHandler,130] - ==== burn deposit record start at: 1628073952026 =====
18:45:52.384 [schedule-pool-1] INFO  c.r.q.t.d.e.AutomaticStake - [stakeWithdrawAndDepositEventHandler,156] - ==== stake withdraw record start at: 1628073952384 =====
18:46:01.529 [schedule-pool-3] INFO  c.r.q.t.d.e.AutomaticStake - [monitorStakePoolEventOnRinkeby,115] - start block:9009301, and end block: 9011301
18:46:01.530 [schedule-pool-3] INFO  c.r.q.t.d.e.AutomaticStake - [stakeWithdrawAndDepositEventHandler,134] - ==== stake deposit record start at: 1628073961530 =====
18:46:02.003 [schedule-pool-2] INFO  c.r.q.t.d.e.AutomaticStake - [monitorStakePoolEventOnRinkeby,114] - start block:9050286, and end block: 9052286
18:46:02.003 [schedule-pool-2] INFO  c.r.q.t.d.e.AutomaticStake - [depositEventHandler,130] - ==== burn deposit record start at: 1628073962003 =====
18:46:02.408 [schedule-pool-3] INFO  c.r.q.t.d.e.AutomaticStake - [stakeWithdrawAndDepositEventHandler,156] - ==== stake withdraw record start at: 1628073962408 =====
18:46:11.555 [schedule-pool-1] INFO  c.r.q.t.d.e.AutomaticStake - [monitorStakePoolEventOnRinkeby,115] - start block:9011302, and end block: 9013302
18:46:11.556 [schedule-pool-1] INFO  c.r.q.t.d.e.AutomaticStake - [stakeWithdrawAndDepositEventHandler,134] - ==== stake deposit record start at: 1628073971556 =====
18:46:11.952 [schedule-pool-4] INFO  c.r.q.t.d.e.AutomaticStake - [monitorStakePoolEventOnRinkeby,114] - start block:9052287, and end block: 9054287
18:46:11.953 [schedule-pool-4] INFO  c.r.q.t.d.e.AutomaticStake - [depositEventHandler,130] - ==== burn deposit record start at: 1628073971953 =====
18:46:12.489 [schedule-pool-1] INFO  c.r.q.t.d.e.AutomaticStake - [stakeWithdrawAndDepositEventHandler,156] - ==== stake withdraw record start at: 1628073972489 =====
18:46:21.441 [schedule-pool-5] INFO  c.r.q.t.d.e.AutomaticStake - [monitorStakePoolEventOnRinkeby,115] - start block:9013303, and end block: 9015303
18:46:21.441 [schedule-pool-5] INFO  c.r.q.t.d.e.AutomaticStake - [stakeWithdrawAndDepositEventHandler,134] - ==== stake deposit record start at: 1628073981441 =====
18:46:21.958 [schedule-pool-3] INFO  c.r.q.t.d.e.AutomaticStake - [monitorStakePoolEventOnRinkeby,114] - start block:9054288, and end block: 9056288
18:46:21.958 [schedule-pool-3] INFO  c.r.q.t.d.e.AutomaticStake - [depositEventHandler,130] - ==== burn deposit record start at: 1628073981958 =====
18:46:22.346 [schedule-pool-5] INFO  c.r.q.t.d.e.AutomaticStake - [stakeWithdrawAndDepositEventHandler,156] - ==== stake withdraw record start at: 1628073982346 =====
18:46:31.674 [schedule-pool-4] INFO  c.r.q.t.d.e.AutomaticStake - [monitorStakePoolEventOnRinkeby,115] - start block:9015304, and end block: 9017304
18:46:31.675 [schedule-pool-4] INFO  c.r.q.t.d.e.AutomaticStake - [stakeWithdrawAndDepositEventHandler,134] - ==== stake deposit record start at: 1628073991675 =====
18:46:32.239 [schedule-pool-6] INFO  c.r.q.t.d.e.AutomaticStake - [monitorStakePoolEventOnRinkeby,114] - start block:9056289, and end block: 9055621
18:46:32.239 [schedule-pool-6] INFO  c.r.q.t.d.e.AutomaticStake - [depositEventHandler,130] - ==== burn deposit record start at: 1628073992239 =====
18:46:32.574 [schedule-pool-4] INFO  c.r.q.t.d.e.AutomaticStake - [stakeWithdrawAndDepositEventHandler,156] - ==== stake withdraw record start at: 1628073992574 =====
18:46:43.535 [schedule-pool-8] INFO  c.r.q.t.d.e.AutomaticStake - [monitorStakePoolEventOnRinkeby,115] - start block:9017305, and end block: 9019305
18:46:43.536 [schedule-pool-8] INFO  c.r.q.t.d.e.AutomaticStake - [stakeWithdrawAndDepositEventHandler,134] - ==== stake deposit record start at: 1628074003536 =====
18:46:43.537 [schedule-pool-1] INFO  c.r.q.t.d.e.AutomaticStake - [monitorStakePoolEventOnRinkeby,114] - start block:9055622, and end block: 9055622
18:46:43.537 [schedule-pool-1] INFO  c.r.q.t.d.e.AutomaticStake - [depositEventHandler,130] - ==== burn deposit record start at: 1628074003537 =====
18:46:44.444 [schedule-pool-8] INFO  c.r.q.t.d.e.AutomaticStake - [stakeWithdrawAndDepositEventHandler,156] - ==== stake withdraw record start at: 1628074004444 =====
18:46:52.964 [schedule-pool-3] INFO  c.r.q.t.d.e.AutomaticStake - [monitorStakePoolEventOnRinkeby,114] - start block:9055623, and end block: 9055623
18:46:52.966 [schedule-pool-3] INFO  c.r.q.t.d.e.AutomaticStake - [depositEventHandler,130] - ==== burn deposit record start at: 1628074012966 =====
18:46:54.090 [schedule-pool-9] INFO  c.r.q.t.d.e.AutomaticStake - [monitorStakePoolEventOnRinkeby,115] - start block:9019306, and end block: 9021306
18:46:54.091 [schedule-pool-9] INFO  c.r.q.t.d.e.AutomaticStake - [stakeWithdrawAndDepositEventHandler,134] - ==== stake deposit record start at: 1628074014091 =====
18:46:55.632 [schedule-pool-9] INFO  c.r.q.t.d.e.AutomaticStake - [stakeWithdrawAndDepositEventHandler,156] - ==== stake withdraw record start at: 1628074015632 =====
18:47:05.261 [schedule-pool-10] INFO  c.r.q.t.d.e.AutomaticStake - [monitorStakePoolEventOnRinkeby,114] - start block:9055624, and end block: 9055623
18:47:05.261 [schedule-pool-10] INFO  c.r.q.t.d.e.AutomaticStake - [depositEventHandler,130] - ==== burn deposit record start at: 1628074025261 =====
18:47:06.835 [schedule-pool-7] INFO  c.r.q.t.d.e.AutomaticStake - [monitorStakePoolEventOnRinkeby,115] - start block:9021307, and end block: 9023307
18:47:06.836 [schedule-pool-7] INFO  c.r.q.t.d.e.AutomaticStake - [stakeWithdrawAndDepositEventHandler,134] - ==== stake deposit record start at: 1628074026836 =====
18:47:07.737 [schedule-pool-7] INFO  c.r.q.t.d.e.AutomaticStake - [stakeWithdrawAndDepositEventHandler,156] - ==== stake withdraw record start at: 1628074027737 =====
18:47:11.562 [schedule-pool-4] INFO  c.r.q.t.d.e.AutomaticStake - [monitorStakePoolEventOnRinkeby,115] - start block:9023308, and end block: 9025308
18:47:11.563 [schedule-pool-4] INFO  c.r.q.t.d.e.AutomaticStake - [stakeWithdrawAndDepositEventHandler,134] - ==== stake deposit record start at: 1628074031563 =====
18:47:12.042 [schedule-pool-11] INFO  c.r.q.t.d.e.AutomaticStake - [monitorStakePoolEventOnRinkeby,114] - start block:9055624, and end block: 9055624
18:47:12.042 [schedule-pool-11] INFO  c.r.q.t.d.e.AutomaticStake - [depositEventHandler,130] - ==== burn deposit record start at: 1628074032042 =====
18:47:12.500 [schedule-pool-4] INFO  c.r.q.t.d.e.AutomaticStake - [stakeWithdrawAndDepositEventHandler,156] - ==== stake withdraw record start at: 1628074032500 =====
18:47:17.317 [Thread-42] INFO  o.q.c.QuartzScheduler - [standby,585] - Scheduler CCScheduler_$_ShidiandeMac-mini.local1628073944390 paused.
18:47:17.357 [Thread-42] INFO  o.q.c.QuartzScheduler - [shutdown,666] - Scheduler CCScheduler_$_ShidiandeMac-mini.local1628073944390 shutting down.
18:47:17.358 [Thread-42] INFO  o.q.c.QuartzScheduler - [standby,585] - Scheduler CCScheduler_$_ShidiandeMac-mini.local1628073944390 paused.
18:47:17.359 [Thread-42] INFO  o.q.c.QuartzScheduler - [shutdown,740] - Scheduler CCScheduler_$_ShidiandeMac-mini.local1628073944390 shutdown complete.
18:47:17.359 [Thread-42] INFO  sys-user - [shutdownAsyncManager,31] - ====关闭后台任务任务线程池====
18:47:17.371 [Thread-42] INFO  c.a.d.p.DruidDataSource - [close,1928] - {dataSource-1} closed
18:47:36.744 [main] INFO  o.s.c.KotlinDetector - [<clinit>,57] - Kotlin reflection implementation not found at runtime, related features won't be available.
18:47:37.066 [main] INFO  c.rocki.Application - [logStarting,50] - Starting Application on ShidiandeMac-mini.local with PID 94357 (/Users/ann/Desktop/Work/PZKJ/rocki/rocki-backend-server/rocki-app/target/classes started by ann in /Users/ann/Desktop/Work/PZKJ/rocki/rocki-backend-server)
18:47:37.066 [main] INFO  c.rocki.Application - [logStartupProfileInfo,679] - The following profiles are active: dev
18:47:39.835 [main] INFO  o.a.c.h.Http11NioProtocol - [log,173] - Initializing ProtocolHandler ["http-nio-8081"]
18:47:39.842 [main] INFO  o.a.c.c.StandardService - [log,173] - Starting service [Tomcat]
18:47:39.842 [main] INFO  o.a.c.c.StandardEngine - [log,173] - Starting Servlet engine: [Apache Tomcat/9.0.19]
18:47:39.946 [main] INFO  o.a.c.c.C.[.[.[/] - [log,173] - Initializing Spring embedded WebApplicationContext
18:47:40.555 [main] INFO  o.m.driver.cluster - [info,71] - Cluster created with settings {hosts=[localhost:27017], mode=SINGLE, requiredClusterType=UNKNOWN, serverSelectionTimeout='30000 ms', maxWaitQueueSize=500}
18:47:40.578 [cluster-ClusterId{value='610a704c2270de709560a0cd', description='null'}-localhost:27017] INFO  o.m.driver.cluster - [info,76] - Exception in monitor thread while connecting to server localhost:27017
com.mongodb.MongoSocketOpenException: Exception opening socket
	at com.mongodb.internal.connection.SocketStream.open(SocketStream.java:67)
	at com.mongodb.internal.connection.InternalStreamConnection.open(InternalStreamConnection.java:126)
	at com.mongodb.internal.connection.DefaultServerMonitor$ServerMonitorRunnable.run(DefaultServerMonitor.java:117)
	at java.lang.Thread.run(Thread.java:748)
Caused by: java.net.ConnectException: Connection refused (Connection refused)
	at java.net.PlainSocketImpl.socketConnect(Native Method)
	at java.net.AbstractPlainSocketImpl.doConnect(AbstractPlainSocketImpl.java:350)
	at java.net.AbstractPlainSocketImpl.connectToAddress(AbstractPlainSocketImpl.java:206)
	at java.net.AbstractPlainSocketImpl.connect(AbstractPlainSocketImpl.java:188)
	at java.net.SocksSocketImpl.connect(SocksSocketImpl.java:392)
	at java.net.Socket.connect(Socket.java:606)
	at com.mongodb.internal.connection.SocketStreamHelper.initialize(SocketStreamHelper.java:64)
	at com.mongodb.internal.connection.SocketStream.open(SocketStream.java:62)
	... 3 common frames omitted
18:47:43.193 [main] INFO  c.a.d.p.DruidDataSource - [init,991] - {dataSource-1} inited
18:47:43.354 [main] INFO  i.l.c.EpollProvider - [<clinit>,68] - Starting without optional epoll library
18:47:43.903 [main] INFO  i.l.c.KqueueProvider - [<clinit>,66] - Starting with kqueue library
18:47:44.266 [main] INFO  org.redisson.Version - [logVersion,41] - Redisson 3.9.1
18:47:44.424 [redisson-netty-5-4] INFO  o.r.c.p.MasterPubSubConnectionPool - [operationComplete,168] - 1 connections initialized for 127.0.0.1/127.0.0.1:6379
18:47:44.424 [redisson-netty-5-3] INFO  o.r.c.p.MasterConnectionPool - [operationComplete,168] - 32 connections initialized for 127.0.0.1/127.0.0.1:6379
18:47:46.470 [main] INFO  s.d.s.w.PropertySourcedRequestMappingHandlerMapping - [initHandlerMethods,69] - Mapped URL path [/v2/api-docs] onto method [public org.springframework.http.ResponseEntity<springfox.documentation.spring.web.json.Json> springfox.documentation.swagger2.web.Swagger2Controller.getDocumentation(java.lang.String,javax.servlet.http.HttpServletRequest)]
18:47:47.431 [main] INFO  s.d.s.w.p.DocumentationPluginsBootstrapper - [start,160] - Context refreshed
18:47:47.439 [main] INFO  s.d.s.w.p.DocumentationPluginsBootstrapper - [start,163] - Found 1 custom documentation plugin(s)
18:47:47.466 [main] INFO  s.d.s.w.s.ApiListingReferenceScanner - [scan,41] - Scanning for api listing references
18:47:47.609 [main] INFO  s.d.s.w.r.o.CachingOperationNameGenerator - [startingWith,40] - Generating unique operation named: playTrackUsingGET_1
18:47:47.619 [main] INFO  s.d.s.w.r.o.CachingOperationNameGenerator - [startingWith,40] - Generating unique operation named: detailUsingGET_1
18:47:47.626 [main] INFO  s.d.s.w.r.o.CachingOperationNameGenerator - [startingWith,40] - Generating unique operation named: detailUsingGET_2
18:47:47.627 [main] INFO  s.d.s.w.r.o.CachingOperationNameGenerator - [startingWith,40] - Generating unique operation named: listByAddressUsingGET_1
18:47:47.666 [main] INFO  s.d.s.w.r.o.CachingOperationNameGenerator - [startingWith,40] - Generating unique operation named: listForPlaylistUsingGET_1
18:47:47.690 [main] INFO  o.a.c.h.Http11NioProtocol - [log,173] - Starting ProtocolHandler ["http-nio-8081"]
18:47:47.707 [main] INFO  c.rocki.Application - [logStarted,59] - Started Application in 10.939 seconds (JVM running for 11.578)
18:47:48.061 [RMI TCP Connection(3)-192.168.1.40] INFO  o.a.c.c.C.[.[.[/] - [log,173] - Initializing Spring DispatcherServlet 'dispatcherServlet'
18:47:48.069 [RMI TCP Connection(4)-192.168.1.40] INFO  o.m.driver.cluster - [info,71] - Cluster description not yet available. Waiting for 30000 ms before timing out
18:53:57.787 [Thread-28] INFO  sys-user - [shutdownAsyncManager,31] - ====关闭后台任务任务线程池====
18:53:57.828 [Thread-28] INFO  c.a.d.p.DruidDataSource - [close,1928] - {dataSource-1} closed
18:59:17.565 [restartedMain] INFO  c.r.CCApplication - [logStarting,50] - Starting CCApplication on ShidiandeMac-mini.local with PID 94605 (/Users/ann/Desktop/Work/PZKJ/rocki/rocki-backend-server/rocki-admin/target/classes started by ann in /Users/ann/Desktop/Work/PZKJ/rocki/rocki-backend-server)
18:59:17.568 [restartedMain] INFO  c.r.CCApplication - [logStartupProfileInfo,679] - The following profiles are active: dev
18:59:20.785 [restartedMain] INFO  o.a.c.h.Http11NioProtocol - [log,173] - Initializing ProtocolHandler ["http-nio-8080"]
18:59:20.791 [restartedMain] INFO  o.a.c.c.StandardService - [log,173] - Starting service [Tomcat]
18:59:20.791 [restartedMain] INFO  o.a.c.c.StandardEngine - [log,173] - Starting Servlet engine: [Apache Tomcat/9.0.19]
18:59:20.882 [restartedMain] INFO  o.a.c.c.C.[.[.[/] - [log,173] - Initializing Spring embedded WebApplicationContext
18:59:21.541 [restartedMain] INFO  o.m.driver.cluster - [info,71] - Cluster created with settings {hosts=[localhost:27017], mode=SINGLE, requiredClusterType=UNKNOWN, serverSelectionTimeout='30000 ms', maxWaitQueueSize=500}
18:59:21.568 [cluster-ClusterId{value='610a7309a2585e718d8c8933', description='null'}-localhost:27017] INFO  o.m.driver.cluster - [info,76] - Exception in monitor thread while connecting to server localhost:27017
com.mongodb.MongoSocketOpenException: Exception opening socket
	at com.mongodb.internal.connection.SocketStream.open(SocketStream.java:67)
	at com.mongodb.internal.connection.InternalStreamConnection.open(InternalStreamConnection.java:126)
	at com.mongodb.internal.connection.DefaultServerMonitor$ServerMonitorRunnable.run(DefaultServerMonitor.java:117)
	at java.lang.Thread.run(Thread.java:748)
Caused by: java.net.ConnectException: Connection refused (Connection refused)
	at java.net.PlainSocketImpl.socketConnect(Native Method)
	at java.net.AbstractPlainSocketImpl.doConnect(AbstractPlainSocketImpl.java:350)
	at java.net.AbstractPlainSocketImpl.connectToAddress(AbstractPlainSocketImpl.java:206)
	at java.net.AbstractPlainSocketImpl.connect(AbstractPlainSocketImpl.java:188)
	at java.net.SocksSocketImpl.connect(SocksSocketImpl.java:392)
	at java.net.Socket.connect(Socket.java:606)
	at com.mongodb.internal.connection.SocketStreamHelper.initialize(SocketStreamHelper.java:64)
	at com.mongodb.internal.connection.SocketStream.open(SocketStream.java:62)
	... 3 common frames omitted
18:59:24.961 [restartedMain] INFO  c.a.d.p.DruidDataSource - [init,991] - {dataSource-1} inited
18:59:25.160 [restartedMain] INFO  i.l.c.EpollProvider - [<clinit>,68] - Starting without optional epoll library
18:59:25.643 [restartedMain] INFO  i.l.c.KqueueProvider - [<clinit>,66] - Starting with kqueue library
18:59:26.891 [restartedMain] INFO  o.q.i.StdSchedulerFactory - [instantiate,1208] - Using default implementation for ThreadExecutor
18:59:26.903 [restartedMain] INFO  o.q.c.SchedulerSignalerImpl - [<init>,61] - Initialized Scheduler Signaller of type: class org.quartz.core.SchedulerSignalerImpl
18:59:26.903 [restartedMain] INFO  o.q.c.QuartzScheduler - [<init>,229] - Quartz Scheduler v.2.3.1 created.
18:59:26.909 [restartedMain] INFO  o.q.c.QuartzScheduler - [initialize,294] - Scheduler meta-data: Quartz Scheduler (v2.3.1) 'CCScheduler' with instanceId 'ShidiandeMac-mini.local1628074766892'
  Scheduler class: 'org.quartz.core.QuartzScheduler' - running locally.
  NOT STARTED.
  Currently in standby mode.
  Number of jobs executed: 0
  Using thread pool 'org.quartz.simpl.SimpleThreadPool' - with 20 threads.
  Using job-store 'org.springframework.scheduling.quartz.LocalDataSourceJobStore' - which supports persistence. and is clustered.

18:59:26.909 [restartedMain] INFO  o.q.i.StdSchedulerFactory - [instantiate,1362] - Quartz scheduler 'CCScheduler' initialized from an externally provided properties instance.
18:59:26.909 [restartedMain] INFO  o.q.i.StdSchedulerFactory - [instantiate,1366] - Quartz scheduler version: 2.3.1
18:59:26.911 [restartedMain] INFO  o.q.c.QuartzScheduler - [setJobFactory,2293] - JobFactory set to: org.springframework.scheduling.quartz.AdaptableJobFactory@5018bc1a
18:59:28.139 [restartedMain] INFO  s.d.s.w.PropertySourcedRequestMappingHandlerMapping - [initHandlerMethods,69] - Mapped URL path [/v2/api-docs] onto method [public org.springframework.http.ResponseEntity<springfox.documentation.spring.web.json.Json> springfox.documentation.swagger2.web.Swagger2Controller.getDocumentation(java.lang.String,javax.servlet.http.HttpServletRequest)]
18:59:28.738 [restartedMain] INFO  org.redisson.Version - [logVersion,41] - Redisson 3.9.1
18:59:28.894 [redisson-netty-5-1] INFO  o.r.c.p.MasterPubSubConnectionPool - [operationComplete,168] - 1 connections initialized for localhost/127.0.0.1:6379
18:59:28.894 [redisson-netty-5-5] INFO  o.r.c.p.MasterConnectionPool - [operationComplete,168] - 32 connections initialized for localhost/127.0.0.1:6379
18:59:29.690 [restartedMain] INFO  s.d.s.w.p.DocumentationPluginsBootstrapper - [start,160] - Context refreshed
18:59:29.699 [restartedMain] INFO  s.d.s.w.p.DocumentationPluginsBootstrapper - [start,163] - Found 1 custom documentation plugin(s)
18:59:29.753 [restartedMain] INFO  s.d.s.w.s.ApiListingReferenceScanner - [scan,41] - Scanning for api listing references
18:59:29.861 [restartedMain] INFO  o.a.c.h.Http11NioProtocol - [log,173] - Starting ProtocolHandler ["http-nio-8080"]
18:59:29.879 [restartedMain] INFO  c.r.CCApplication - [logStarted,59] - Started CCApplication in 12.695 seconds (JVM running for 13.497)
18:59:30.114 [RMI TCP Connection(3)-127.0.0.1] INFO  o.a.c.c.C.[.[.[/] - [log,173] - Initializing Spring DispatcherServlet 'dispatcherServlet'
18:59:30.122 [RMI TCP Connection(2)-127.0.0.1] INFO  o.m.driver.cluster - [info,71] - Cluster description not yet available. Waiting for 30000 ms before timing out
18:59:30.878 [Quartz Scheduler [CCScheduler]] INFO  o.q.c.QuartzScheduler - [start,547] - Scheduler CCScheduler_$_ShidiandeMac-mini.local1628074766892 started.
18:59:31.865 [schedule-pool-2] INFO  c.r.q.t.d.e.AutomaticStake - [monitorStakePoolEventOnRinkeby,114] - start block:9009168, and end block: 9009300
18:59:31.887 [schedule-pool-2] INFO  c.r.q.t.d.e.AutomaticStake - [depositEventHandler,130] - ==== burn deposit record start at: 1628074771887 =====
18:59:34.212 [schedule-pool-1] INFO  c.r.q.t.d.e.AutomaticStake - [monitorStakePoolEventOnRinkeby,115] - start block:9048285, and end block: 9050285
18:59:34.213 [schedule-pool-1] INFO  c.r.q.t.d.e.AutomaticStake - [stakeWithdrawAndDepositEventHandler,134] - ==== stake deposit record start at: 1628074774213 =====
18:59:35.116 [schedule-pool-1] INFO  c.r.q.t.d.e.AutomaticStake - [stakeWithdrawAndDepositEventHandler,156] - ==== stake withdraw record start at: 1628074775116 =====
18:59:44.254 [schedule-pool-3] INFO  c.r.q.t.d.e.AutomaticStake - [monitorStakePoolEventOnRinkeby,115] - start block:9050286, and end block: 9052286
18:59:44.254 [schedule-pool-3] INFO  c.r.q.t.d.e.AutomaticStake - [stakeWithdrawAndDepositEventHandler,134] - ==== stake deposit record start at: 1628074784254 =====
18:59:44.853 [schedule-pool-2] INFO  c.r.q.t.d.e.AutomaticStake - [monitorStakePoolEventOnRinkeby,114] - start block:9009301, and end block: 9011301
18:59:44.853 [schedule-pool-2] INFO  c.r.q.t.d.e.AutomaticStake - [depositEventHandler,130] - ==== burn deposit record start at: 1628074784853 =====
18:59:45.174 [schedule-pool-3] INFO  c.r.q.t.d.e.AutomaticStake - [stakeWithdrawAndDepositEventHandler,156] - ==== stake withdraw record start at: 1628074785174 =====
18:59:54.117 [schedule-pool-4] INFO  c.r.q.t.d.e.AutomaticStake - [monitorStakePoolEventOnRinkeby,115] - start block:9052287, and end block: 9054287
18:59:54.118 [schedule-pool-4] INFO  c.r.q.t.d.e.AutomaticStake - [stakeWithdrawAndDepositEventHandler,134] - ==== stake deposit record start at: 1628074794118 =====
18:59:54.570 [schedule-pool-1] INFO  c.r.q.t.d.e.AutomaticStake - [monitorStakePoolEventOnRinkeby,114] - start block:9011302, and end block: 9013302
18:59:54.570 [schedule-pool-1] INFO  c.r.q.t.d.e.AutomaticStake - [depositEventHandler,130] - ==== burn deposit record start at: 1628074794570 =====
18:59:55.080 [schedule-pool-4] INFO  c.r.q.t.d.e.AutomaticStake - [stakeWithdrawAndDepositEventHandler,156] - ==== stake withdraw record start at: 1628074795080 =====
19:00:04.134 [schedule-pool-5] INFO  c.r.q.t.d.e.AutomaticStake - [monitorStakePoolEventOnRinkeby,115] - start block:9054288, and end block: 9056288
19:00:04.134 [schedule-pool-5] INFO  c.r.q.t.d.e.AutomaticStake - [stakeWithdrawAndDepositEventHandler,134] - ==== stake deposit record start at: 1628074804134 =====
19:00:04.729 [schedule-pool-3] INFO  c.r.q.t.d.e.AutomaticStake - [monitorStakePoolEventOnRinkeby,114] - start block:9013303, and end block: 9015303
19:00:04.729 [schedule-pool-3] INFO  c.r.q.t.d.e.AutomaticStake - [depositEventHandler,130] - ==== burn deposit record start at: 1628074804729 =====
19:00:05.608 [schedule-pool-5] INFO  c.r.q.t.d.e.AutomaticStake - [stakeWithdrawAndDepositEventHandler,156] - ==== stake withdraw record start at: 1628074805608 =====
19:00:14.079 [schedule-pool-1] INFO  c.r.q.t.d.e.AutomaticStake - [monitorStakePoolEventOnRinkeby,115] - start block:9056289, and end block: 9055676
19:00:14.080 [schedule-pool-1] INFO  c.r.q.t.d.e.AutomaticStake - [stakeWithdrawAndDepositEventHandler,134] - ==== stake deposit record start at: 1628074814080 =====
19:00:14.653 [schedule-pool-6] INFO  c.r.q.t.d.e.AutomaticStake - [monitorStakePoolEventOnRinkeby,114] - start block:9015304, and end block: 9017304
19:00:14.653 [schedule-pool-6] INFO  c.r.q.t.d.e.AutomaticStake - [depositEventHandler,130] - ==== burn deposit record start at: 1628074814653 =====
19:00:15.022 [schedule-pool-1] INFO  c.r.q.t.d.e.AutomaticStake - [stakeWithdrawAndDepositEventHandler,156] - ==== stake withdraw record start at: 1628074815022 =====
19:00:23.983 [schedule-pool-8] INFO  c.r.q.t.d.e.AutomaticStake - [monitorStakePoolEventOnRinkeby,115] - start block:9055677, and end block: 9055677
19:00:23.984 [schedule-pool-8] INFO  c.r.q.t.d.e.AutomaticStake - [stakeWithdrawAndDepositEventHandler,134] - ==== stake deposit record start at: 1628074823984 =====
19:00:24.622 [schedule-pool-4] INFO  c.r.q.t.d.e.AutomaticStake - [monitorStakePoolEventOnRinkeby,114] - start block:9017305, and end block: 9019305
19:00:24.623 [schedule-pool-4] INFO  c.r.q.t.d.e.AutomaticStake - [depositEventHandler,130] - ==== burn deposit record start at: 1628074824623 =====
19:00:24.882 [schedule-pool-8] INFO  c.r.q.t.d.e.AutomaticStake - [stakeWithdrawAndDepositEventHandler,156] - ==== stake withdraw record start at: 1628074824882 =====
19:00:34.067 [schedule-pool-3] INFO  c.r.q.t.d.e.AutomaticStake - [monitorStakePoolEventOnRinkeby,115] - start block:9055678, and end block: 9055677
19:00:34.068 [schedule-pool-3] INFO  c.r.q.t.d.e.AutomaticStake - [stakeWithdrawAndDepositEventHandler,134] - ==== stake deposit record start at: 1628074834068 =====
19:00:34.558 [schedule-pool-9] INFO  c.r.q.t.d.e.AutomaticStake - [monitorStakePoolEventOnRinkeby,114] - start block:9019306, and end block: 9021306
19:00:34.558 [schedule-pool-9] INFO  c.r.q.t.d.e.AutomaticStake - [depositEventHandler,130] - ==== burn deposit record start at: 1628074834558 =====
19:00:34.994 [schedule-pool-3] INFO  c.r.q.t.d.e.AutomaticStake - [stakeWithdrawAndDepositEventHandler,156] - ==== stake withdraw record start at: 1628074834994 =====
19:00:44.135 [schedule-pool-10] INFO  c.r.q.t.d.e.AutomaticStake - [monitorStakePoolEventOnRinkeby,115] - start block:9055678, and end block: 9055678
19:00:44.136 [schedule-pool-10] INFO  c.r.q.t.d.e.AutomaticStake - [stakeWithdrawAndDepositEventHandler,134] - ==== stake deposit record start at: 1628074844136 =====
19:00:44.558 [schedule-pool-5] INFO  c.r.q.t.d.e.AutomaticStake - [monitorStakePoolEventOnRinkeby,114] - start block:9021307, and end block: 9023307
19:00:44.558 [schedule-pool-5] INFO  c.r.q.t.d.e.AutomaticStake - [depositEventHandler,130] - ==== burn deposit record start at: 1628074844558 =====
19:00:45.047 [schedule-pool-10] INFO  c.r.q.t.d.e.AutomaticStake - [stakeWithdrawAndDepositEventHandler,156] - ==== stake withdraw record start at: 1628074845047 =====
19:00:54.161 [schedule-pool-11] INFO  c.r.q.t.d.e.AutomaticStake - [monitorStakePoolEventOnRinkeby,115] - start block:9055679, and end block: 9055679
19:00:54.164 [schedule-pool-11] INFO  c.r.q.t.d.e.AutomaticStake - [stakeWithdrawAndDepositEventHandler,134] - ==== stake deposit record start at: 1628074854164 =====
19:00:55.105 [schedule-pool-11] INFO  c.r.q.t.d.e.AutomaticStake - [stakeWithdrawAndDepositEventHandler,156] - ==== stake withdraw record start at: 1628074855105 =====
19:00:55.127 [schedule-pool-6] INFO  c.r.q.t.d.e.AutomaticStake - [monitorStakePoolEventOnRinkeby,114] - start block:9023308, and end block: 9025308
19:00:55.127 [schedule-pool-6] INFO  c.r.q.t.d.e.AutomaticStake - [depositEventHandler,130] - ==== burn deposit record start at: 1628074855127 =====
19:01:03.999 [schedule-pool-12] INFO  c.r.q.t.d.e.AutomaticStake - [monitorStakePoolEventOnRinkeby,115] - start block:9055680, and end block: 9055679
19:01:04.000 [schedule-pool-12] INFO  c.r.q.t.d.e.AutomaticStake - [stakeWithdrawAndDepositEventHandler,134] - ==== stake deposit record start at: 1628074864000 =====
19:01:04.567 [schedule-pool-2] INFO  c.r.q.t.d.e.AutomaticStake - [monitorStakePoolEventOnRinkeby,114] - start block:9025309, and end block: 9027309
19:01:04.567 [schedule-pool-2] INFO  c.r.q.t.d.e.AutomaticStake - [depositEventHandler,130] - ==== burn deposit record start at: 1628074864567 =====
19:01:04.899 [schedule-pool-12] INFO  c.r.q.t.d.e.AutomaticStake - [stakeWithdrawAndDepositEventHandler,156] - ==== stake withdraw record start at: 1628074864899 =====
19:01:14.854 [schedule-pool-13] INFO  c.r.q.t.d.e.AutomaticStake - [monitorStakePoolEventOnRinkeby,114] - start block:9027310, and end block: 9029310
19:01:14.855 [schedule-pool-13] INFO  c.r.q.t.d.e.AutomaticStake - [depositEventHandler,130] - ==== burn deposit record start at: 1628074874855 =====
19:01:15.321 [schedule-pool-8] INFO  c.r.q.t.d.e.AutomaticStake - [monitorStakePoolEventOnRinkeby,115] - start block:9055680, and end block: 9055680
19:01:15.321 [schedule-pool-8] INFO  c.r.q.t.d.e.AutomaticStake - [stakeWithdrawAndDepositEventHandler,134] - ==== stake deposit record start at: 1628074875321 =====
19:01:16.244 [schedule-pool-8] INFO  c.r.q.t.d.e.AutomaticStake - [stakeWithdrawAndDepositEventHandler,156] - ==== stake withdraw record start at: 1628074876244 =====
19:01:24.027 [schedule-pool-14] INFO  c.r.q.t.d.e.AutomaticStake - [monitorStakePoolEventOnRinkeby,115] - start block:9055681, and end block: 9055681
19:01:24.027 [schedule-pool-14] INFO  c.r.q.t.d.e.AutomaticStake - [stakeWithdrawAndDepositEventHandler,134] - ==== stake deposit record start at: 1628074884027 =====
19:01:24.521 [schedule-pool-9] INFO  c.r.q.t.d.e.AutomaticStake - [monitorStakePoolEventOnRinkeby,114] - start block:9029311, and end block: 9031311
19:01:24.521 [schedule-pool-9] INFO  c.r.q.t.d.e.AutomaticStake - [depositEventHandler,130] - ==== burn deposit record start at: 1628074884521 =====
19:01:24.938 [schedule-pool-14] INFO  c.r.q.t.d.e.AutomaticStake - [stakeWithdrawAndDepositEventHandler,156] - ==== stake withdraw record start at: 1628074884938 =====
19:01:34.122 [schedule-pool-3] INFO  c.r.q.t.d.e.AutomaticStake - [monitorStakePoolEventOnRinkeby,115] - start block:9055682, and end block: 9055681
19:01:34.122 [schedule-pool-3] INFO  c.r.q.t.d.e.AutomaticStake - [stakeWithdrawAndDepositEventHandler,134] - ==== stake deposit record start at: 1628074894122 =====
19:01:34.585 [schedule-pool-16] INFO  c.r.q.t.d.e.AutomaticStake - [monitorStakePoolEventOnRinkeby,114] - start block:9031312, and end block: 9033312
19:01:34.585 [schedule-pool-16] INFO  c.r.q.t.d.e.AutomaticStake - [depositEventHandler,130] - ==== burn deposit record start at: 1628074894585 =====
19:01:35.061 [schedule-pool-3] INFO  c.r.q.t.d.e.AutomaticStake - [stakeWithdrawAndDepositEventHandler,156] - ==== stake withdraw record start at: 1628074895061 =====
19:01:44.060 [schedule-pool-7] INFO  c.r.q.t.d.e.AutomaticStake - [monitorStakePoolEventOnRinkeby,115] - start block:9055682, and end block: 9055682
19:01:44.060 [schedule-pool-7] INFO  c.r.q.t.d.e.AutomaticStake - [stakeWithdrawAndDepositEventHandler,134] - ==== stake deposit record start at: 1628074904060 =====
19:01:45.593 [schedule-pool-7] INFO  c.r.q.t.d.e.AutomaticStake - [stakeWithdrawAndDepositEventHandler,156] - ==== stake withdraw record start at: 1628074905593 =====
19:01:45.840 [schedule-pool-5] INFO  c.r.q.t.d.e.AutomaticStake - [monitorStakePoolEventOnRinkeby,114] - start block:9033313, and end block: 9035313
19:01:45.841 [schedule-pool-5] INFO  c.r.q.t.d.e.AutomaticStake - [depositEventHandler,130] - ==== burn deposit record start at: 1628074905841 =====
19:01:54.428 [schedule-pool-17] INFO  c.r.q.t.d.e.AutomaticStake - [monitorStakePoolEventOnRinkeby,115] - start block:9055683, and end block: 9055683
19:01:54.429 [schedule-pool-17] INFO  c.r.q.t.d.e.AutomaticStake - [stakeWithdrawAndDepositEventHandler,134] - ==== stake deposit record start at: 1628074914429 =====
19:01:54.677 [schedule-pool-10] INFO  c.r.q.t.d.e.AutomaticStake - [monitorStakePoolEventOnRinkeby,114] - start block:9035314, and end block: 9037314
19:01:54.677 [schedule-pool-10] INFO  c.r.q.t.d.e.AutomaticStake - [depositEventHandler,130] - ==== burn deposit record start at: 1628074914677 =====
19:01:55.349 [schedule-pool-17] INFO  c.r.q.t.d.e.AutomaticStake - [stakeWithdrawAndDepositEventHandler,156] - ==== stake withdraw record start at: 1628074915349 =====
19:02:00.630 [Thread-40] INFO  o.q.c.QuartzScheduler - [standby,585] - Scheduler CCScheduler_$_ShidiandeMac-mini.local1628074766892 paused.
19:02:00.672 [Thread-40] INFO  o.q.c.QuartzScheduler - [shutdown,666] - Scheduler CCScheduler_$_ShidiandeMac-mini.local1628074766892 shutting down.
19:02:00.672 [Thread-40] INFO  o.q.c.QuartzScheduler - [standby,585] - Scheduler CCScheduler_$_ShidiandeMac-mini.local1628074766892 paused.
19:02:00.673 [Thread-40] INFO  o.q.c.QuartzScheduler - [shutdown,740] - Scheduler CCScheduler_$_ShidiandeMac-mini.local1628074766892 shutdown complete.
19:02:00.673 [Thread-40] INFO  sys-user - [shutdownAsyncManager,31] - ====关闭后台任务任务线程池====
19:02:00.689 [Thread-40] INFO  c.a.d.p.DruidDataSource - [close,1928] - {dataSource-1} closed
19:02:35.179 [restartedMain] INFO  c.r.CCApplication - [logStarting,50] - Starting CCApplication on ShidiandeMac-mini.local with PID 94682 (/Users/ann/Desktop/Work/PZKJ/rocki/rocki-backend-server/rocki-admin/target/classes started by ann in /Users/ann/Desktop/Work/PZKJ/rocki/rocki-backend-server)
19:02:35.188 [restartedMain] INFO  c.r.CCApplication - [logStartupProfileInfo,679] - The following profiles are active: dev
19:02:38.369 [restartedMain] INFO  o.a.c.h.Http11NioProtocol - [log,173] - Initializing ProtocolHandler ["http-nio-8080"]
19:02:38.376 [restartedMain] INFO  o.a.c.c.StandardService - [log,173] - Starting service [Tomcat]
19:02:38.376 [restartedMain] INFO  o.a.c.c.StandardEngine - [log,173] - Starting Servlet engine: [Apache Tomcat/9.0.19]
19:02:38.469 [restartedMain] INFO  o.a.c.c.C.[.[.[/] - [log,173] - Initializing Spring embedded WebApplicationContext
19:02:39.113 [restartedMain] INFO  o.m.driver.cluster - [info,71] - Cluster created with settings {hosts=[localhost:27017], mode=SINGLE, requiredClusterType=UNKNOWN, serverSelectionTimeout='30000 ms', maxWaitQueueSize=500}
19:02:39.141 [cluster-ClusterId{value='610a73cfa2585e71daf1d8a7', description='null'}-localhost:27017] INFO  o.m.driver.cluster - [info,76] - Exception in monitor thread while connecting to server localhost:27017
com.mongodb.MongoSocketOpenException: Exception opening socket
	at com.mongodb.internal.connection.SocketStream.open(SocketStream.java:67)
	at com.mongodb.internal.connection.InternalStreamConnection.open(InternalStreamConnection.java:126)
	at com.mongodb.internal.connection.DefaultServerMonitor$ServerMonitorRunnable.run(DefaultServerMonitor.java:117)
	at java.lang.Thread.run(Thread.java:748)
Caused by: java.net.ConnectException: Connection refused (Connection refused)
	at java.net.PlainSocketImpl.socketConnect(Native Method)
	at java.net.AbstractPlainSocketImpl.doConnect(AbstractPlainSocketImpl.java:350)
	at java.net.AbstractPlainSocketImpl.connectToAddress(AbstractPlainSocketImpl.java:206)
	at java.net.AbstractPlainSocketImpl.connect(AbstractPlainSocketImpl.java:188)
	at java.net.SocksSocketImpl.connect(SocksSocketImpl.java:392)
	at java.net.Socket.connect(Socket.java:606)
	at com.mongodb.internal.connection.SocketStreamHelper.initialize(SocketStreamHelper.java:64)
	at com.mongodb.internal.connection.SocketStream.open(SocketStream.java:62)
	... 3 common frames omitted
19:02:42.538 [restartedMain] INFO  c.a.d.p.DruidDataSource - [init,991] - {dataSource-1} inited
19:02:42.717 [restartedMain] INFO  i.l.c.EpollProvider - [<clinit>,68] - Starting without optional epoll library
19:02:43.195 [restartedMain] INFO  i.l.c.KqueueProvider - [<clinit>,66] - Starting with kqueue library
19:02:44.457 [restartedMain] INFO  o.q.i.StdSchedulerFactory - [instantiate,1208] - Using default implementation for ThreadExecutor
19:02:44.465 [restartedMain] INFO  o.q.c.SchedulerSignalerImpl - [<init>,61] - Initialized Scheduler Signaller of type: class org.quartz.core.SchedulerSignalerImpl
19:02:44.466 [restartedMain] INFO  o.q.c.QuartzScheduler - [<init>,229] - Quartz Scheduler v.2.3.1 created.
19:02:44.472 [restartedMain] INFO  o.q.c.QuartzScheduler - [initialize,294] - Scheduler meta-data: Quartz Scheduler (v2.3.1) 'CCScheduler' with instanceId 'ShidiandeMac-mini.local1628074964458'
  Scheduler class: 'org.quartz.core.QuartzScheduler' - running locally.
  NOT STARTED.
  Currently in standby mode.
  Number of jobs executed: 0
  Using thread pool 'org.quartz.simpl.SimpleThreadPool' - with 20 threads.
  Using job-store 'org.springframework.scheduling.quartz.LocalDataSourceJobStore' - which supports persistence. and is clustered.

19:02:44.472 [restartedMain] INFO  o.q.i.StdSchedulerFactory - [instantiate,1362] - Quartz scheduler 'CCScheduler' initialized from an externally provided properties instance.
19:02:44.472 [restartedMain] INFO  o.q.i.StdSchedulerFactory - [instantiate,1366] - Quartz scheduler version: 2.3.1
19:02:44.474 [restartedMain] INFO  o.q.c.QuartzScheduler - [setJobFactory,2293] - JobFactory set to: org.springframework.scheduling.quartz.AdaptableJobFactory@24326777
19:02:45.694 [restartedMain] INFO  s.d.s.w.PropertySourcedRequestMappingHandlerMapping - [initHandlerMethods,69] - Mapped URL path [/v2/api-docs] onto method [public org.springframework.http.ResponseEntity<springfox.documentation.spring.web.json.Json> springfox.documentation.swagger2.web.Swagger2Controller.getDocumentation(java.lang.String,javax.servlet.http.HttpServletRequest)]
19:02:46.266 [restartedMain] INFO  org.redisson.Version - [logVersion,41] - Redisson 3.9.1
19:02:46.410 [redisson-netty-5-5] INFO  o.r.c.p.MasterPubSubConnectionPool - [operationComplete,168] - 1 connections initialized for localhost/127.0.0.1:6379
19:02:46.411 [redisson-netty-5-5] INFO  o.r.c.p.MasterConnectionPool - [operationComplete,168] - 32 connections initialized for localhost/127.0.0.1:6379
19:02:47.146 [restartedMain] INFO  s.d.s.w.p.DocumentationPluginsBootstrapper - [start,160] - Context refreshed
19:02:47.155 [restartedMain] INFO  s.d.s.w.p.DocumentationPluginsBootstrapper - [start,163] - Found 1 custom documentation plugin(s)
19:02:47.209 [restartedMain] INFO  s.d.s.w.s.ApiListingReferenceScanner - [scan,41] - Scanning for api listing references
19:02:47.313 [restartedMain] INFO  o.a.c.h.Http11NioProtocol - [log,173] - Starting ProtocolHandler ["http-nio-8080"]
19:02:47.329 [restartedMain] INFO  c.r.CCApplication - [logStarted,59] - Started CCApplication in 12.465 seconds (JVM running for 13.293)
19:02:47.863 [RMI TCP Connection(2)-127.0.0.1] INFO  o.a.c.c.C.[.[.[/] - [log,173] - Initializing Spring DispatcherServlet 'dispatcherServlet'
19:02:47.875 [RMI TCP Connection(1)-127.0.0.1] INFO  o.m.driver.cluster - [info,71] - Cluster description not yet available. Waiting for 30000 ms before timing out
19:02:48.355 [Quartz Scheduler [CCScheduler]] INFO  o.q.c.QuartzScheduler - [start,547] - Scheduler CCScheduler_$_ShidiandeMac-mini.local1628074964458 started.
19:02:49.314 [schedule-pool-1] INFO  c.r.q.t.d.e.AutomaticStake - [monitorStakePoolEventOnRinkeby,114] - start block:9009168, and end block: 9009300
19:02:49.334 [schedule-pool-1] INFO  c.r.q.t.d.e.AutomaticStake - [depositEventHandler,130] - ==== burn deposit record start at: 1628074969334 =====
19:03:02.045 [schedule-pool-2] INFO  c.r.q.t.d.e.AutomaticStake - [monitorStakePoolEventOnRinkeby,114] - start block:9009301, and end block: 9011301
19:03:02.045 [schedule-pool-2] INFO  c.r.q.t.d.e.AutomaticStake - [depositEventHandler,130] - ==== burn deposit record start at: 1628074982045 =====
19:03:14.138 [schedule-pool-1] INFO  c.r.q.t.d.e.AutomaticStake - [monitorStakePoolEventOnRinkeby,114] - start block:9011302, and end block: 9013302
19:03:14.139 [schedule-pool-1] INFO  c.r.q.t.d.e.AutomaticStake - [depositEventHandler,130] - ==== burn deposit record start at: 1628074994139 =====
19:03:24.016 [schedule-pool-2] INFO  c.r.q.t.d.e.AutomaticStake - [monitorStakePoolEventOnRinkeby,114] - start block:9013303, and end block: 9015303
19:03:24.017 [schedule-pool-2] INFO  c.r.q.t.d.e.AutomaticStake - [depositEventHandler,130] - ==== burn deposit record start at: 1628075004017 =====
19:03:34.065 [schedule-pool-3] INFO  c.r.q.t.d.e.AutomaticStake - [monitorStakePoolEventOnRinkeby,114] - start block:9015304, and end block: 9017304
19:03:34.066 [schedule-pool-3] INFO  c.r.q.t.d.e.AutomaticStake - [depositEventHandler,130] - ==== burn deposit record start at: 1628075014066 =====
19:03:42.298 [schedule-pool-1] INFO  c.r.q.t.d.e.AutomaticStake - [monitorStakePoolEventOnRinkeby,114] - start block:9017305, and end block: 9019305
19:03:42.298 [schedule-pool-1] INFO  c.r.q.t.d.e.AutomaticStake - [depositEventHandler,130] - ==== burn deposit record start at: 1628075022298 =====
19:03:52.728 [schedule-pool-4] INFO  c.r.q.t.d.e.AutomaticStake - [monitorStakePoolEventOnRinkeby,114] - start block:9019306, and end block: 9021306
19:03:52.728 [schedule-pool-4] INFO  c.r.q.t.d.e.AutomaticStake - [depositEventHandler,130] - ==== burn deposit record start at: 1628075032728 =====
19:04:02.091 [schedule-pool-2] INFO  c.r.q.t.d.e.AutomaticStake - [monitorStakePoolEventOnRinkeby,114] - start block:9021307, and end block: 9023307
19:04:02.093 [schedule-pool-2] INFO  c.r.q.t.d.e.AutomaticStake - [depositEventHandler,130] - ==== burn deposit record start at: 1628075042091 =====
19:04:12.869 [schedule-pool-5] INFO  c.r.q.t.d.e.AutomaticStake - [monitorStakePoolEventOnRinkeby,114] - start block:9023308, and end block: 9025308
19:04:12.869 [schedule-pool-5] INFO  c.r.q.t.d.e.AutomaticStake - [depositEventHandler,130] - ==== burn deposit record start at: 1628075052869 =====
19:04:22.707 [schedule-pool-3] INFO  c.r.q.t.d.e.AutomaticStake - [monitorStakePoolEventOnRinkeby,114] - start block:9025309, and end block: 9027309
19:04:22.707 [schedule-pool-3] INFO  c.r.q.t.d.e.AutomaticStake - [depositEventHandler,130] - ==== burn deposit record start at: 1628075062707 =====
19:04:32.152 [schedule-pool-6] INFO  c.r.q.t.d.e.AutomaticStake - [monitorStakePoolEventOnRinkeby,114] - start block:9027310, and end block: 9029310
19:04:32.152 [schedule-pool-6] INFO  c.r.q.t.d.e.AutomaticStake - [depositEventHandler,130] - ==== burn deposit record start at: 1628075072152 =====
19:04:42.580 [schedule-pool-1] INFO  c.r.q.t.d.e.AutomaticStake - [monitorStakePoolEventOnRinkeby,114] - start block:9029311, and end block: 9031311
19:04:42.580 [schedule-pool-1] INFO  c.r.q.t.d.e.AutomaticStake - [depositEventHandler,130] - ==== burn deposit record start at: 1628075082580 =====
19:04:52.294 [schedule-pool-7] INFO  c.r.q.t.d.e.AutomaticStake - [monitorStakePoolEventOnRinkeby,114] - start block:9031312, and end block: 9033312
19:04:52.295 [schedule-pool-7] INFO  c.r.q.t.d.e.AutomaticStake - [depositEventHandler,130] - ==== burn deposit record start at: 1628075092295 =====
19:05:02.043 [schedule-pool-4] INFO  c.r.q.t.d.e.AutomaticStake - [monitorStakePoolEventOnRinkeby,114] - start block:9033313, and end block: 9035313
19:05:02.043 [schedule-pool-4] INFO  c.r.q.t.d.e.AutomaticStake - [depositEventHandler,130] - ==== burn deposit record start at: 1628075102043 =====
19:05:13.411 [schedule-pool-8] INFO  c.r.q.t.d.e.AutomaticStake - [monitorStakePoolEventOnRinkeby,114] - start block:9035314, and end block: 9037314
19:05:13.412 [schedule-pool-8] INFO  c.r.q.t.d.e.AutomaticStake - [depositEventHandler,130] - ==== burn deposit record start at: 1628075113411 =====
19:05:22.409 [schedule-pool-2] INFO  c.r.q.t.d.e.AutomaticStake - [monitorStakePoolEventOnRinkeby,114] - start block:9037315, and end block: 9039315
19:05:22.410 [schedule-pool-2] INFO  c.r.q.t.d.e.AutomaticStake - [depositEventHandler,130] - ==== burn deposit record start at: 1628075122410 =====
19:05:34.689 [schedule-pool-9] INFO  c.r.q.t.d.e.AutomaticStake - [monitorStakePoolEventOnRinkeby,114] - start block:9039316, and end block: 9041316
19:05:34.690 [schedule-pool-9] INFO  c.r.q.t.d.e.AutomaticStake - [depositEventHandler,130] - ==== burn deposit record start at: 1628075134690 =====
19:05:42.151 [schedule-pool-5] INFO  c.r.q.t.d.e.AutomaticStake - [monitorStakePoolEventOnRinkeby,114] - start block:9041317, and end block: 9043317
19:05:42.151 [schedule-pool-5] INFO  c.r.q.t.d.e.AutomaticStake - [depositEventHandler,130] - ==== burn deposit record start at: 1628075142151 =====
19:05:51.988 [schedule-pool-10] INFO  c.r.q.t.d.e.AutomaticStake - [monitorStakePoolEventOnRinkeby,114] - start block:9043318, and end block: 9045318
19:05:51.988 [schedule-pool-10] INFO  c.r.q.t.d.e.AutomaticStake - [depositEventHandler,130] - ==== burn deposit record start at: 1628075151988 =====
19:06:02.129 [schedule-pool-3] INFO  c.r.q.t.d.e.AutomaticStake - [monitorStakePoolEventOnRinkeby,114] - start block:9045319, and end block: 9047319
19:06:02.130 [schedule-pool-3] INFO  c.r.q.t.d.e.AutomaticStake - [depositEventHandler,130] - ==== burn deposit record start at: 1628075162130 =====
19:06:12.404 [schedule-pool-11] INFO  c.r.q.t.d.e.AutomaticStake - [monitorStakePoolEventOnRinkeby,114] - start block:9047320, and end block: 9049320
19:06:12.405 [schedule-pool-11] INFO  c.r.q.t.d.e.AutomaticStake - [depositEventHandler,130] - ==== burn deposit record start at: 1628075172405 =====
19:06:23.169 [schedule-pool-6] INFO  c.r.q.t.d.e.AutomaticStake - [monitorStakePoolEventOnRinkeby,114] - start block:9049321, and end block: 9051321
19:06:23.170 [schedule-pool-6] INFO  c.r.q.t.d.e.AutomaticStake - [depositEventHandler,130] - ==== burn deposit record start at: 1628075183170 =====
19:06:32.146 [schedule-pool-12] INFO  c.r.q.t.d.e.AutomaticStake - [monitorStakePoolEventOnRinkeby,114] - start block:9051322, and end block: 9053322
19:06:32.146 [schedule-pool-12] INFO  c.r.q.t.d.e.AutomaticStake - [depositEventHandler,130] - ==== burn deposit record start at: 1628075192146 =====
19:06:42.020 [schedule-pool-1] INFO  c.r.q.t.d.e.AutomaticStake - [monitorStakePoolEventOnRinkeby,114] - start block:9053323, and end block: 9055323
19:06:42.020 [schedule-pool-1] INFO  c.r.q.t.d.e.AutomaticStake - [depositEventHandler,130] - ==== burn deposit record start at: 1628075202020 =====
19:06:54.013 [schedule-pool-13] INFO  c.r.q.t.d.e.AutomaticStake - [monitorStakePoolEventOnRinkeby,114] - start block:9055324, and end block: 9057324
19:06:54.013 [schedule-pool-13] INFO  c.r.q.t.d.e.AutomaticStake - [depositEventHandler,130] - ==== burn deposit record start at: 1628075214013 =====
19:07:02.149 [schedule-pool-7] INFO  c.r.q.t.d.e.AutomaticStake - [monitorStakePoolEventOnRinkeby,114] - start block:9057325, and end block: 9055703
19:07:02.149 [schedule-pool-7] INFO  c.r.q.t.d.e.AutomaticStake - [depositEventHandler,130] - ==== burn deposit record start at: 1628075222149 =====
19:07:12.197 [schedule-pool-14] INFO  c.r.q.t.d.e.AutomaticStake - [monitorStakePoolEventOnRinkeby,114] - start block:9055704, and end block: 9055704
19:07:12.197 [schedule-pool-14] INFO  c.r.q.t.d.e.AutomaticStake - [depositEventHandler,130] - ==== burn deposit record start at: 1628075232197 =====
19:07:22.476 [schedule-pool-4] INFO  c.r.q.t.d.e.AutomaticStake - [monitorStakePoolEventOnRinkeby,114] - start block:9055705, and end block: 9055705
19:07:22.476 [schedule-pool-4] INFO  c.r.q.t.d.e.AutomaticStake - [depositEventHandler,130] - ==== burn deposit record start at: 1628075242476 =====
19:07:34.537 [schedule-pool-15] INFO  c.r.q.t.d.e.AutomaticStake - [monitorStakePoolEventOnRinkeby,114] - start block:9055706, and end block: 9055705
19:07:34.538 [schedule-pool-15] INFO  c.r.q.t.d.e.AutomaticStake - [depositEventHandler,130] - ==== burn deposit record start at: 1628075254538 =====
19:07:42.054 [schedule-pool-8] INFO  c.r.q.t.d.e.AutomaticStake - [monitorStakePoolEventOnRinkeby,114] - start block:9055706, and end block: 9055706
19:07:42.055 [schedule-pool-8] INFO  c.r.q.t.d.e.AutomaticStake - [depositEventHandler,130] - ==== burn deposit record start at: 1628075262055 =====
19:07:52.028 [schedule-pool-16] INFO  c.r.q.t.d.e.AutomaticStake - [monitorStakePoolEventOnRinkeby,114] - start block:9055707, and end block: 9055706
19:07:52.029 [schedule-pool-16] INFO  c.r.q.t.d.e.AutomaticStake - [depositEventHandler,130] - ==== burn deposit record start at: 1628075272029 =====
19:07:57.595 [Thread-41] INFO  o.q.c.QuartzScheduler - [standby,585] - Scheduler CCScheduler_$_ShidiandeMac-mini.local1628074964458 paused.
19:07:57.635 [Thread-41] INFO  o.q.c.QuartzScheduler - [shutdown,666] - Scheduler CCScheduler_$_ShidiandeMac-mini.local1628074964458 shutting down.
19:07:57.636 [Thread-41] INFO  o.q.c.QuartzScheduler - [standby,585] - Scheduler CCScheduler_$_ShidiandeMac-mini.local1628074964458 paused.
19:07:57.636 [Thread-41] INFO  o.q.c.QuartzScheduler - [shutdown,740] - Scheduler CCScheduler_$_ShidiandeMac-mini.local1628074964458 shutdown complete.
19:07:57.637 [Thread-41] INFO  sys-user - [shutdownAsyncManager,31] - ====关闭后台任务任务线程池====
19:07:57.646 [Thread-41] INFO  c.a.d.p.DruidDataSource - [close,1928] - {dataSource-1} closed
