14:00:10.585 [main] INFO  o.s.c.KotlinDetector - [<clinit>,57] - Kotlin reflection implementation not found at runtime, related features won't be available.
14:00:11.248 [main] INFO  c.rocki.Application - [logStarting,50] - Starting Application on ShidiandeMac-mini.local with PID 30075 (/Users/ann/Desktop/Work/PZKJ/rocki/rocki-backend-server/rocki-app/target/classes started by ann in /Users/ann/Desktop/Work/PZKJ/rocki/rocki-backend-server)
14:00:11.248 [main] INFO  c.rocki.Application - [logStartupProfileInfo,679] - The following profiles are active: dev
14:00:14.882 [main] INFO  o.a.c.h.Http11NioProtocol - [log,173] - Initializing ProtocolHandler ["http-nio-8081"]
14:00:14.890 [main] INFO  o.a.c.c.StandardService - [log,173] - Starting service [Tomcat]
14:00:14.890 [main] INFO  o.a.c.c.StandardEngine - [log,173] - Starting Servlet engine: [Apache Tomcat/9.0.19]
14:00:15.040 [main] INFO  o.a.c.c.C.[.[.[/] - [log,173] - Initializing Spring embedded WebApplicationContext
14:00:15.900 [main] INFO  o.m.driver.cluster - [info,71] - Cluster created with settings {hosts=[localhost:27017], mode=SINGLE, requiredClusterType=UNKNOWN, serverSelectionTimeout='30000 ms', maxWaitQueueSize=500}
14:00:15.934 [cluster-ClusterId{value='6104e6eff0813e757bae120e', description='null'}-localhost:27017] INFO  o.m.driver.cluster - [info,76] - Exception in monitor thread while connecting to server localhost:27017
com.mongodb.MongoSocketOpenException: Exception opening socket
	at com.mongodb.internal.connection.SocketStream.open(SocketStream.java:67)
	at com.mongodb.internal.connection.InternalStreamConnection.open(InternalStreamConnection.java:126)
	at com.mongodb.internal.connection.DefaultServerMonitor$ServerMonitorRunnable.run(DefaultServerMonitor.java:117)
	at java.lang.Thread.run(Thread.java:748)
Caused by: java.net.ConnectException: Connection refused (Connection refused)
	at java.net.PlainSocketImpl.socketConnect(Native Method)
	at java.net.AbstractPlainSocketImpl.doConnect(AbstractPlainSocketImpl.java:350)
	at java.net.AbstractPlainSocketImpl.connectToAddress(AbstractPlainSocketImpl.java:206)
	at java.net.AbstractPlainSocketImpl.connect(AbstractPlainSocketImpl.java:188)
	at java.net.SocksSocketImpl.connect(SocksSocketImpl.java:392)
	at java.net.Socket.connect(Socket.java:606)
	at com.mongodb.internal.connection.SocketStreamHelper.initialize(SocketStreamHelper.java:64)
	at com.mongodb.internal.connection.SocketStream.open(SocketStream.java:62)
	... 3 common frames omitted
14:00:19.054 [main] INFO  c.a.d.p.DruidDataSource - [init,991] - {dataSource-1} inited
14:00:19.314 [main] INFO  i.l.c.EpollProvider - [<clinit>,68] - Starting without optional epoll library
14:00:19.709 [main] INFO  i.l.c.KqueueProvider - [<clinit>,66] - Starting with kqueue library
14:00:20.103 [main] INFO  org.redisson.Version - [logVersion,41] - Redisson 3.9.1
14:00:20.350 [redisson-netty-5-2] INFO  o.r.c.p.MasterPubSubConnectionPool - [operationComplete,168] - 1 connections initialized for 127.0.0.1/127.0.0.1:6379
14:00:20.350 [redisson-netty-5-3] INFO  o.r.c.p.MasterConnectionPool - [operationComplete,168] - 32 connections initialized for 127.0.0.1/127.0.0.1:6379
14:00:21.213 [main] INFO  c.a.d.p.DruidDataSource - [close,1928] - {dataSource-1} closed
14:00:22.329 [main] INFO  o.a.c.c.StandardService - [log,173] - Stopping service [Tomcat]
14:00:54.909 [main] INFO  o.s.c.KotlinDetector - [<clinit>,57] - Kotlin reflection implementation not found at runtime, related features won't be available.
14:00:55.549 [main] INFO  c.rocki.Application - [logStarting,50] - Starting Application on ShidiandeMac-mini.local with PID 30091 (/Users/ann/Desktop/Work/PZKJ/rocki/rocki-backend-server/rocki-app/target/classes started by ann in /Users/ann/Desktop/Work/PZKJ/rocki/rocki-backend-server)
14:00:55.549 [main] INFO  c.rocki.Application - [logStartupProfileInfo,679] - The following profiles are active: dev
14:00:58.972 [main] INFO  o.a.c.h.Http11NioProtocol - [log,173] - Initializing ProtocolHandler ["http-nio-8081"]
14:00:58.979 [main] INFO  o.a.c.c.StandardService - [log,173] - Starting service [Tomcat]
14:00:58.979 [main] INFO  o.a.c.c.StandardEngine - [log,173] - Starting Servlet engine: [Apache Tomcat/9.0.19]
14:00:59.089 [main] INFO  o.a.c.c.C.[.[.[/] - [log,173] - Initializing Spring embedded WebApplicationContext
14:00:59.826 [main] INFO  o.m.driver.cluster - [info,71] - Cluster created with settings {hosts=[localhost:27017], mode=SINGLE, requiredClusterType=UNKNOWN, serverSelectionTimeout='30000 ms', maxWaitQueueSize=500}
14:00:59.854 [cluster-ClusterId{value='6104e71bf0813e758ba43f04', description='null'}-localhost:27017] INFO  o.m.driver.cluster - [info,76] - Exception in monitor thread while connecting to server localhost:27017
com.mongodb.MongoSocketOpenException: Exception opening socket
	at com.mongodb.internal.connection.SocketStream.open(SocketStream.java:67)
	at com.mongodb.internal.connection.InternalStreamConnection.open(InternalStreamConnection.java:126)
	at com.mongodb.internal.connection.DefaultServerMonitor$ServerMonitorRunnable.run(DefaultServerMonitor.java:117)
	at java.lang.Thread.run(Thread.java:748)
Caused by: java.net.ConnectException: Connection refused (Connection refused)
	at java.net.PlainSocketImpl.socketConnect(Native Method)
	at java.net.AbstractPlainSocketImpl.doConnect(AbstractPlainSocketImpl.java:350)
	at java.net.AbstractPlainSocketImpl.connectToAddress(AbstractPlainSocketImpl.java:206)
	at java.net.AbstractPlainSocketImpl.connect(AbstractPlainSocketImpl.java:188)
	at java.net.SocksSocketImpl.connect(SocksSocketImpl.java:392)
	at java.net.Socket.connect(Socket.java:606)
	at com.mongodb.internal.connection.SocketStreamHelper.initialize(SocketStreamHelper.java:64)
	at com.mongodb.internal.connection.SocketStream.open(SocketStream.java:62)
	... 3 common frames omitted
14:01:02.671 [main] INFO  c.a.d.p.DruidDataSource - [init,991] - {dataSource-1} inited
14:01:02.848 [main] INFO  i.l.c.EpollProvider - [<clinit>,68] - Starting without optional epoll library
14:01:03.081 [main] INFO  i.l.c.KqueueProvider - [<clinit>,66] - Starting with kqueue library
14:01:03.410 [main] INFO  org.redisson.Version - [logVersion,41] - Redisson 3.9.1
14:01:03.566 [redisson-netty-5-6] INFO  o.r.c.p.MasterPubSubConnectionPool - [operationComplete,168] - 1 connections initialized for 127.0.0.1/127.0.0.1:6379
14:01:03.570 [redisson-netty-5-4] INFO  o.r.c.p.MasterConnectionPool - [operationComplete,168] - 32 connections initialized for 127.0.0.1/127.0.0.1:6379
14:01:04.099 [main] INFO  c.a.d.p.DruidDataSource - [close,1928] - {dataSource-1} closed
14:01:05.216 [main] INFO  o.a.c.c.StandardService - [log,173] - Stopping service [Tomcat]
14:04:01.292 [main] INFO  o.s.c.KotlinDetector - [<clinit>,57] - Kotlin reflection implementation not found at runtime, related features won't be available.
14:04:01.649 [main] INFO  c.rocki.Application - [logStarting,50] - Starting Application on ShidiandeMac-mini.local with PID 30168 (/Users/ann/Desktop/Work/PZKJ/rocki/rocki-backend-server/rocki-app/target/classes started by ann in /Users/ann/Desktop/Work/PZKJ/rocki/rocki-backend-server)
14:04:01.650 [main] INFO  c.rocki.Application - [logStartupProfileInfo,679] - The following profiles are active: dev
14:04:05.040 [main] INFO  o.a.c.h.Http11NioProtocol - [log,173] - Initializing ProtocolHandler ["http-nio-8081"]
14:04:05.048 [main] INFO  o.a.c.c.StandardService - [log,173] - Starting service [Tomcat]
14:04:05.048 [main] INFO  o.a.c.c.StandardEngine - [log,173] - Starting Servlet engine: [Apache Tomcat/9.0.19]
14:04:05.173 [main] INFO  o.a.c.c.C.[.[.[/] - [log,173] - Initializing Spring embedded WebApplicationContext
14:04:05.999 [main] INFO  o.m.driver.cluster - [info,71] - Cluster created with settings {hosts=[localhost:27017], mode=SINGLE, requiredClusterType=UNKNOWN, serverSelectionTimeout='30000 ms', maxWaitQueueSize=500}
14:04:06.031 [cluster-ClusterId{value='6104e7d5f0813e75d8e67f04', description='null'}-localhost:27017] INFO  o.m.driver.cluster - [info,76] - Exception in monitor thread while connecting to server localhost:27017
com.mongodb.MongoSocketOpenException: Exception opening socket
	at com.mongodb.internal.connection.SocketStream.open(SocketStream.java:67)
	at com.mongodb.internal.connection.InternalStreamConnection.open(InternalStreamConnection.java:126)
	at com.mongodb.internal.connection.DefaultServerMonitor$ServerMonitorRunnable.run(DefaultServerMonitor.java:117)
	at java.lang.Thread.run(Thread.java:748)
Caused by: java.net.ConnectException: Connection refused (Connection refused)
	at java.net.PlainSocketImpl.socketConnect(Native Method)
	at java.net.AbstractPlainSocketImpl.doConnect(AbstractPlainSocketImpl.java:350)
	at java.net.AbstractPlainSocketImpl.connectToAddress(AbstractPlainSocketImpl.java:206)
	at java.net.AbstractPlainSocketImpl.connect(AbstractPlainSocketImpl.java:188)
	at java.net.SocksSocketImpl.connect(SocksSocketImpl.java:392)
	at java.net.Socket.connect(Socket.java:606)
	at com.mongodb.internal.connection.SocketStreamHelper.initialize(SocketStreamHelper.java:64)
	at com.mongodb.internal.connection.SocketStream.open(SocketStream.java:62)
	... 3 common frames omitted
14:04:08.893 [main] INFO  c.a.d.p.DruidDataSource - [init,991] - {dataSource-1} inited
14:04:09.120 [main] INFO  i.l.c.EpollProvider - [<clinit>,68] - Starting without optional epoll library
14:04:09.500 [main] INFO  i.l.c.KqueueProvider - [<clinit>,66] - Starting with kqueue library
14:04:09.894 [main] INFO  org.redisson.Version - [logVersion,41] - Redisson 3.9.1
14:04:10.066 [redisson-netty-5-4] INFO  o.r.c.p.MasterPubSubConnectionPool - [operationComplete,168] - 1 connections initialized for 127.0.0.1/127.0.0.1:6379
14:04:10.066 [redisson-netty-5-3] INFO  o.r.c.p.MasterConnectionPool - [operationComplete,168] - 32 connections initialized for 127.0.0.1/127.0.0.1:6379
14:04:10.582 [main] INFO  c.a.d.p.DruidDataSource - [close,1928] - {dataSource-1} closed
14:04:11.702 [main] INFO  o.a.c.c.StandardService - [log,173] - Stopping service [Tomcat]
14:05:29.695 [main] INFO  o.s.c.KotlinDetector - [<clinit>,57] - Kotlin reflection implementation not found at runtime, related features won't be available.
14:05:30.063 [main] INFO  c.rocki.Application - [logStarting,50] - Starting Application on ShidiandeMac-mini.local with PID 30211 (/Users/ann/Desktop/Work/PZKJ/rocki/rocki-backend-server/rocki-app/target/classes started by ann in /Users/ann/Desktop/Work/PZKJ/rocki/rocki-backend-server)
14:05:30.064 [main] INFO  c.rocki.Application - [logStartupProfileInfo,679] - The following profiles are active: dev
14:05:32.984 [main] INFO  o.a.c.h.Http11NioProtocol - [log,173] - Initializing ProtocolHandler ["http-nio-8081"]
14:05:32.992 [main] INFO  o.a.c.c.StandardService - [log,173] - Starting service [Tomcat]
14:05:32.993 [main] INFO  o.a.c.c.StandardEngine - [log,173] - Starting Servlet engine: [Apache Tomcat/9.0.19]
14:05:33.094 [main] INFO  o.a.c.c.C.[.[.[/] - [log,173] - Initializing Spring embedded WebApplicationContext
14:05:33.779 [main] INFO  o.m.driver.cluster - [info,71] - Cluster created with settings {hosts=[localhost:27017], mode=SINGLE, requiredClusterType=UNKNOWN, serverSelectionTimeout='30000 ms', maxWaitQueueSize=500}
14:05:33.806 [cluster-ClusterId{value='6104e82df0813e760324ba97', description='null'}-localhost:27017] INFO  o.m.driver.cluster - [info,76] - Exception in monitor thread while connecting to server localhost:27017
com.mongodb.MongoSocketOpenException: Exception opening socket
	at com.mongodb.internal.connection.SocketStream.open(SocketStream.java:67)
	at com.mongodb.internal.connection.InternalStreamConnection.open(InternalStreamConnection.java:126)
	at com.mongodb.internal.connection.DefaultServerMonitor$ServerMonitorRunnable.run(DefaultServerMonitor.java:117)
	at java.lang.Thread.run(Thread.java:748)
Caused by: java.net.ConnectException: Connection refused (Connection refused)
	at java.net.PlainSocketImpl.socketConnect(Native Method)
	at java.net.AbstractPlainSocketImpl.doConnect(AbstractPlainSocketImpl.java:350)
	at java.net.AbstractPlainSocketImpl.connectToAddress(AbstractPlainSocketImpl.java:206)
	at java.net.AbstractPlainSocketImpl.connect(AbstractPlainSocketImpl.java:188)
	at java.net.SocksSocketImpl.connect(SocksSocketImpl.java:392)
	at java.net.Socket.connect(Socket.java:606)
	at com.mongodb.internal.connection.SocketStreamHelper.initialize(SocketStreamHelper.java:64)
	at com.mongodb.internal.connection.SocketStream.open(SocketStream.java:62)
	... 3 common frames omitted
14:05:36.551 [main] INFO  c.a.d.p.DruidDataSource - [init,991] - {dataSource-1} inited
14:05:36.758 [main] INFO  i.l.c.EpollProvider - [<clinit>,68] - Starting without optional epoll library
14:05:37.139 [main] INFO  i.l.c.KqueueProvider - [<clinit>,66] - Starting with kqueue library
14:05:37.607 [main] INFO  org.redisson.Version - [logVersion,41] - Redisson 3.9.1
14:05:37.876 [redisson-netty-5-3] INFO  o.r.c.p.MasterPubSubConnectionPool - [operationComplete,168] - 1 connections initialized for 127.0.0.1/127.0.0.1:6379
14:05:37.876 [redisson-netty-5-4] INFO  o.r.c.p.MasterConnectionPool - [operationComplete,168] - 32 connections initialized for 127.0.0.1/127.0.0.1:6379
14:05:40.078 [main] INFO  s.d.s.w.PropertySourcedRequestMappingHandlerMapping - [initHandlerMethods,69] - Mapped URL path [/v2/api-docs] onto method [public org.springframework.http.ResponseEntity<springfox.documentation.spring.web.json.Json> springfox.documentation.swagger2.web.Swagger2Controller.getDocumentation(java.lang.String,javax.servlet.http.HttpServletRequest)]
14:05:41.293 [main] INFO  s.d.s.w.p.DocumentationPluginsBootstrapper - [start,160] - Context refreshed
14:05:41.310 [main] INFO  s.d.s.w.p.DocumentationPluginsBootstrapper - [start,163] - Found 1 custom documentation plugin(s)
14:05:41.364 [main] INFO  s.d.s.w.s.ApiListingReferenceScanner - [scan,41] - Scanning for api listing references
14:05:41.565 [main] INFO  s.d.s.w.r.o.CachingOperationNameGenerator - [startingWith,40] - Generating unique operation named: playTrackUsingGET_1
14:05:41.579 [main] INFO  s.d.s.w.r.o.CachingOperationNameGenerator - [startingWith,40] - Generating unique operation named: detailUsingGET_1
14:05:41.588 [main] INFO  s.d.s.w.r.o.CachingOperationNameGenerator - [startingWith,40] - Generating unique operation named: detailUsingGET_2
14:05:41.590 [main] INFO  s.d.s.w.r.o.CachingOperationNameGenerator - [startingWith,40] - Generating unique operation named: listByAddressUsingGET_1
14:05:41.631 [main] INFO  s.d.s.w.r.o.CachingOperationNameGenerator - [startingWith,40] - Generating unique operation named: listForPlaylistUsingGET_1
14:05:41.663 [main] INFO  o.a.c.h.Http11NioProtocol - [log,173] - Starting ProtocolHandler ["http-nio-8081"]
14:05:41.687 [main] INFO  c.rocki.Application - [logStarted,59] - Started Application in 11.965 seconds (JVM running for 12.622)
14:05:42.142 [RMI TCP Connection(6)-127.0.0.1] INFO  o.a.c.c.C.[.[.[/] - [log,173] - Initializing Spring DispatcherServlet 'dispatcherServlet'
14:05:42.155 [RMI TCP Connection(5)-127.0.0.1] INFO  o.m.driver.cluster - [info,71] - Cluster description not yet available. Waiting for 30000 ms before timing out
14:07:40.805 [Thread-30] INFO  sys-user - [shutdownAsyncManager,31] - ====关闭后台任务任务线程池====
14:07:40.872 [Thread-30] INFO  c.a.d.p.DruidDataSource - [close,1928] - {dataSource-1} closed
14:08:04.116 [main] INFO  o.s.c.KotlinDetector - [<clinit>,57] - Kotlin reflection implementation not found at runtime, related features won't be available.
14:08:04.969 [main] INFO  c.rocki.Application - [logStarting,50] - Starting Application on ShidiandeMac-mini.local with PID 30284 (/Users/ann/Desktop/Work/PZKJ/rocki/rocki-backend-server/rocki-app/target/classes started by ann in /Users/ann/Desktop/Work/PZKJ/rocki/rocki-backend-server)
14:08:04.970 [main] INFO  c.rocki.Application - [logStartupProfileInfo,679] - The following profiles are active: dev
14:08:08.010 [main] INFO  o.a.c.h.Http11NioProtocol - [log,173] - Initializing ProtocolHandler ["http-nio-8081"]
14:08:08.022 [main] INFO  o.a.c.c.StandardService - [log,173] - Starting service [Tomcat]
14:08:08.022 [main] INFO  o.a.c.c.StandardEngine - [log,173] - Starting Servlet engine: [Apache Tomcat/9.0.19]
14:08:08.158 [main] INFO  o.a.c.c.C.[.[.[/] - [log,173] - Initializing Spring embedded WebApplicationContext
14:08:08.810 [main] INFO  o.m.driver.cluster - [info,71] - Cluster created with settings {hosts=[localhost:27017], mode=SINGLE, requiredClusterType=UNKNOWN, serverSelectionTimeout='30000 ms', maxWaitQueueSize=500}
14:08:08.835 [cluster-ClusterId{value='6104e8c8f0813e764c711430', description='null'}-localhost:27017] INFO  o.m.driver.cluster - [info,76] - Exception in monitor thread while connecting to server localhost:27017
com.mongodb.MongoSocketOpenException: Exception opening socket
	at com.mongodb.internal.connection.SocketStream.open(SocketStream.java:67)
	at com.mongodb.internal.connection.InternalStreamConnection.open(InternalStreamConnection.java:126)
	at com.mongodb.internal.connection.DefaultServerMonitor$ServerMonitorRunnable.run(DefaultServerMonitor.java:117)
	at java.lang.Thread.run(Thread.java:748)
Caused by: java.net.ConnectException: Connection refused (Connection refused)
	at java.net.PlainSocketImpl.socketConnect(Native Method)
	at java.net.AbstractPlainSocketImpl.doConnect(AbstractPlainSocketImpl.java:350)
	at java.net.AbstractPlainSocketImpl.connectToAddress(AbstractPlainSocketImpl.java:206)
	at java.net.AbstractPlainSocketImpl.connect(AbstractPlainSocketImpl.java:188)
	at java.net.SocksSocketImpl.connect(SocksSocketImpl.java:392)
	at java.net.Socket.connect(Socket.java:606)
	at com.mongodb.internal.connection.SocketStreamHelper.initialize(SocketStreamHelper.java:64)
	at com.mongodb.internal.connection.SocketStream.open(SocketStream.java:62)
	... 3 common frames omitted
14:08:11.594 [main] INFO  c.a.d.p.DruidDataSource - [init,991] - {dataSource-1} inited
14:08:11.790 [main] INFO  i.l.c.EpollProvider - [<clinit>,68] - Starting without optional epoll library
14:08:12.003 [main] INFO  i.l.c.KqueueProvider - [<clinit>,66] - Starting with kqueue library
14:08:12.326 [main] INFO  org.redisson.Version - [logVersion,41] - Redisson 3.9.1
14:08:12.507 [redisson-netty-5-1] INFO  o.r.c.p.MasterPubSubConnectionPool - [operationComplete,168] - 1 connections initialized for 127.0.0.1/127.0.0.1:6379
14:08:12.507 [redisson-netty-5-4] INFO  o.r.c.p.MasterConnectionPool - [operationComplete,168] - 32 connections initialized for 127.0.0.1/127.0.0.1:6379
14:08:14.616 [main] INFO  s.d.s.w.PropertySourcedRequestMappingHandlerMapping - [initHandlerMethods,69] - Mapped URL path [/v2/api-docs] onto method [public org.springframework.http.ResponseEntity<springfox.documentation.spring.web.json.Json> springfox.documentation.swagger2.web.Swagger2Controller.getDocumentation(java.lang.String,javax.servlet.http.HttpServletRequest)]
14:08:15.572 [main] INFO  s.d.s.w.p.DocumentationPluginsBootstrapper - [start,160] - Context refreshed
14:08:15.585 [main] INFO  s.d.s.w.p.DocumentationPluginsBootstrapper - [start,163] - Found 1 custom documentation plugin(s)
14:08:15.616 [main] INFO  s.d.s.w.s.ApiListingReferenceScanner - [scan,41] - Scanning for api listing references
14:08:15.771 [main] INFO  s.d.s.w.r.o.CachingOperationNameGenerator - [startingWith,40] - Generating unique operation named: playTrackUsingGET_1
14:08:15.785 [main] INFO  s.d.s.w.r.o.CachingOperationNameGenerator - [startingWith,40] - Generating unique operation named: detailUsingGET_1
14:08:15.793 [main] INFO  s.d.s.w.r.o.CachingOperationNameGenerator - [startingWith,40] - Generating unique operation named: detailUsingGET_2
14:08:15.794 [main] INFO  s.d.s.w.r.o.CachingOperationNameGenerator - [startingWith,40] - Generating unique operation named: listByAddressUsingGET_1
14:08:15.832 [main] INFO  s.d.s.w.r.o.CachingOperationNameGenerator - [startingWith,40] - Generating unique operation named: listForPlaylistUsingGET_1
14:08:15.860 [main] INFO  o.a.c.h.Http11NioProtocol - [log,173] - Starting ProtocolHandler ["http-nio-8081"]
14:08:15.879 [main] INFO  c.rocki.Application - [logStarted,59] - Started Application in 11.717 seconds (JVM running for 12.711)
14:08:16.114 [RMI TCP Connection(9)-192.168.1.40] INFO  o.a.c.c.C.[.[.[/] - [log,173] - Initializing Spring DispatcherServlet 'dispatcherServlet'
14:08:16.122 [RMI TCP Connection(8)-192.168.1.40] INFO  o.m.driver.cluster - [info,71] - Cluster description not yet available. Waiting for 30000 ms before timing out
14:13:38.828 [Thread-30] INFO  sys-user - [shutdownAsyncManager,31] - ====关闭后台任务任务线程池====
14:13:38.906 [Thread-30] INFO  c.a.d.p.DruidDataSource - [close,1928] - {dataSource-1} closed
14:14:58.325 [main] INFO  o.s.c.KotlinDetector - [<clinit>,57] - Kotlin reflection implementation not found at runtime, related features won't be available.
14:14:58.958 [main] INFO  c.rocki.Application - [logStarting,50] - Starting Application on ShidiandeMac-mini.local with PID 30490 (/Users/ann/Desktop/Work/PZKJ/rocki/rocki-backend-server/rocki-app/target/classes started by ann in /Users/ann/Desktop/Work/PZKJ/rocki/rocki-backend-server)
14:14:58.958 [main] INFO  c.rocki.Application - [logStartupProfileInfo,679] - The following profiles are active: dev
14:15:02.364 [main] INFO  o.a.c.h.Http11NioProtocol - [log,173] - Initializing ProtocolHandler ["http-nio-8081"]
14:15:02.375 [main] INFO  o.a.c.c.StandardService - [log,173] - Starting service [Tomcat]
14:15:02.375 [main] INFO  o.a.c.c.StandardEngine - [log,173] - Starting Servlet engine: [Apache Tomcat/9.0.19]
14:15:02.635 [main] INFO  o.a.c.c.C.[.[.[/] - [log,173] - Initializing Spring embedded WebApplicationContext
14:15:03.482 [main] INFO  o.m.driver.cluster - [info,71] - Cluster created with settings {hosts=[localhost:27017], mode=SINGLE, requiredClusterType=UNKNOWN, serverSelectionTimeout='30000 ms', maxWaitQueueSize=500}
14:15:03.519 [cluster-ClusterId{value='6104ea67f0813e771a078c6b', description='null'}-localhost:27017] INFO  o.m.driver.cluster - [info,76] - Exception in monitor thread while connecting to server localhost:27017
com.mongodb.MongoSocketOpenException: Exception opening socket
	at com.mongodb.internal.connection.SocketStream.open(SocketStream.java:67)
	at com.mongodb.internal.connection.InternalStreamConnection.open(InternalStreamConnection.java:126)
	at com.mongodb.internal.connection.DefaultServerMonitor$ServerMonitorRunnable.run(DefaultServerMonitor.java:117)
	at java.lang.Thread.run(Thread.java:748)
Caused by: java.net.ConnectException: Connection refused (Connection refused)
	at java.net.PlainSocketImpl.socketConnect(Native Method)
	at java.net.AbstractPlainSocketImpl.doConnect(AbstractPlainSocketImpl.java:350)
	at java.net.AbstractPlainSocketImpl.connectToAddress(AbstractPlainSocketImpl.java:206)
	at java.net.AbstractPlainSocketImpl.connect(AbstractPlainSocketImpl.java:188)
	at java.net.SocksSocketImpl.connect(SocksSocketImpl.java:392)
	at java.net.Socket.connect(Socket.java:606)
	at com.mongodb.internal.connection.SocketStreamHelper.initialize(SocketStreamHelper.java:64)
	at com.mongodb.internal.connection.SocketStream.open(SocketStream.java:62)
	... 3 common frames omitted
14:15:06.837 [main] INFO  c.a.d.p.DruidDataSource - [init,991] - {dataSource-1} inited
14:15:07.093 [main] INFO  i.l.c.EpollProvider - [<clinit>,68] - Starting without optional epoll library
14:15:07.476 [main] INFO  i.l.c.KqueueProvider - [<clinit>,66] - Starting with kqueue library
14:15:07.890 [main] INFO  org.redisson.Version - [logVersion,41] - Redisson 3.9.1
14:15:08.074 [redisson-netty-5-8] INFO  o.r.c.p.MasterPubSubConnectionPool - [operationComplete,168] - 1 connections initialized for 127.0.0.1/127.0.0.1:6379
14:15:08.076 [redisson-netty-5-4] INFO  o.r.c.p.MasterConnectionPool - [operationComplete,168] - 32 connections initialized for 127.0.0.1/127.0.0.1:6379
14:15:10.423 [main] INFO  s.d.s.w.PropertySourcedRequestMappingHandlerMapping - [initHandlerMethods,69] - Mapped URL path [/v2/api-docs] onto method [public org.springframework.http.ResponseEntity<springfox.documentation.spring.web.json.Json> springfox.documentation.swagger2.web.Swagger2Controller.getDocumentation(java.lang.String,javax.servlet.http.HttpServletRequest)]
14:15:11.636 [main] INFO  s.d.s.w.p.DocumentationPluginsBootstrapper - [start,160] - Context refreshed
14:15:11.650 [main] INFO  s.d.s.w.p.DocumentationPluginsBootstrapper - [start,163] - Found 1 custom documentation plugin(s)
14:15:11.692 [main] INFO  s.d.s.w.s.ApiListingReferenceScanner - [scan,41] - Scanning for api listing references
14:15:11.877 [main] INFO  s.d.s.w.r.o.CachingOperationNameGenerator - [startingWith,40] - Generating unique operation named: playTrackUsingGET_1
14:15:11.888 [main] INFO  s.d.s.w.r.o.CachingOperationNameGenerator - [startingWith,40] - Generating unique operation named: detailUsingGET_1
14:15:11.895 [main] INFO  s.d.s.w.r.o.CachingOperationNameGenerator - [startingWith,40] - Generating unique operation named: detailUsingGET_2
14:15:11.896 [main] INFO  s.d.s.w.r.o.CachingOperationNameGenerator - [startingWith,40] - Generating unique operation named: listByAddressUsingGET_1
14:15:11.932 [main] INFO  s.d.s.w.r.o.CachingOperationNameGenerator - [startingWith,40] - Generating unique operation named: listForPlaylistUsingGET_1
14:15:11.961 [main] INFO  o.a.c.h.Http11NioProtocol - [log,173] - Starting ProtocolHandler ["http-nio-8081"]
14:15:11.988 [main] INFO  c.rocki.Application - [logStarted,59] - Started Application in 13.631 seconds (JVM running for 16.187)
14:15:12.511 [RMI TCP Connection(1)-127.0.0.1] INFO  o.a.c.c.C.[.[.[/] - [log,173] - Initializing Spring DispatcherServlet 'dispatcherServlet'
14:15:12.523 [RMI TCP Connection(2)-127.0.0.1] INFO  o.m.driver.cluster - [info,71] - Cluster description not yet available. Waiting for 30000 ms before timing out
14:16:23.122 [Thread-34] INFO  sys-user - [shutdownAsyncManager,31] - ====关闭后台任务任务线程池====
14:16:23.181 [Thread-34] INFO  c.a.d.p.DruidDataSource - [close,1928] - {dataSource-1} closed
14:19:03.021 [main] INFO  o.s.c.KotlinDetector - [<clinit>,57] - Kotlin reflection implementation not found at runtime, related features won't be available.
14:19:03.678 [main] INFO  c.rocki.Application - [logStarting,50] - Starting Application on ShidiandeMac-mini.local with PID 30591 (/Users/ann/Desktop/Work/PZKJ/rocki/rocki-backend-server/rocki-app/target/classes started by ann in /Users/ann/Desktop/Work/PZKJ/rocki/rocki-backend-server)
14:19:03.679 [main] INFO  c.rocki.Application - [logStartupProfileInfo,679] - The following profiles are active: dev
14:19:07.040 [main] INFO  o.a.c.h.Http11NioProtocol - [log,173] - Initializing ProtocolHandler ["http-nio-8081"]
14:19:07.051 [main] INFO  o.a.c.c.StandardService - [log,173] - Starting service [Tomcat]
14:19:07.051 [main] INFO  o.a.c.c.StandardEngine - [log,173] - Starting Servlet engine: [Apache Tomcat/9.0.19]
14:19:07.190 [main] INFO  o.a.c.c.C.[.[.[/] - [log,173] - Initializing Spring embedded WebApplicationContext
14:19:08.018 [main] INFO  o.m.driver.cluster - [info,71] - Cluster created with settings {hosts=[localhost:27017], mode=SINGLE, requiredClusterType=UNKNOWN, serverSelectionTimeout='30000 ms', maxWaitQueueSize=500}
14:19:08.052 [cluster-ClusterId{value='6104eb5cf0813e777fe95141', description='null'}-localhost:27017] INFO  o.m.driver.cluster - [info,76] - Exception in monitor thread while connecting to server localhost:27017
com.mongodb.MongoSocketOpenException: Exception opening socket
	at com.mongodb.internal.connection.SocketStream.open(SocketStream.java:67)
	at com.mongodb.internal.connection.InternalStreamConnection.open(InternalStreamConnection.java:126)
	at com.mongodb.internal.connection.DefaultServerMonitor$ServerMonitorRunnable.run(DefaultServerMonitor.java:117)
	at java.lang.Thread.run(Thread.java:748)
Caused by: java.net.ConnectException: Connection refused (Connection refused)
	at java.net.PlainSocketImpl.socketConnect(Native Method)
	at java.net.AbstractPlainSocketImpl.doConnect(AbstractPlainSocketImpl.java:350)
	at java.net.AbstractPlainSocketImpl.connectToAddress(AbstractPlainSocketImpl.java:206)
	at java.net.AbstractPlainSocketImpl.connect(AbstractPlainSocketImpl.java:188)
	at java.net.SocksSocketImpl.connect(SocksSocketImpl.java:392)
	at java.net.Socket.connect(Socket.java:606)
	at com.mongodb.internal.connection.SocketStreamHelper.initialize(SocketStreamHelper.java:64)
	at com.mongodb.internal.connection.SocketStream.open(SocketStream.java:62)
	... 3 common frames omitted
14:19:11.369 [main] INFO  c.a.d.p.DruidDataSource - [init,991] - {dataSource-1} inited
14:19:11.603 [main] INFO  i.l.c.EpollProvider - [<clinit>,68] - Starting without optional epoll library
14:19:11.970 [main] INFO  i.l.c.KqueueProvider - [<clinit>,66] - Starting with kqueue library
14:19:12.354 [main] INFO  org.redisson.Version - [logVersion,41] - Redisson 3.9.1
14:19:12.535 [redisson-netty-5-4] INFO  o.r.c.p.MasterPubSubConnectionPool - [operationComplete,168] - 1 connections initialized for 127.0.0.1/127.0.0.1:6379
14:19:12.535 [redisson-netty-5-10] INFO  o.r.c.p.MasterConnectionPool - [operationComplete,168] - 32 connections initialized for 127.0.0.1/127.0.0.1:6379
14:19:14.806 [main] INFO  s.d.s.w.PropertySourcedRequestMappingHandlerMapping - [initHandlerMethods,69] - Mapped URL path [/v2/api-docs] onto method [public org.springframework.http.ResponseEntity<springfox.documentation.spring.web.json.Json> springfox.documentation.swagger2.web.Swagger2Controller.getDocumentation(java.lang.String,javax.servlet.http.HttpServletRequest)]
14:19:16.063 [main] INFO  s.d.s.w.p.DocumentationPluginsBootstrapper - [start,160] - Context refreshed
14:19:16.082 [main] INFO  s.d.s.w.p.DocumentationPluginsBootstrapper - [start,163] - Found 1 custom documentation plugin(s)
14:19:16.122 [main] INFO  s.d.s.w.s.ApiListingReferenceScanner - [scan,41] - Scanning for api listing references
14:19:16.299 [main] INFO  s.d.s.w.r.o.CachingOperationNameGenerator - [startingWith,40] - Generating unique operation named: playTrackUsingGET_1
14:19:16.309 [main] INFO  s.d.s.w.r.o.CachingOperationNameGenerator - [startingWith,40] - Generating unique operation named: detailUsingGET_1
14:19:16.319 [main] INFO  s.d.s.w.r.o.CachingOperationNameGenerator - [startingWith,40] - Generating unique operation named: detailUsingGET_2
14:19:16.320 [main] INFO  s.d.s.w.r.o.CachingOperationNameGenerator - [startingWith,40] - Generating unique operation named: listByAddressUsingGET_1
14:19:16.357 [main] INFO  s.d.s.w.r.o.CachingOperationNameGenerator - [startingWith,40] - Generating unique operation named: listForPlaylistUsingGET_1
14:19:16.386 [main] INFO  o.a.c.h.Http11NioProtocol - [log,173] - Starting ProtocolHandler ["http-nio-8081"]
14:19:16.407 [main] INFO  c.rocki.Application - [logStarted,59] - Started Application in 13.33 seconds (JVM running for 14.322)
14:19:16.606 [RMI TCP Connection(7)-127.0.0.1] INFO  o.a.c.c.C.[.[.[/] - [log,173] - Initializing Spring DispatcherServlet 'dispatcherServlet'
14:19:16.620 [RMI TCP Connection(6)-127.0.0.1] INFO  o.m.driver.cluster - [info,71] - Cluster description not yet available. Waiting for 30000 ms before timing out
14:23:26.475 [restartedMain] INFO  c.r.CCApplication - [logStarting,50] - Starting CCApplication on ShidiandeMac-mini.local with PID 30878 (/Users/ann/Desktop/Work/PZKJ/rocki/rocki-backend-server/rocki-admin/target/classes started by ann in /Users/ann/Desktop/Work/PZKJ/rocki/rocki-backend-server)
14:23:26.483 [restartedMain] INFO  c.r.CCApplication - [logStartupProfileInfo,679] - The following profiles are active: prod
14:23:36.261 [restartedMain] INFO  o.a.c.h.Http11NioProtocol - [log,173] - Initializing ProtocolHandler ["http-nio-8080"]
14:23:36.270 [restartedMain] INFO  o.a.c.c.StandardService - [log,173] - Starting service [Tomcat]
14:23:36.270 [restartedMain] INFO  o.a.c.c.StandardEngine - [log,173] - Starting Servlet engine: [Apache Tomcat/9.0.19]
14:23:36.387 [restartedMain] INFO  o.a.c.c.C.[.[.[/] - [log,173] - Initializing Spring embedded WebApplicationContext
14:23:37.174 [restartedMain] INFO  o.m.driver.cluster - [info,71] - Cluster created with settings {hosts=[localhost:27017], mode=SINGLE, requiredClusterType=UNKNOWN, serverSelectionTimeout='30000 ms', maxWaitQueueSize=500}
14:23:37.206 [cluster-ClusterId{value='6104ec69f0813e789e16d1fe', description='null'}-localhost:27017] INFO  o.m.driver.cluster - [info,76] - Exception in monitor thread while connecting to server localhost:27017
com.mongodb.MongoSocketOpenException: Exception opening socket
	at com.mongodb.internal.connection.SocketStream.open(SocketStream.java:67)
	at com.mongodb.internal.connection.InternalStreamConnection.open(InternalStreamConnection.java:126)
	at com.mongodb.internal.connection.DefaultServerMonitor$ServerMonitorRunnable.run(DefaultServerMonitor.java:117)
	at java.lang.Thread.run(Thread.java:748)
Caused by: java.net.ConnectException: Connection refused (Connection refused)
	at java.net.PlainSocketImpl.socketConnect(Native Method)
	at java.net.AbstractPlainSocketImpl.doConnect(AbstractPlainSocketImpl.java:350)
	at java.net.AbstractPlainSocketImpl.connectToAddress(AbstractPlainSocketImpl.java:206)
	at java.net.AbstractPlainSocketImpl.connect(AbstractPlainSocketImpl.java:188)
	at java.net.SocksSocketImpl.connect(SocksSocketImpl.java:392)
	at java.net.Socket.connect(Socket.java:606)
	at com.mongodb.internal.connection.SocketStreamHelper.initialize(SocketStreamHelper.java:64)
	at com.mongodb.internal.connection.SocketStream.open(SocketStream.java:62)
	... 3 common frames omitted
14:24:03.131 [restartedMain] INFO  c.r.CCApplication - [logStarting,50] - Starting CCApplication on ShidiandeMac-mini.local with PID 30908 (/Users/ann/Desktop/Work/PZKJ/rocki/rocki-backend-server/rocki-admin/target/classes started by ann in /Users/ann/Desktop/Work/PZKJ/rocki/rocki-backend-server)
14:24:03.132 [restartedMain] INFO  c.r.CCApplication - [logStartupProfileInfo,679] - The following profiles are active: dev
14:24:06.609 [restartedMain] INFO  o.a.c.h.Http11NioProtocol - [log,173] - Initializing ProtocolHandler ["http-nio-8080"]
14:24:06.616 [restartedMain] INFO  o.a.c.c.StandardService - [log,173] - Starting service [Tomcat]
14:24:06.616 [restartedMain] INFO  o.a.c.c.StandardEngine - [log,173] - Starting Servlet engine: [Apache Tomcat/9.0.19]
14:24:06.714 [restartedMain] INFO  o.a.c.c.C.[.[.[/] - [log,173] - Initializing Spring embedded WebApplicationContext
14:24:07.391 [restartedMain] INFO  o.m.driver.cluster - [info,71] - Cluster created with settings {hosts=[localhost:27017], mode=SINGLE, requiredClusterType=UNKNOWN, serverSelectionTimeout='30000 ms', maxWaitQueueSize=500}
14:24:07.420 [cluster-ClusterId{value='6104ec87f0813e78bc988719', description='null'}-localhost:27017] INFO  o.m.driver.cluster - [info,76] - Exception in monitor thread while connecting to server localhost:27017
com.mongodb.MongoSocketOpenException: Exception opening socket
	at com.mongodb.internal.connection.SocketStream.open(SocketStream.java:67)
	at com.mongodb.internal.connection.InternalStreamConnection.open(InternalStreamConnection.java:126)
	at com.mongodb.internal.connection.DefaultServerMonitor$ServerMonitorRunnable.run(DefaultServerMonitor.java:117)
	at java.lang.Thread.run(Thread.java:748)
Caused by: java.net.ConnectException: Connection refused (Connection refused)
	at java.net.PlainSocketImpl.socketConnect(Native Method)
	at java.net.AbstractPlainSocketImpl.doConnect(AbstractPlainSocketImpl.java:350)
	at java.net.AbstractPlainSocketImpl.connectToAddress(AbstractPlainSocketImpl.java:206)
	at java.net.AbstractPlainSocketImpl.connect(AbstractPlainSocketImpl.java:188)
	at java.net.SocksSocketImpl.connect(SocksSocketImpl.java:392)
	at java.net.Socket.connect(Socket.java:606)
	at com.mongodb.internal.connection.SocketStreamHelper.initialize(SocketStreamHelper.java:64)
	at com.mongodb.internal.connection.SocketStream.open(SocketStream.java:62)
	... 3 common frames omitted
14:24:11.182 [restartedMain] INFO  c.a.d.p.DruidDataSource - [init,991] - {dataSource-1} inited
14:24:11.411 [restartedMain] INFO  i.l.c.EpollProvider - [<clinit>,68] - Starting without optional epoll library
14:24:11.779 [restartedMain] INFO  i.l.c.KqueueProvider - [<clinit>,66] - Starting with kqueue library
14:24:13.315 [restartedMain] INFO  o.q.i.StdSchedulerFactory - [instantiate,1208] - Using default implementation for ThreadExecutor
14:24:13.328 [restartedMain] INFO  o.q.c.SchedulerSignalerImpl - [<init>,61] - Initialized Scheduler Signaller of type: class org.quartz.core.SchedulerSignalerImpl
14:24:13.328 [restartedMain] INFO  o.q.c.QuartzScheduler - [<init>,229] - Quartz Scheduler v.2.3.1 created.
14:24:13.333 [restartedMain] INFO  o.q.c.QuartzScheduler - [initialize,294] - Scheduler meta-data: Quartz Scheduler (v2.3.1) 'CCScheduler' with instanceId 'ShidiandeMac-mini.local1627712653316'
  Scheduler class: 'org.quartz.core.QuartzScheduler' - running locally.
  NOT STARTED.
  Currently in standby mode.
  Number of jobs executed: 0
  Using thread pool 'org.quartz.simpl.SimpleThreadPool' - with 20 threads.
  Using job-store 'org.springframework.scheduling.quartz.LocalDataSourceJobStore' - which supports persistence. and is clustered.

14:24:13.333 [restartedMain] INFO  o.q.i.StdSchedulerFactory - [instantiate,1362] - Quartz scheduler 'CCScheduler' initialized from an externally provided properties instance.
14:24:13.333 [restartedMain] INFO  o.q.i.StdSchedulerFactory - [instantiate,1366] - Quartz scheduler version: 2.3.1
14:24:13.335 [restartedMain] INFO  o.q.c.QuartzScheduler - [setJobFactory,2293] - JobFactory set to: org.springframework.scheduling.quartz.AdaptableJobFactory@4080fde0
14:24:14.096 [restartedMain] INFO  o.q.c.QuartzScheduler - [shutdown,666] - Scheduler CCScheduler_$_ShidiandeMac-mini.local1627712653316 shutting down.
14:24:14.096 [restartedMain] INFO  o.q.c.QuartzScheduler - [standby,585] - Scheduler CCScheduler_$_ShidiandeMac-mini.local1627712653316 paused.
14:24:14.097 [restartedMain] INFO  o.q.c.QuartzScheduler - [shutdown,740] - Scheduler CCScheduler_$_ShidiandeMac-mini.local1627712653316 shutdown complete.
14:24:14.097 [restartedMain] INFO  sys-user - [shutdownAsyncManager,31] - ====关闭后台任务任务线程池====
14:24:14.106 [restartedMain] INFO  c.a.d.p.DruidDataSource - [close,1928] - {dataSource-1} closed
14:24:15.226 [restartedMain] INFO  o.a.c.c.StandardService - [log,173] - Stopping service [Tomcat]
14:24:57.934 [restartedMain] INFO  c.r.CCApplication - [logStarting,50] - Starting CCApplication on ShidiandeMac-mini.local with PID 30933 (/Users/ann/Desktop/Work/PZKJ/rocki/rocki-backend-server/rocki-admin/target/classes started by ann in /Users/ann/Desktop/Work/PZKJ/rocki/rocki-backend-server)
14:24:57.937 [restartedMain] INFO  c.r.CCApplication - [logStartupProfileInfo,679] - The following profiles are active: dev
14:25:01.795 [restartedMain] INFO  o.a.c.h.Http11NioProtocol - [log,173] - Initializing ProtocolHandler ["http-nio-8080"]
14:25:01.804 [restartedMain] INFO  o.a.c.c.StandardService - [log,173] - Starting service [Tomcat]
14:25:01.804 [restartedMain] INFO  o.a.c.c.StandardEngine - [log,173] - Starting Servlet engine: [Apache Tomcat/9.0.19]
14:25:01.896 [restartedMain] INFO  o.a.c.c.C.[.[.[/] - [log,173] - Initializing Spring embedded WebApplicationContext
14:25:02.567 [restartedMain] INFO  o.m.driver.cluster - [info,71] - Cluster created with settings {hosts=[localhost:27017], mode=SINGLE, requiredClusterType=UNKNOWN, serverSelectionTimeout='30000 ms', maxWaitQueueSize=500}
14:25:02.599 [cluster-ClusterId{value='6104ecbef0813e78d563272a', description='null'}-localhost:27017] INFO  o.m.driver.cluster - [info,76] - Exception in monitor thread while connecting to server localhost:27017
com.mongodb.MongoSocketOpenException: Exception opening socket
	at com.mongodb.internal.connection.SocketStream.open(SocketStream.java:67)
	at com.mongodb.internal.connection.InternalStreamConnection.open(InternalStreamConnection.java:126)
	at com.mongodb.internal.connection.DefaultServerMonitor$ServerMonitorRunnable.run(DefaultServerMonitor.java:117)
	at java.lang.Thread.run(Thread.java:748)
Caused by: java.net.ConnectException: Connection refused (Connection refused)
	at java.net.PlainSocketImpl.socketConnect(Native Method)
	at java.net.AbstractPlainSocketImpl.doConnect(AbstractPlainSocketImpl.java:350)
	at java.net.AbstractPlainSocketImpl.connectToAddress(AbstractPlainSocketImpl.java:206)
	at java.net.AbstractPlainSocketImpl.connect(AbstractPlainSocketImpl.java:188)
	at java.net.SocksSocketImpl.connect(SocksSocketImpl.java:392)
	at java.net.Socket.connect(Socket.java:606)
	at com.mongodb.internal.connection.SocketStreamHelper.initialize(SocketStreamHelper.java:64)
	at com.mongodb.internal.connection.SocketStream.open(SocketStream.java:62)
	... 3 common frames omitted
14:25:06.213 [restartedMain] INFO  c.a.d.p.DruidDataSource - [init,991] - {dataSource-1} inited
14:25:06.438 [restartedMain] INFO  i.l.c.EpollProvider - [<clinit>,68] - Starting without optional epoll library
14:25:06.775 [restartedMain] INFO  i.l.c.KqueueProvider - [<clinit>,66] - Starting with kqueue library
14:25:08.203 [restartedMain] INFO  o.q.i.StdSchedulerFactory - [instantiate,1208] - Using default implementation for ThreadExecutor
14:25:08.214 [restartedMain] INFO  o.q.c.SchedulerSignalerImpl - [<init>,61] - Initialized Scheduler Signaller of type: class org.quartz.core.SchedulerSignalerImpl
14:25:08.214 [restartedMain] INFO  o.q.c.QuartzScheduler - [<init>,229] - Quartz Scheduler v.2.3.1 created.
14:25:08.222 [restartedMain] INFO  o.q.c.QuartzScheduler - [initialize,294] - Scheduler meta-data: Quartz Scheduler (v2.3.1) 'CCScheduler' with instanceId 'ShidiandeMac-mini.local1627712708205'
  Scheduler class: 'org.quartz.core.QuartzScheduler' - running locally.
  NOT STARTED.
  Currently in standby mode.
  Number of jobs executed: 0
  Using thread pool 'org.quartz.simpl.SimpleThreadPool' - with 20 threads.
  Using job-store 'org.springframework.scheduling.quartz.LocalDataSourceJobStore' - which supports persistence. and is clustered.

14:25:08.222 [restartedMain] INFO  o.q.i.StdSchedulerFactory - [instantiate,1362] - Quartz scheduler 'CCScheduler' initialized from an externally provided properties instance.
14:25:08.222 [restartedMain] INFO  o.q.i.StdSchedulerFactory - [instantiate,1366] - Quartz scheduler version: 2.3.1
14:25:08.224 [restartedMain] INFO  o.q.c.QuartzScheduler - [setJobFactory,2293] - JobFactory set to: org.springframework.scheduling.quartz.AdaptableJobFactory@1a6fe6c7
14:25:08.700 [restartedMain] INFO  o.q.c.QuartzScheduler - [shutdown,666] - Scheduler CCScheduler_$_ShidiandeMac-mini.local1627712708205 shutting down.
14:25:08.701 [restartedMain] INFO  o.q.c.QuartzScheduler - [standby,585] - Scheduler CCScheduler_$_ShidiandeMac-mini.local1627712708205 paused.
14:25:08.701 [restartedMain] INFO  o.q.c.QuartzScheduler - [shutdown,740] - Scheduler CCScheduler_$_ShidiandeMac-mini.local1627712708205 shutdown complete.
14:25:08.701 [restartedMain] INFO  sys-user - [shutdownAsyncManager,31] - ====关闭后台任务任务线程池====
14:25:08.709 [restartedMain] INFO  c.a.d.p.DruidDataSource - [close,1928] - {dataSource-1} closed
14:25:09.836 [restartedMain] INFO  o.a.c.c.StandardService - [log,173] - Stopping service [Tomcat]
14:25:43.359 [restartedMain] INFO  c.r.CCApplication - [logStarting,50] - Starting CCApplication on ShidiandeMac-mini.local with PID 30962 (/Users/ann/Desktop/Work/PZKJ/rocki/rocki-backend-server/rocki-admin/target/classes started by ann in /Users/ann/Desktop/Work/PZKJ/rocki/rocki-backend-server)
14:25:43.377 [restartedMain] INFO  c.r.CCApplication - [logStartupProfileInfo,679] - The following profiles are active: dev
14:25:46.907 [restartedMain] INFO  o.a.c.h.Http11NioProtocol - [log,173] - Initializing ProtocolHandler ["http-nio-8080"]
14:25:46.913 [restartedMain] INFO  o.a.c.c.StandardService - [log,173] - Starting service [Tomcat]
14:25:46.914 [restartedMain] INFO  o.a.c.c.StandardEngine - [log,173] - Starting Servlet engine: [Apache Tomcat/9.0.19]
14:25:47.006 [restartedMain] INFO  o.a.c.c.C.[.[.[/] - [log,173] - Initializing Spring embedded WebApplicationContext
14:25:47.627 [restartedMain] INFO  o.m.driver.cluster - [info,71] - Cluster created with settings {hosts=[localhost:27017], mode=SINGLE, requiredClusterType=UNKNOWN, serverSelectionTimeout='30000 ms', maxWaitQueueSize=500}
14:25:47.656 [cluster-ClusterId{value='6104ecebf0813e78f258313f', description='null'}-localhost:27017] INFO  o.m.driver.cluster - [info,76] - Exception in monitor thread while connecting to server localhost:27017
com.mongodb.MongoSocketOpenException: Exception opening socket
	at com.mongodb.internal.connection.SocketStream.open(SocketStream.java:67)
	at com.mongodb.internal.connection.InternalStreamConnection.open(InternalStreamConnection.java:126)
	at com.mongodb.internal.connection.DefaultServerMonitor$ServerMonitorRunnable.run(DefaultServerMonitor.java:117)
	at java.lang.Thread.run(Thread.java:748)
Caused by: java.net.ConnectException: Connection refused (Connection refused)
	at java.net.PlainSocketImpl.socketConnect(Native Method)
	at java.net.AbstractPlainSocketImpl.doConnect(AbstractPlainSocketImpl.java:350)
	at java.net.AbstractPlainSocketImpl.connectToAddress(AbstractPlainSocketImpl.java:206)
	at java.net.AbstractPlainSocketImpl.connect(AbstractPlainSocketImpl.java:188)
	at java.net.SocksSocketImpl.connect(SocksSocketImpl.java:392)
	at java.net.Socket.connect(Socket.java:606)
	at com.mongodb.internal.connection.SocketStreamHelper.initialize(SocketStreamHelper.java:64)
	at com.mongodb.internal.connection.SocketStream.open(SocketStream.java:62)
	... 3 common frames omitted
14:25:51.589 [restartedMain] INFO  c.a.d.p.DruidDataSource - [init,991] - {dataSource-1} inited
14:25:51.784 [restartedMain] INFO  i.l.c.EpollProvider - [<clinit>,68] - Starting without optional epoll library
14:25:52.155 [restartedMain] INFO  i.l.c.KqueueProvider - [<clinit>,66] - Starting with kqueue library
14:25:53.599 [restartedMain] INFO  o.q.i.StdSchedulerFactory - [instantiate,1208] - Using default implementation for ThreadExecutor
14:25:53.618 [restartedMain] INFO  o.q.c.SchedulerSignalerImpl - [<init>,61] - Initialized Scheduler Signaller of type: class org.quartz.core.SchedulerSignalerImpl
14:25:53.618 [restartedMain] INFO  o.q.c.QuartzScheduler - [<init>,229] - Quartz Scheduler v.2.3.1 created.
14:25:53.624 [restartedMain] INFO  o.q.c.QuartzScheduler - [initialize,294] - Scheduler meta-data: Quartz Scheduler (v2.3.1) 'CCScheduler' with instanceId 'ShidiandeMac-mini.local1627712753601'
  Scheduler class: 'org.quartz.core.QuartzScheduler' - running locally.
  NOT STARTED.
  Currently in standby mode.
  Number of jobs executed: 0
  Using thread pool 'org.quartz.simpl.SimpleThreadPool' - with 20 threads.
  Using job-store 'org.springframework.scheduling.quartz.LocalDataSourceJobStore' - which supports persistence. and is clustered.

14:25:53.624 [restartedMain] INFO  o.q.i.StdSchedulerFactory - [instantiate,1362] - Quartz scheduler 'CCScheduler' initialized from an externally provided properties instance.
14:25:53.624 [restartedMain] INFO  o.q.i.StdSchedulerFactory - [instantiate,1366] - Quartz scheduler version: 2.3.1
14:25:53.626 [restartedMain] INFO  o.q.c.QuartzScheduler - [setJobFactory,2293] - JobFactory set to: org.springframework.scheduling.quartz.AdaptableJobFactory@407c0c00
14:25:55.450 [restartedMain] INFO  s.d.s.w.PropertySourcedRequestMappingHandlerMapping - [initHandlerMethods,69] - Mapped URL path [/v2/api-docs] onto method [public org.springframework.http.ResponseEntity<springfox.documentation.spring.web.json.Json> springfox.documentation.swagger2.web.Swagger2Controller.getDocumentation(java.lang.String,javax.servlet.http.HttpServletRequest)]
14:25:56.098 [restartedMain] INFO  org.redisson.Version - [logVersion,41] - Redisson 3.9.1
14:25:56.274 [redisson-netty-5-6] INFO  o.r.c.p.MasterPubSubConnectionPool - [operationComplete,168] - 1 connections initialized for localhost/127.0.0.1:6379
14:25:56.276 [redisson-netty-5-6] INFO  o.r.c.p.MasterConnectionPool - [operationComplete,168] - 32 connections initialized for localhost/127.0.0.1:6379
14:25:57.064 [restartedMain] INFO  s.d.s.w.p.DocumentationPluginsBootstrapper - [start,160] - Context refreshed
14:25:57.073 [restartedMain] INFO  s.d.s.w.p.DocumentationPluginsBootstrapper - [start,163] - Found 1 custom documentation plugin(s)
14:25:57.131 [restartedMain] INFO  s.d.s.w.s.ApiListingReferenceScanner - [scan,41] - Scanning for api listing references
14:25:57.251 [restartedMain] INFO  o.a.c.h.Http11NioProtocol - [log,173] - Starting ProtocolHandler ["http-nio-8080"]
14:25:57.272 [restartedMain] INFO  c.r.CCApplication - [logStarted,59] - Started CCApplication in 14.366 seconds (JVM running for 15.016)
14:25:57.753 [RMI TCP Connection(4)-192.168.1.40] INFO  o.a.c.c.C.[.[.[/] - [log,173] - Initializing Spring DispatcherServlet 'dispatcherServlet'
14:25:57.762 [RMI TCP Connection(5)-192.168.1.40] INFO  o.m.driver.cluster - [info,71] - Cluster description not yet available. Waiting for 30000 ms before timing out
14:25:58.386 [Quartz Scheduler [CCScheduler]] INFO  o.q.c.QuartzScheduler - [start,547] - Scheduler CCScheduler_$_ShidiandeMac-mini.local1627712753601 started.
14:26:12.322 [schedule-pool-2] INFO  o.m.driver.cluster - [info,71] - Cluster description not yet available. Waiting for 30000 ms before timing out
14:26:28.882 [schedule-pool-1] INFO  sys-user - [run,53] - [127.0.0.1]内网IP[admin][Success][登录成功]
14:26:47.344 [schedule-pool-5] INFO  o.m.driver.cluster - [info,71] - Cluster description not yet available. Waiting for 30000 ms before timing out
14:27:13.286 [CCScheduler_Worker-1] INFO  c.r.q.t.AutomaticArrivalTask - [checkBlockTransaction,77] - replay block from 11471822 to 11471826
14:27:22.354 [schedule-pool-7] INFO  o.m.driver.cluster - [info,71] - Cluster description not yet available. Waiting for 30000 ms before timing out
14:27:57.363 [schedule-pool-1] INFO  o.m.driver.cluster - [info,71] - Cluster description not yet available. Waiting for 30000 ms before timing out
14:28:32.370 [schedule-pool-8] INFO  o.m.driver.cluster - [info,71] - Cluster description not yet available. Waiting for 30000 ms before timing out
14:29:07.377 [schedule-pool-18] INFO  o.m.driver.cluster - [info,71] - Cluster description not yet available. Waiting for 30000 ms before timing out
14:29:42.389 [schedule-pool-23] INFO  o.m.driver.cluster - [info,71] - Cluster description not yet available. Waiting for 30000 ms before timing out
14:29:43.862 [Thread-33] INFO  sys-user - [shutdownAsyncManager,31] - ====关闭后台任务任务线程池====
14:29:44.235 [Thread-33] INFO  c.a.d.p.DruidDataSource - [close,1928] - {dataSource-1} closed
14:30:10.914 [Thread-44] INFO  o.q.c.QuartzScheduler - [standby,585] - Scheduler CCScheduler_$_ShidiandeMac-mini.local1627712753601 paused.
14:30:10.970 [Thread-44] INFO  o.q.c.QuartzScheduler - [shutdown,666] - Scheduler CCScheduler_$_ShidiandeMac-mini.local1627712753601 shutting down.
14:30:10.970 [Thread-44] INFO  o.q.c.QuartzScheduler - [standby,585] - Scheduler CCScheduler_$_ShidiandeMac-mini.local1627712753601 paused.
14:30:10.971 [Thread-44] INFO  o.q.c.QuartzScheduler - [shutdown,740] - Scheduler CCScheduler_$_ShidiandeMac-mini.local1627712753601 shutdown complete.
14:30:10.971 [Thread-44] INFO  sys-user - [shutdownAsyncManager,31] - ====关闭后台任务任务线程池====
14:30:10.985 [Thread-44] INFO  c.a.d.p.DruidDataSource - [close,1928] - {dataSource-1} closed
